#
# A fatal error has been detected by the Java Runtime Environment:
#
#  SIGSEGV (0xb) at pc=0x0000000000000000, pid=37257, tid=0x000000000000d203
#
# JRE version: Java(TM) SE Runtime Environment (8.0_121-b13) (build 1.8.0_121-b13)
# Java VM: Java HotSpot(TM) 64-Bit Server VM (25.121-b13 mixed mode bsd-amd64 compressed oops)
# Problematic frame:
# C  0x0000000000000000
#
# Failed to write core dump. Core dumps have been disabled. To enable core dumping, try "ulimit -c unlimited" before starting Java again
#
# If you would like to submit a bug report, please visit:
#   http://bugreport.java.com/bugreport/crash.jsp
# The crash happened outside the Java Virtual Machine in native code.
# See problematic frame for where to report the bug.
#

---------------  T H R E A D  ---------------

Current thread (0x00007fc00d1df800):  JavaThread "LWJGL Application" [_thread_in_native, id=53763, stack(0x000070000b732000,0x000070000b832000)]

siginfo: si_signo: 11 (SIGSEGV), si_code: 1 (SEGV_MAPERR), si_addr: 0x0000000000000000

Registers:
RAX=0x00007fc00caf3a40, RBX=0x00007fc00caf2000, RCX=0x0000000000000000, RDX=0x00007fc00caf2040
RSP=0x000070000b8314f8, RBP=0x000070000b831510, RSI=0x00007fc00dbe3400, RDI=0x00007fc00caf2000
R8 =0x00007fc00d1df800, R9 =0x00007fc00d1df800, R10=0x0000000117c719c8, R11=0x000000010b358067
R12=0x00007fc00ca6abc0, R13=0x0000000129afa9e8, R14=0x00007fc00dbe3400, R15=0x00007fc00d1df800
RIP=0x0000000000000000, EFLAGS=0x0000000000010283, ERR=0x0000000000000014
  TRAPNO=0x000000000000000e

Top of Stack: (sp=0x000070000b8314f8)
0x000070000b8314f8:   0000000129cd85d3 00007fc00ca6aa40
0x000070000b831508:   00007fc00dbe3400 000070000b831540
0x000070000b831518:   0000000129ce521d 00007fc00dbe3400
0x000070000b831528:   0000000000000000 00007fc00caf2000
0x000070000b831538:   00007fc00d1df800 000070000b831590
0x000070000b831548:   0000000129ceb022 0000000129cf9db8
0x000070000b831558:   00007fc00d1df9f8 000070000b831648
0x000070000b831568:   0000000129cf9df8 00007fc00d1df9f8
0x000070000b831578:   000070000b831648 0000000129afa9e8
0x000070000b831588:   000070000b831648 000070000b831608
0x000070000b831598:   0000000117c719f4 0000000000000000
0x000070000b8315a8:   0000000000000109 0000000000000109
0x000070000b8315b8:   00000007962a6db8 00007fc00caf2000
0x000070000b8315c8:   000070000b8315c8 0000000000000000
0x000070000b8315d8:   000070000b831648 0000000129b0ad48
0x000070000b8315e8:   0000000000000000 0000000129afa9e8
0x000070000b8315f8:   0000000000000000 000070000b831628
0x000070000b831608:   000070000b831690 0000000117c622bd
0x000070000b831618:   0000000000000000 0000000117c6b538
0x000070000b831628:   00007fc00caf2000 000000079627d6e8
0x000070000b831638:   00007fc00dbe3400 00000007962a5c38
0x000070000b831648:   00000007958f80e0 000070000b831650
0x000070000b831658:   0000000129afa938 000070000b8316a8
0x000070000b831668:   0000000129b0ad48 0000000000000000
0x000070000b831678:   0000000129afa960 000070000b831628
0x000070000b831688:   000070000b8316a0 000070000b8316f0
0x000070000b831698:   0000000117c622bd 000000079629ef30
0x000070000b8316a8:   00000007958f80e0 000070000b8316b0
0x000070000b8316b8:   0000000129aead67 000070000b831718
0x000070000b8316c8:   0000000129bf9af0 0000000000000000
0x000070000b8316d8:   0000000129aeade0 000070000b8316a0
0x000070000b8316e8:   000070000b831710 000070000b831760 

Instructions: (pc=0x0000000000000000)
0xffffffffffffffe0:   

Register to memory mapping:

RAX=0x00007fc00caf3a40 is an unknown value
RBX=0x00007fc00caf2000 is an unknown value
RCX=0x0000000000000000 is an unknown value
RDX=0x00007fc00caf2040 is an unknown value
RSP=0x000070000b8314f8 is pointing into the stack for thread: 0x00007fc00d1df800
RBP=0x000070000b831510 is pointing into the stack for thread: 0x00007fc00d1df800
RSI=0x00007fc00dbe3400 is an unknown value
RDI=0x00007fc00caf2000 is an unknown value
R8 =0x00007fc00d1df800 is a thread
R9 =0x00007fc00d1df800 is a thread
R10=0x0000000117c719c8 is at code_begin+808 in an Interpreter codelet
method entry point (kind = native)  [0x0000000117c716a0, 0x0000000117c71fa0]  2304 bytes
R11=0x000000010b358067: throw_unsatisfied_link_error+0 in /Library/Java/JavaVirtualMachines/jdk1.8.0_121.jdk/Contents/Home/jre/lib/server/libjvm.dylib at 0x000000010ae74000
R12=0x00007fc00ca6abc0 is an unknown value
R13={method} {0x0000000129afa9e8} 'jniDestroyJoint' '(JJ)V' in 'com/badlogic/gdx/physics/box2d/World'
R14=0x00007fc00dbe3400 is an unknown value
R15=0x00007fc00d1df800 is a thread


Stack: [0x000070000b732000,0x000070000b832000],  sp=0x000070000b8314f8,  free space=1021k
Java frames: (J=compiled Java code, j=interpreted, Vv=VM code)
j  com.badlogic.gdx.physics.box2d.World.jniDestroyJoint(JJ)V+0
j  com.badlogic.gdx.physics.box2d.World.destroyJoint(Lcom/badlogic/gdx/physics/box2d/Joint;)V+64
j  edu.cornell.gdiac.physics.obstacle.ComplexObstacle.deactivatePhysics(Lcom/badlogic/gdx/physics/box2d/World;)V+39
j  edu.cornell.gdiac.physics.platform.RopeBridge.deactivatePhysics(Lcom/badlogic/gdx/physics/box2d/World;)V+2
j  edu.cornell.gdiac.physics.WorldController.dispose()V+32
j  edu.cornell.gdiac.physics.GDXRoot.dispose()V+35
j  com.badlogic.gdx.backends.lwjgl.LwjglApplication.mainLoop()V+846
j  com.badlogic.gdx.backends.lwjgl.LwjglApplication$1.run()V+27
v  ~StubRoutines::call_stub

---------------  P R O C E S S  ---------------

Java Threads: ( => current thread )
  0x00007fc00ca4e000 JavaThread "AWT-Shutdown" [_thread_blocked, id=26631, stack(0x000070000b423000,0x000070000b523000)]
  0x00007fc00d251000 JavaThread "AsynchExecutor-Thread" daemon [_thread_blocked, id=57931, stack(0x000070000b938000,0x000070000ba38000)]
  0x00007fc00c9fd000 JavaThread "Attach Listener" daemon [_thread_blocked, id=55371, stack(0x000070000b835000,0x000070000b935000)]
  0x00007fc00e166800 JavaThread "DestroyJavaVM" [_thread_blocked, id=6147, stack(0x000070000a3f0000,0x000070000a4f0000)]
=>0x00007fc00d1df800 JavaThread "LWJGL Application" [_thread_in_native, id=53763, stack(0x000070000b732000,0x000070000b832000)]
  0x00007fc00da26000 JavaThread "AppKit Thread" daemon [_thread_in_native, id=775, stack(0x00007ffee45c5000,0x00007ffee4dc5000)]
  0x00007fc00e043800 JavaThread "Service Thread" daemon [_thread_blocked, id=15107, stack(0x000070000b117000,0x000070000b217000)]
  0x00007fc00c8ae000 JavaThread "C1 CompilerThread2" daemon [_thread_blocked, id=14595, stack(0x000070000b014000,0x000070000b114000)]
  0x00007fc00d013800 JavaThread "C2 CompilerThread1" daemon [_thread_blocked, id=18435, stack(0x000070000af11000,0x000070000b011000)]
  0x00007fc00e042800 JavaThread "C2 CompilerThread0" daemon [_thread_blocked, id=18691, stack(0x000070000ae0e000,0x000070000af0e000)]
  0x00007fc00e006800 JavaThread "Monitor Ctrl-Break" daemon [_thread_in_native, id=18947, stack(0x000070000ad0b000,0x000070000ae0b000)]
  0x00007fc00c815800 JavaThread "Signal Dispatcher" daemon [_thread_blocked, id=19207, stack(0x000070000ac08000,0x000070000ad08000)]
  0x00007fc00e001000 JavaThread "Finalizer" daemon [_thread_blocked, id=20995, stack(0x000070000ab05000,0x000070000ac05000)]
  0x00007fc00d031800 JavaThread "Reference Handler" daemon [_thread_blocked, id=11779, stack(0x000070000aa02000,0x000070000ab02000)]

Other Threads:
  0x00007fc00d02c800 VMThread [stack: 0x000070000a8ff000,0x000070000a9ff000] [id=11267]
  0x00007fc00e007800 WatcherThread [stack: 0x000070000b21a000,0x000070000b31a000] [id=17667]

VM state:not at safepoint (normal execution)

VM Mutex/Monitor currently owned by a thread: None

Heap:
 PSYoungGen      total 38400K, used 19849K [0x0000000795580000, 0x0000000798000000, 0x00000007c0000000)
  eden space 33280K, 44% used [0x0000000795580000,0x00000007963fcc68,0x0000000797600000)
  from space 5120K, 97% used [0x0000000797600000,0x0000000797ae58a0,0x0000000797b00000)
  to   space 5120K, 0% used [0x0000000797b00000,0x0000000797b00000,0x0000000798000000)
 ParOldGen       total 87552K, used 16K [0x0000000740000000, 0x0000000745580000, 0x0000000795580000)
  object space 87552K, 0% used [0x0000000740000000,0x0000000740004000,0x0000000745580000)
 Metaspace       used 10535K, capacity 10731K, committed 10880K, reserved 1058816K
  class space    used 1042K, capacity 1116K, committed 1152K, reserved 1048576K

Card table byte_map: [0x000000010cbc0000,0x000000010cfc1000] byte_map_base: 0x00000001091c0000

Marking Bits: (ParMarkBitMap*) 0x000000010b764d30
 Begin Bits: [0x000000010d26c000, 0x000000010f26c000)
 End Bits:   [0x000000010f26c000, 0x000000011126c000)

Polling page: 0x000000010be59000

CodeCache: size=245760Kb used=4642Kb max_used=4653Kb free=241117Kb
 bounds [0x0000000117c5a000, 0x00000001180ea000, 0x0000000126c5a000]
 total_blobs=1647 nmethods=1151 adapters=410
 compilation: enabled

Compilation events (10 events):
Event: 5.722 Thread 0x00007fc00c8ae000 1148   !   3       org.lwjgl.opengl.MacOSXDisplay::isCloseRequested (26 bytes)
Event: 5.722 Thread 0x00007fc00c8ae000 nmethod 1148 0x00000001180e4850 code [0x00000001180e49c0, 0x00000001180e4cb0]
Event: 5.722 Thread 0x00007fc00c8ae000 1149       3       com.badlogic.gdx.backends.lwjgl.LwjglInput::update (13 bytes)
Event: 5.722 Thread 0x00007fc00c8ae000 nmethod 1149 0x00000001180e41d0 code [0x00000001180e4380, 0x00000001180e4778]
Event: 5.722 Thread 0x00007fc00c8ae000 1150       3       org.lwjgl.opengl.Display::sync (5 bytes)
Event: 5.722 Thread 0x00007fc00c8ae000 nmethod 1150 0x00000001180e3e50 code [0x00000001180e3fc0, 0x00000001180e4128]
Event: 5.737 Thread 0x00007fc00c8ae000 1151       3       org.lwjgl.opengl.Display::wasResized (4 bytes)
Event: 5.737 Thread 0x00007fc00c8ae000 nmethod 1151 0x00000001180e3b50 code [0x00000001180e3ca0, 0x00000001180e3df0]
Event: 5.754 Thread 0x00007fc00e042800 1152       4       org.lwjgl.opengl.Sync$RunningAvg::add (38 bytes)
Event: 5.755 Thread 0x00007fc00e042800 nmethod 1152 0x00000001180e3810 code [0x00000001180e3960, 0x00000001180e3a58]

GC Heap History (2 events):
Event: 1.810 GC heap before
{Heap before GC invocations=1 (full 0):
 PSYoungGen      total 38400K, used 33047K [0x0000000795580000, 0x0000000798000000, 0x00000007c0000000)
  eden space 33280K, 99% used [0x0000000795580000,0x00000007975c5cc0,0x0000000797600000)
  from space 5120K, 0% used [0x0000000797b00000,0x0000000797b00000,0x0000000798000000)
  to   space 5120K, 0% used [0x0000000797600000,0x0000000797600000,0x0000000797b00000)
 ParOldGen       total 87552K, used 0K [0x0000000740000000, 0x0000000745580000, 0x0000000795580000)
  object space 87552K, 0% used [0x0000000740000000,0x0000000740000000,0x0000000745580000)
 Metaspace       used 10149K, capacity 10315K, committed 10624K, reserved 1058816K
  class space    used 1015K, capacity 1084K, committed 1152K, reserved 1048576K
Event: 1.818 GC heap after
Heap after GC invocations=1 (full 0):
 PSYoungGen      total 38400K, used 5014K [0x0000000795580000, 0x0000000798000000, 0x00000007c0000000)
  eden space 33280K, 0% used [0x0000000795580000,0x0000000795580000,0x0000000797600000)
  from space 5120K, 97% used [0x0000000797600000,0x0000000797ae58a0,0x0000000797b00000)
  to   space 5120K, 0% used [0x0000000797b00000,0x0000000797b00000,0x0000000798000000)
 ParOldGen       total 87552K, used 16K [0x0000000740000000, 0x0000000745580000, 0x0000000795580000)
  object space 87552K, 0% used [0x0000000740000000,0x0000000740004000,0x0000000745580000)
 Metaspace       used 10149K, capacity 10315K, committed 10624K, reserved 1058816K
  class space    used 1015K, capacity 1084K, committed 1152K, reserved 1048576K
}

Deoptimization events (8 events):
Event: 0.371 Thread 0x00007fc00c80b000 Uncommon trap: reason=unstable_if action=reinterpret pc=0x0000000117dab578 method=java.lang.String.indexOf([CII[CIII)I @ 134
Event: 0.372 Thread 0x00007fc00c80b000 Uncommon trap: reason=unstable_if action=reinterpret pc=0x0000000117db375c method=java.lang.String.indexOf([CII[CIII)I @ 123
Event: 0.373 Thread 0x00007fc00c80b000 Uncommon trap: reason=unstable_if action=reinterpret pc=0x0000000117de7d54 method=sun.misc.URLClassPath.getLoader(I)Lsun/misc/URLClassPath$Loader; @ 36
Event: 0.374 Thread 0x00007fc00c80b000 Uncommon trap: reason=unstable_if action=reinterpret pc=0x0000000117debfbc method=sun.misc.URLClassPath.getLoader(I)Lsun/misc/URLClassPath$Loader; @ 36
Event: 1.498 Thread 0x00007fc00d251000 Uncommon trap: reason=unstable_if action=reinterpret pc=0x0000000117f7f164 method=javazoom.jl.decoder.huffcodetab.huffman_decoder(Ljavazoom/jl/decoder/huffcodetab;[I[I[I[ILjavazoom/jl/decoder/BitReserve;)I @ 27
Event: 1.551 Thread 0x00007fc00d1df800 Uncommon trap: reason=unstable_if action=reinterpret pc=0x0000000117e170c4 method=java.lang.String.replace(CC)Ljava/lang/String; @ 26
Event: 1.956 Thread 0x00007fc00d251000 Uncommon trap: reason=unstable_if action=reinterpret pc=0x0000000117fb70f0 method=javazoom.jl.decoder.LayerIIIDecoder.hybrid(II)V @ 32
Event: 2.074 Thread 0x00007fc00d251000 Uncommon trap: reason=unstable_if action=reinterpret pc=0x0000000118020318 method=javazoom.jl.decoder.LayerIIIDecoder.antialias(II)V @ 21

Internal exceptions (10 events):
Event: 0.507 Thread 0x00007fc00c80b000 Exception <a 'java/lang/NoSuchFieldError': method resolution failed> (0x00000007960dd270) thrown at [/Users/java_re/workspace/8-2-build-macosx-x86_64/jdk8u121/8372/hotspot/src/share/vm/prims/methodHandles.cpp, line 1146]
Event: 0.509 Thread 0x00007fc00c80b000 Exception <a 'java/lang/NoSuchFieldError': method resolution failed> (0x00000007960eb200) thrown at [/Users/java_re/workspace/8-2-build-macosx-x86_64/jdk8u121/8372/hotspot/src/share/vm/prims/methodHandles.cpp, line 1146]
Event: 0.756 Thread 0x00007fc00c80b000 Exception <a 'java/io/FileNotFoundException'> (0x000000079618df80) thrown at [/Users/java_re/workspace/8-2-build-macosx-x86_64/jdk8u121/8372/hotspot/src/share/vm/prims/jni.cpp, line 709]
Event: 0.756 Thread 0x00007fc00c80b000 Exception <a 'java/io/FileNotFoundException'> (0x000000079618eb30) thrown at [/Users/java_re/workspace/8-2-build-macosx-x86_64/jdk8u121/8372/hotspot/src/share/vm/prims/jni.cpp, line 709]
Event: 0.776 Thread 0x00007fc00c80b000 Exception <a 'java/security/PrivilegedActionException'> (0x00000007961d9fb8) thrown at [/Users/java_re/workspace/8-2-build-macosx-x86_64/jdk8u121/8372/hotspot/src/share/vm/prims/jvm.cpp, line 1390]
Event: 0.776 Thread 0x00007fc00c80b000 Exception <a 'java/security/PrivilegedActionException'> (0x00000007961dbba0) thrown at [/Users/java_re/workspace/8-2-build-macosx-x86_64/jdk8u121/8372/hotspot/src/share/vm/prims/jvm.cpp, line 1390]
Event: 0.776 Thread 0x00007fc00c80b000 Exception <a 'java/security/PrivilegedActionException'> (0x00000007961dccc0) thrown at [/Users/java_re/workspace/8-2-build-macosx-x86_64/jdk8u121/8372/hotspot/src/share/vm/prims/jvm.cpp, line 1390]
Event: 0.777 Thread 0x00007fc00c80b000 Exception <a 'java/security/PrivilegedActionException'> (0x00000007961e21b8) thrown at [/Users/java_re/workspace/8-2-build-macosx-x86_64/jdk8u121/8372/hotspot/src/share/vm/prims/jvm.cpp, line 1390]
Event: 0.777 Thread 0x00007fc00c80b000 Exception <a 'java/security/PrivilegedActionException'> (0x00000007961e2e10) thrown at [/Users/java_re/workspace/8-2-build-macosx-x86_64/jdk8u121/8372/hotspot/src/share/vm/prims/jvm.cpp, line 1390]
Event: 0.777 Thread 0x00007fc00c80b000 Exception <a 'java/security/PrivilegedActionException'> (0x00000007961e3a38) thrown at [/Users/java_re/workspace/8-2-build-macosx-x86_64/jdk8u121/8372/hotspot/src/share/vm/prims/jvm.cpp, line 1390]

Events (10 events):
Event: 4.044 loading class java/util/HashMap$KeySet
Event: 4.044 loading class java/util/HashMap$KeySet done
Event: 4.044 loading class java/util/HashMap$KeyIterator
Event: 4.044 loading class java/util/HashMap$KeyIterator done
Event: 4.044 Thread 0x00007fc00e123800 Thread exited: 0x00007fc00e123800
Event: 4.175 Thread 0x00007fc00ca4e000 Thread added: 0x00007fc00ca4e000
Event: 4.279 Executing VM operation: EnableBiasedLocking
Event: 4.279 Executing VM operation: EnableBiasedLocking done
Event: 5.870 loading class com/badlogic/gdx/backends/lwjgl/LwjglApplication$2
Event: 5.870 loading class com/badlogic/gdx/backends/lwjgl/LwjglApplication$2 done


Dynamic libraries:
0x000000001132c000 	/System/Library/Frameworks/Cocoa.framework/Versions/A/Cocoa
0x000000001132c000 	/System/Library/Frameworks/Security.framework/Versions/A/Security
0x000000001132c000 	/System/Library/Frameworks/ApplicationServices.framework/Versions/A/ApplicationServices
0x000000001132c000 	/usr/lib/libz.1.dylib
0x000000001132c000 	/usr/lib/libSystem.B.dylib
0x000000001132c000 	/usr/lib/libobjc.A.dylib
0x000000001132c000 	/System/Library/Frameworks/CoreFoundation.framework/Versions/A/CoreFoundation
0x000000001132c000 	/System/Library/Frameworks/Foundation.framework/Versions/C/Foundation
0x000000001132c000 	/System/Library/Frameworks/AppKit.framework/Versions/C/AppKit
0x000000001132c000 	/System/Library/Frameworks/CoreData.framework/Versions/A/CoreData
0x000000001132c000 	/System/Library/PrivateFrameworks/RemoteViewServices.framework/Versions/A/RemoteViewServices
0x000000001132c000 	/System/Library/PrivateFrameworks/UIFoundation.framework/Versions/A/UIFoundation
0x000000001132c000 	/System/Library/PrivateFrameworks/DFRFoundation.framework/Versions/A/DFRFoundation
0x000000001132c000 	/System/Library/Frameworks/Metal.framework/Versions/A/Metal
0x000000001132c000 	/System/Library/PrivateFrameworks/DesktopServicesPriv.framework/Versions/A/DesktopServicesPriv
0x000000001132c000 	/usr/lib/libenergytrace.dylib
0x000000001132c000 	/System/Library/PrivateFrameworks/SkyLight.framework/Versions/A/SkyLight
0x000000001132c000 	/System/Library/Frameworks/CoreGraphics.framework/Versions/A/CoreGraphics
0x000000001132c000 	/usr/lib/libScreenReader.dylib
0x000000001132c000 	/System/Library/Frameworks/Accelerate.framework/Versions/A/Accelerate
0x000000001132c000 	/System/Library/Frameworks/IOSurface.framework/Versions/A/IOSurface
0x000000001132c000 	/System/Library/Frameworks/AudioToolbox.framework/Versions/A/AudioToolbox
0x000000001132c000 	/System/Library/Frameworks/AudioUnit.framework/Versions/A/AudioUnit
0x000000001132c000 	/System/Library/PrivateFrameworks/DataDetectorsCore.framework/Versions/A/DataDetectorsCore
0x000000001132c000 	/System/Library/Frameworks/Carbon.framework/Versions/A/Frameworks/HIToolbox.framework/Versions/A/HIToolbox
0x000000001132c000 	/usr/lib/libicucore.A.dylib
0x000000001132c000 	/System/Library/Frameworks/QuartzCore.framework/Versions/A/QuartzCore
0x000000001132c000 	/System/Library/Frameworks/Carbon.framework/Versions/A/Frameworks/SpeechRecognition.framework/Versions/A/SpeechRecognition
0x000000001132c000 	/usr/lib/libauto.dylib
0x000000001132c000 	/usr/lib/libxml2.2.dylib
0x000000001132c000 	/System/Library/PrivateFrameworks/CoreUI.framework/Versions/A/CoreUI
0x000000001132c000 	/System/Library/Frameworks/CoreAudio.framework/Versions/A/CoreAudio
0x000000001132c000 	/System/Library/Frameworks/DiskArbitration.framework/Versions/A/DiskArbitration
0x000000001132c000 	/usr/lib/liblangid.dylib
0x000000001132c000 	/System/Library/PrivateFrameworks/MultitouchSupport.framework/Versions/A/MultitouchSupport
0x000000001132c000 	/System/Library/Frameworks/IOKit.framework/Versions/A/IOKit
0x000000001132c000 	/usr/lib/libDiagnosticMessagesClient.dylib
0x000000001132c000 	/System/Library/Frameworks/CoreServices.framework/Versions/A/CoreServices
0x000000001132c000 	/System/Library/PrivateFrameworks/PerformanceAnalysis.framework/Versions/A/PerformanceAnalysis
0x000000001132c000 	/System/Library/Frameworks/OpenGL.framework/Versions/A/OpenGL
0x000000001132c000 	/System/Library/Frameworks/ColorSync.framework/Versions/A/ColorSync
0x000000001132c000 	/System/Library/Frameworks/CoreImage.framework/Versions/A/CoreImage
0x000000001132c000 	/System/Library/Frameworks/CoreText.framework/Versions/A/CoreText
0x000000001132c000 	/System/Library/Frameworks/ImageIO.framework/Versions/A/ImageIO
0x000000001132c000 	/System/Library/PrivateFrameworks/Backup.framework/Versions/A/Backup
0x000000001132c000 	/usr/lib/libarchive.2.dylib
0x000000001132c000 	/System/Library/Frameworks/CFNetwork.framework/Versions/A/CFNetwork
0x000000001132c000 	/System/Library/Frameworks/SystemConfiguration.framework/Versions/A/SystemConfiguration
0x000000001132c000 	/usr/lib/libCRFSuite.dylib
0x000000001132c000 	/usr/lib/libc++.1.dylib
0x000000001132c000 	/usr/lib/libc++abi.dylib
0x000000001132c000 	/usr/lib/system/libcache.dylib
0x000000001132c000 	/usr/lib/system/libcommonCrypto.dylib
0x000000001132c000 	/usr/lib/system/libcompiler_rt.dylib
0x000000001132c000 	/usr/lib/system/libcopyfile.dylib
0x000000001132c000 	/usr/lib/system/libcorecrypto.dylib
0x000000001132c000 	/usr/lib/system/libdispatch.dylib
0x000000001132c000 	/usr/lib/system/libdyld.dylib
0x000000001132c000 	/usr/lib/system/libkeymgr.dylib
0x000000001132c000 	/usr/lib/system/liblaunch.dylib
0x000000001132c000 	/usr/lib/system/libmacho.dylib
0x000000001132c000 	/usr/lib/system/libquarantine.dylib
0x000000001132c000 	/usr/lib/system/libremovefile.dylib
0x000000001132c000 	/usr/lib/system/libsystem_asl.dylib
0x000000001132c000 	/usr/lib/system/libsystem_blocks.dylib
0x000000001132c000 	/usr/lib/system/libsystem_c.dylib
0x000000001132c000 	/usr/lib/system/libsystem_configuration.dylib
0x000000001132c000 	/usr/lib/system/libsystem_coreservices.dylib
0x000000001132c000 	/usr/lib/system/libsystem_darwin.dylib
0x000000001132c000 	/usr/lib/system/libsystem_dnssd.dylib
0x000000001132c000 	/usr/lib/system/libsystem_info.dylib
0x000000001132c000 	/usr/lib/system/libsystem_m.dylib
0x000000001132c000 	/usr/lib/system/libsystem_malloc.dylib
0x000000001132c000 	/usr/lib/system/libsystem_network.dylib
0x000000001132c000 	/usr/lib/system/libsystem_networkextension.dylib
0x000000001132c000 	/usr/lib/system/libsystem_notify.dylib
0x000000001132c000 	/usr/lib/system/libsystem_sandbox.dylib
0x000000001132c000 	/usr/lib/system/libsystem_secinit.dylib
0x000000001132c000 	/usr/lib/system/libsystem_kernel.dylib
0x000000001132c000 	/usr/lib/system/libsystem_platform.dylib
0x000000001132c000 	/usr/lib/system/libsystem_pthread.dylib
0x000000001132c000 	/usr/lib/system/libsystem_symptoms.dylib
0x000000001132c000 	/usr/lib/system/libsystem_trace.dylib
0x000000001132c000 	/usr/lib/system/libunwind.dylib
0x000000001132c000 	/usr/lib/system/libxpc.dylib
0x000000001132c000 	/usr/lib/closure/libclosured.dylib
0x000000001132c000 	/usr/lib/libbsm.0.dylib
0x000000001132c000 	/usr/lib/system/libkxld.dylib
0x000000001132c000 	/usr/lib/libOpenScriptingUtil.dylib
0x000000001132c000 	/usr/lib/libcoretls.dylib
0x000000001132c000 	/usr/lib/libcoretls_cfhelpers.dylib
0x000000001132c000 	/usr/lib/libpam.2.dylib
0x000000001132c000 	/usr/lib/libsqlite3.dylib
0x000000001132c000 	/usr/lib/libxar.1.dylib
0x000000001132c000 	/usr/lib/libbz2.1.0.dylib
0x000000001132c000 	/usr/lib/liblzma.5.dylib
0x000000001132c000 	/usr/lib/libnetwork.dylib
0x000000001132c000 	/usr/lib/libapple_nghttp2.dylib
0x000000001132c000 	/usr/lib/libpcap.A.dylib
0x000000001132c000 	/usr/lib/libboringssl.dylib
0x000000001132c000 	/usr/lib/libusrtcp.dylib
0x000000001132c000 	/usr/lib/libapple_crypto.dylib
0x000000001132c000 	/System/Library/Frameworks/CoreServices.framework/Versions/A/Frameworks/FSEvents.framework/Versions/A/FSEvents
0x000000001132c000 	/System/Library/Frameworks/CoreServices.framework/Versions/A/Frameworks/CarbonCore.framework/Versions/A/CarbonCore
0x000000001132c000 	/System/Library/Frameworks/CoreServices.framework/Versions/A/Frameworks/Metadata.framework/Versions/A/Metadata
0x000000001132c000 	/System/Library/Frameworks/CoreServices.framework/Versions/A/Frameworks/OSServices.framework/Versions/A/OSServices
0x000000001132c000 	/System/Library/Frameworks/CoreServices.framework/Versions/A/Frameworks/SearchKit.framework/Versions/A/SearchKit
0x000000001132c000 	/System/Library/Frameworks/CoreServices.framework/Versions/A/Frameworks/AE.framework/Versions/A/AE
0x000000001132c000 	/System/Library/Frameworks/CoreServices.framework/Versions/A/Frameworks/LaunchServices.framework/Versions/A/LaunchServices
0x000000001132c000 	/System/Library/Frameworks/CoreServices.framework/Versions/A/Frameworks/DictionaryServices.framework/Versions/A/DictionaryServices
0x000000001132c000 	/System/Library/Frameworks/CoreServices.framework/Versions/A/Frameworks/SharedFileList.framework/Versions/A/SharedFileList
0x000000001132c000 	/System/Library/Frameworks/NetFS.framework/Versions/A/NetFS
0x000000001132c000 	/System/Library/PrivateFrameworks/NetAuth.framework/Versions/A/NetAuth
0x000000001132c000 	/System/Library/PrivateFrameworks/login.framework/Versions/A/Frameworks/loginsupport.framework/Versions/A/loginsupport
0x000000001132c000 	/System/Library/PrivateFrameworks/TCC.framework/Versions/A/TCC
0x000000001132c000 	/usr/lib/libmecabra.dylib
0x000000001132c000 	/System/Library/Frameworks/ApplicationServices.framework/Versions/A/Frameworks/ATS.framework/Versions/A/ATS
0x000000001132c000 	/System/Library/Frameworks/ApplicationServices.framework/Versions/A/Frameworks/ColorSyncLegacy.framework/Versions/A/ColorSyncLegacy
0x000000001132c000 	/System/Library/Frameworks/ApplicationServices.framework/Versions/A/Frameworks/HIServices.framework/Versions/A/HIServices
0x000000001132c000 	/System/Library/Frameworks/ApplicationServices.framework/Versions/A/Frameworks/LangAnalysis.framework/Versions/A/LangAnalysis
0x000000001132c000 	/System/Library/Frameworks/ApplicationServices.framework/Versions/A/Frameworks/PrintCore.framework/Versions/A/PrintCore
0x000000001132c000 	/System/Library/Frameworks/ApplicationServices.framework/Versions/A/Frameworks/QD.framework/Versions/A/QD
0x000000001132c000 	/System/Library/Frameworks/ApplicationServices.framework/Versions/A/Frameworks/SpeechSynthesis.framework/Versions/A/SpeechSynthesis
0x000000001132c000 	/System/Library/Frameworks/CoreDisplay.framework/Versions/A/CoreDisplay
0x000000001132c000 	/System/Library/Frameworks/Accelerate.framework/Versions/A/Frameworks/vImage.framework/Versions/A/vImage
0x000000001132c000 	/System/Library/Frameworks/Accelerate.framework/Versions/A/Frameworks/vecLib.framework/Versions/A/vecLib
0x000000001132c000 	/System/Library/Frameworks/Accelerate.framework/Versions/A/Frameworks/vecLib.framework/Versions/A/libvDSP.dylib
0x000000001132c000 	/System/Library/Frameworks/Accelerate.framework/Versions/A/Frameworks/vecLib.framework/Versions/A/libBNNS.dylib
0x000000001132c000 	/System/Library/Frameworks/Accelerate.framework/Versions/A/Frameworks/vecLib.framework/Versions/A/libQuadrature.dylib
0x000000001132c000 	/System/Library/Frameworks/Accelerate.framework/Versions/A/Frameworks/vecLib.framework/Versions/A/libvMisc.dylib
0x000000001132c000 	/System/Library/Frameworks/Accelerate.framework/Versions/A/Frameworks/vecLib.framework/Versions/A/libLAPACK.dylib
0x000000001132c000 	/System/Library/Frameworks/Accelerate.framework/Versions/A/Frameworks/vecLib.framework/Versions/A/libBLAS.dylib
0x000000001132c000 	/System/Library/Frameworks/Accelerate.framework/Versions/A/Frameworks/vecLib.framework/Versions/A/libLinearAlgebra.dylib
0x000000001132c000 	/System/Library/Frameworks/Accelerate.framework/Versions/A/Frameworks/vecLib.framework/Versions/A/libSparse.dylib
0x000000001132c000 	/System/Library/Frameworks/Accelerate.framework/Versions/A/Frameworks/vecLib.framework/Versions/A/libSparseBLAS.dylib
0x000000001132c000 	/System/Library/PrivateFrameworks/IOAccelerator.framework/Versions/A/IOAccelerator
0x000000001132c000 	/System/Library/PrivateFrameworks/IOPresentment.framework/Versions/A/IOPresentment
0x000000001132c000 	/System/Library/PrivateFrameworks/DSExternalDisplay.framework/Versions/A/DSExternalDisplay
0x000000001132c000 	/System/Library/Frameworks/OpenGL.framework/Versions/A/Libraries/libCoreFSCache.dylib
0x000000001132c000 	/System/Library/Frameworks/CoreVideo.framework/Versions/A/CoreVideo
0x000000001132c000 	/System/Library/PrivateFrameworks/GraphVisualizer.framework/Versions/A/GraphVisualizer
0x000000001132c000 	/System/Library/Frameworks/MetalPerformanceShaders.framework/Versions/A/MetalPerformanceShaders
0x000000001132c000 	/usr/lib/libFosl_dynamic.dylib
0x000000001132c000 	/System/Library/PrivateFrameworks/FaceCore.framework/Versions/A/FaceCore
0x000000001132c000 	/System/Library/Frameworks/OpenCL.framework/Versions/A/OpenCL
0x000000001132c000 	/usr/lib/libcompression.dylib
0x000000001132c000 	/System/Library/Frameworks/ApplicationServices.framework/Versions/A/Frameworks/ATS.framework/Versions/A/Resources/libFontParser.dylib
0x000000001132c000 	/System/Library/Frameworks/ApplicationServices.framework/Versions/A/Frameworks/ATS.framework/Versions/A/Resources/libFontRegistry.dylib
0x000000001132c000 	/System/Library/Frameworks/ImageIO.framework/Versions/A/Resources/libJPEG.dylib
0x000000001132c000 	/System/Library/Frameworks/ImageIO.framework/Versions/A/Resources/libTIFF.dylib
0x000000001132c000 	/System/Library/Frameworks/ImageIO.framework/Versions/A/Resources/libPng.dylib
0x000000001132c000 	/System/Library/Frameworks/ImageIO.framework/Versions/A/Resources/libGIF.dylib
0x000000001132c000 	/System/Library/Frameworks/ImageIO.framework/Versions/A/Resources/libJP2.dylib
0x000000001132c000 	/System/Library/Frameworks/ImageIO.framework/Versions/A/Resources/libRadiance.dylib
0x000000001132c000 	/System/Library/PrivateFrameworks/AppleJPEG.framework/Versions/A/AppleJPEG
0x000000001132c000 	/System/Library/PrivateFrameworks/MetalTools.framework/Versions/A/MetalTools
0x000000001132c000 	/System/Library/Frameworks/MetalPerformanceShaders.framework/Frameworks/MPSCore.framework/Versions/A/MPSCore
0x000000001132c000 	/System/Library/Frameworks/MetalPerformanceShaders.framework/Frameworks/MPSImage.framework/Versions/A/MPSImage
0x000000001132c000 	/System/Library/Frameworks/MetalPerformanceShaders.framework/Frameworks/MPSMatrix.framework/Versions/A/MPSMatrix
0x000000001132c000 	/System/Library/Frameworks/MetalPerformanceShaders.framework/Frameworks/MPSNeuralNetwork.framework/Versions/A/MPSNeuralNetwork
0x000000001132c000 	/System/Library/Frameworks/OpenGL.framework/Versions/A/Libraries/libGLU.dylib
0x000000001132c000 	/System/Library/Frameworks/OpenGL.framework/Versions/A/Libraries/libGFXShared.dylib
0x000000001132c000 	/System/Library/Frameworks/OpenGL.framework/Versions/A/Libraries/libGL.dylib
0x000000001132c000 	/System/Library/Frameworks/OpenGL.framework/Versions/A/Libraries/libGLImage.dylib
0x000000001132c000 	/System/Library/Frameworks/OpenGL.framework/Versions/A/Libraries/libCVMSPluginSupport.dylib
0x000000001132c000 	/System/Library/Frameworks/OpenGL.framework/Versions/A/Libraries/libCoreVMClient.dylib
0x000000001132c000 	/usr/lib/libcups.2.dylib
0x000000001132c000 	/System/Library/Frameworks/Kerberos.framework/Versions/A/Kerberos
0x000000001132c000 	/System/Library/Frameworks/GSS.framework/Versions/A/GSS
0x000000001132c000 	/usr/lib/libresolv.9.dylib
0x000000001132c000 	/usr/lib/libiconv.2.dylib
0x000000001132c000 	/System/Library/PrivateFrameworks/Heimdal.framework/Versions/A/Heimdal
0x000000001132c000 	/usr/lib/libheimdal-asn1.dylib
0x000000001132c000 	/System/Library/Frameworks/OpenDirectory.framework/Versions/A/OpenDirectory
0x000000001132c000 	/System/Library/PrivateFrameworks/CommonAuth.framework/Versions/A/CommonAuth
0x000000001132c000 	/System/Library/Frameworks/OpenDirectory.framework/Versions/A/Frameworks/CFOpenDirectory.framework/Versions/A/CFOpenDirectory
0x000000001132c000 	/System/Library/Frameworks/SecurityFoundation.framework/Versions/A/SecurityFoundation
0x000000001132c000 	/System/Library/PrivateFrameworks/APFS.framework/Versions/A/APFS
0x000000001132c000 	/usr/lib/libutil.dylib
0x000000001132c000 	/System/Library/PrivateFrameworks/AppleSauce.framework/Versions/A/AppleSauce
0x000000001132c000 	/System/Library/PrivateFrameworks/LinguisticData.framework/Versions/A/LinguisticData
0x000000001132c000 	/usr/lib/libmarisa.dylib
0x000000001132c000 	/System/Library/PrivateFrameworks/Lexicon.framework/Versions/A/Lexicon
0x000000001132c000 	/usr/lib/libChineseTokenizer.dylib
0x000000001132c000 	/usr/lib/libcmph.dylib
0x000000001132c000 	/System/Library/PrivateFrameworks/LanguageModeling.framework/Versions/A/LanguageModeling
0x000000001132c000 	/System/Library/PrivateFrameworks/CoreEmoji.framework/Versions/A/CoreEmoji
0x000000001132c000 	/System/Library/Frameworks/ServiceManagement.framework/Versions/A/ServiceManagement
0x000000001132c000 	/System/Library/PrivateFrameworks/BackgroundTaskManagement.framework/Versions/A/BackgroundTaskManagement
0x000000001132c000 	/usr/lib/libxslt.1.dylib
0x000000001132c000 	/System/Library/Frameworks/Carbon.framework/Versions/A/Frameworks/Ink.framework/Versions/A/Ink
0x000000001132c000 	/System/Library/PrivateFrameworks/TextureIO.framework/Versions/A/TextureIO
0x000000001132c000 	/usr/lib/libate.dylib
0x000000001132c000 	/System/Library/PrivateFrameworks/CrashReporterSupport.framework/Versions/A/CrashReporterSupport
0x000000001132c000 	/System/Library/PrivateFrameworks/Sharing.framework/Versions/A/Sharing
0x000000001132c000 	/System/Library/PrivateFrameworks/IconServices.framework/Versions/A/IconServices
0x000000001132c000 	/System/Library/PrivateFrameworks/ProtocolBuffer.framework/Versions/A/ProtocolBuffer
0x000000001132c000 	/System/Library/PrivateFrameworks/Apple80211.framework/Versions/A/Apple80211
0x000000001132c000 	/System/Library/Frameworks/CoreWLAN.framework/Versions/A/CoreWLAN
0x000000001132c000 	/System/Library/PrivateFrameworks/CoreUtils.framework/Versions/A/CoreUtils
0x000000001132c000 	/System/Library/Frameworks/IOBluetooth.framework/Versions/A/IOBluetooth
0x000000001132c000 	/System/Library/PrivateFrameworks/CoreWiFi.framework/Versions/A/CoreWiFi
0x000000001132c000 	/System/Library/Frameworks/CoreBluetooth.framework/Versions/A/CoreBluetooth
0x000000001132c000 	/System/Library/PrivateFrameworks/SignpostNotification.framework/Versions/A/SignpostNotification
0x000000001132c000 	/System/Library/PrivateFrameworks/DebugSymbols.framework/Versions/A/DebugSymbols
0x000000001132c000 	/System/Library/PrivateFrameworks/CoreSymbolication.framework/Versions/A/CoreSymbolication
0x000000001132c000 	/System/Library/PrivateFrameworks/Symbolication.framework/Versions/A/Symbolication
0x000000001132c000 	/System/Library/PrivateFrameworks/AppleFSCompression.framework/Versions/A/AppleFSCompression
0x000000001132c000 	/System/Library/PrivateFrameworks/SpeechRecognitionCore.framework/Versions/A/SpeechRecognitionCore
0x000000010ae74000 	/Library/Java/JavaVirtualMachines/jdk1.8.0_121.jdk/Contents/Home/jre/lib/server/libjvm.dylib
0x000000001132c000 	/usr/lib/libstdc++.6.0.9.dylib
0x000000010be16000 	/Library/Java/JavaVirtualMachines/jdk1.8.0_121.jdk/Contents/Home/jre/lib/libverify.dylib
0x000000010be24000 	/Library/Java/JavaVirtualMachines/jdk1.8.0_121.jdk/Contents/Home/jre/lib/libjava.dylib
0x000000010be5a000 	/Library/Java/JavaVirtualMachines/jdk1.8.0_121.jdk/Contents/Home/jre/lib/libinstrument.dylib
0x000000010bef8000 	/Library/Java/JavaVirtualMachines/jdk1.8.0_121.jdk/Contents/Home/jre/lib/libzip.dylib
0x000000001132c000 	/System/Library/Frameworks/JavaVM.framework/Versions/A/Frameworks/JavaRuntimeSupport.framework/Versions/A/JavaRuntimeSupport
0x000000001132c000 	/System/Library/Frameworks/JavaVM.framework/Versions/A/Frameworks/JavaNativeFoundation.framework/Versions/A/JavaNativeFoundation
0x000000001132c000 	/System/Library/Frameworks/JavaVM.framework/Versions/A/JavaVM
0x000000001132c000 	/System/Library/Frameworks/Carbon.framework/Versions/A/Carbon
0x000000001132c000 	/System/Library/PrivateFrameworks/JavaLaunching.framework/Versions/A/JavaLaunching
0x000000001132c000 	/System/Library/Frameworks/Carbon.framework/Versions/A/Frameworks/CommonPanels.framework/Versions/A/CommonPanels
0x000000001132c000 	/System/Library/Frameworks/Carbon.framework/Versions/A/Frameworks/Help.framework/Versions/A/Help
0x000000001132c000 	/System/Library/Frameworks/Carbon.framework/Versions/A/Frameworks/ImageCapture.framework/Versions/A/ImageCapture
0x000000001132c000 	/System/Library/Frameworks/Carbon.framework/Versions/A/Frameworks/OpenScripting.framework/Versions/A/OpenScripting
0x000000001132c000 	/System/Library/Frameworks/Carbon.framework/Versions/A/Frameworks/Print.framework/Versions/A/Print
0x000000001132c000 	/System/Library/Frameworks/Carbon.framework/Versions/A/Frameworks/SecurityHI.framework/Versions/A/SecurityHI
0x0000000114b70000 	/Library/Java/JavaVirtualMachines/jdk1.8.0_121.jdk/Contents/Home/jre/lib/libnet.dylib
0x0000000114bcf000 	/private/var/folders/nk/zc974d_96r31rwqtncf38fj80000gn/T/libgdxariellegoldberg/25a8e9fb/libgdx64.dylib
0x0000000114d6f000 	/Library/Java/JavaVirtualMachines/jdk1.8.0_121.jdk/Contents/Home/jre/lib/libawt.dylib
0x0000000114e17000 	/Library/Java/JavaVirtualMachines/jdk1.8.0_121.jdk/Contents/Home/jre/lib/./libmlib_image.dylib
0x0000000114ee3000 	/Library/Java/JavaVirtualMachines/jdk1.8.0_121.jdk/Contents/Home/jre/lib/libawt_lwawt.dylib
0x0000000114f9a000 	/Library/Java/JavaVirtualMachines/jdk1.8.0_121.jdk/Contents/Home/jre/lib/./libosxapp.dylib
0x000000001132c000 	/System/Library/Frameworks/ExceptionHandling.framework/Versions/A/ExceptionHandling
0x000000001132c000 	/System/Library/PrivateFrameworks/CoreServicesInternal.framework/Versions/A/CoreServicesInternal
0x000000001132c000 	/System/Library/CoreServices/RawCamera.bundle/Contents/MacOS/RawCamera
0x000000001132c000 	/System/Library/PrivateFrameworks/MobileAsset.framework/Versions/A/MobileAsset
0x000000001132c000 	/System/Library/PrivateFrameworks/StreamingZip.framework/Versions/A/StreamingZip
0x000000001132c000 	/System/Library/Frameworks/MediaToolbox.framework/Versions/A/MediaToolbox
0x000000001132c000 	/System/Library/PrivateFrameworks/CoreAVCHD.framework/Versions/A/CoreAVCHD
0x000000001132c000 	/System/Library/Frameworks/MediaAccessibility.framework/Versions/A/MediaAccessibility
0x000000001132c000 	/System/Library/PrivateFrameworks/Mangrove.framework/Versions/A/Mangrove
0x000000001132c000 	/System/Library/Frameworks/CoreMedia.framework/Versions/A/CoreMedia
0x000000001132c000 	/System/Library/Frameworks/VideoToolbox.framework/Versions/A/VideoToolbox
0x000000001132c000 	/System/Library/PrivateFrameworks/CoreAUC.framework/Versions/A/CoreAUC
0x000000001132c000 	/usr/lib/libspindump.dylib
0x000000001132c000 	/usr/lib/libdscsym.dylib
0x000000001132c000 	/System/Library/PrivateFrameworks/AppleVA.framework/Versions/A/AppleVA
0x000000001132c000 	/System/Library/Frameworks/Accelerate.framework/Versions/A/Frameworks/vImage.framework/Versions/A/Libraries/libCGInterfaces.dylib
0x000000001132c000 	/System/Library/Frameworks/ApplicationServices.framework/Versions/A/Frameworks/ATS.framework/Versions/A/Resources/libTrueTypeScaler.dylib
0x000000001132c000 	/System/Library/Frameworks/OpenGL.framework/Versions/A/Resources/GLEngine.bundle/GLEngine
0x000000001132c000 	/System/Library/Frameworks/OpenGL.framework/Versions/A/Libraries/libGLProgrammability.dylib
0x0000000117169000 	/System/Library/Extensions/AppleIntelBDWGraphicsGLDriver.bundle/Contents/MacOS/AppleIntelBDWGraphicsGLDriver
0x000000001132c000 	/System/Library/PrivateFrameworks/GPUSupport.framework/Versions/A/Libraries/libGPUSupportMercury.dylib
0x000000001132c000 	/System/Library/Frameworks/OpenGL.framework/Versions/A/Resources/GLRendererFloat.bundle/GLRendererFloat
0x000000001132c000 	/System/Library/Frameworks/OpenCL.framework/Versions/A/Libraries/libcldcpuengine.dylib
0x000000001132c000 	/usr/lib/libcrypto.35.dylib
0x000000001132c000 	/System/Library/PrivateFrameworks/TrustEvaluationAgent.framework/Versions/A/TrustEvaluationAgent
0x000000001132c000 	/System/Library/Extensions/AppleIntelBDWGraphicsMTLDriver.bundle/Contents/MacOS/AppleIntelBDWGraphicsMTLDriver
0x000000001132c000 	/System/Library/PrivateFrameworks/GPUCompiler.framework/Versions/3802/Libraries/libmetal_timestamp.dylib
0x000000001132c000 	/System/Library/PrivateFrameworks/FamilyControls.framework/Versions/A/FamilyControls
0x000000001132c000 	/System/Library/PrivateFrameworks/CommerceKit.framework/Versions/A/Frameworks/CommerceCore.framework/Versions/A/CommerceCore
0x000000001132c000 	/System/Library/PrivateFrameworks/SystemAdministration.framework/Versions/A/SystemAdministration
0x000000001132c000 	/System/Library/PrivateFrameworks/AppContainer.framework/Versions/A/AppContainer
0x000000001132c000 	/System/Library/PrivateFrameworks/SecCodeWrapper.framework/Versions/A/SecCodeWrapper
0x000000001132c000 	/System/Library/PrivateFrameworks/DiskManagement.framework/Versions/A/DiskManagement
0x000000001132c000 	/System/Library/Frameworks/DirectoryService.framework/Versions/A/DirectoryService
0x000000001132c000 	/System/Library/PrivateFrameworks/DiskImages.framework/Versions/A/DiskImages
0x000000001132c000 	/System/Library/PrivateFrameworks/LoginUIKit.framework/Versions/A/Frameworks/LoginUICore.framework/Versions/A/LoginUICore
0x000000001132c000 	/usr/lib/libCoreStorage.dylib
0x000000001132c000 	/usr/lib/libcsfde.dylib
0x000000001132c000 	/usr/lib/libodfde.dylib
0x000000001132c000 	/System/Library/PrivateFrameworks/MediaKit.framework/Versions/A/MediaKit
0x000000001132c000 	/System/Library/Frameworks/DiscRecording.framework/Versions/A/DiscRecording
0x000000001132c000 	/System/Library/PrivateFrameworks/EFILogin.framework/Versions/A/EFILogin
0x000000001132c000 	/System/Library/PrivateFrameworks/ProtectedCloudStorage.framework/Versions/A/ProtectedCloudStorage
0x000000001132c000 	/usr/lib/libcurl.4.dylib
0x000000001132c000 	/usr/lib/libssl.35.dylib
0x000000001132c000 	/System/Library/Frameworks/LDAP.framework/Versions/A/LDAP
0x000000001132c000 	/usr/lib/libsasl2.2.dylib
0x000000001132c000 	/System/Library/PrivateFrameworks/CoreDaemon.framework/Versions/B/CoreDaemon
0x000000001132c000 	/System/Library/PrivateFrameworks/AppleSRP.framework/Versions/A/AppleSRP
0x0000000127047000 	/Library/Java/JavaVirtualMachines/jdk1.8.0_121.jdk/Contents/Home/jre/lib/libfontmanager.dylib
0x00000001270ae000 	/private/var/folders/nk/zc974d_96r31rwqtncf38fj80000gn/T/libgdxariellegoldberg/f7649394/liblwjgl.dylib
0x00000001162d9000 	/Library/Java/JavaVirtualMachines/jdk1.8.0_121.jdk/Contents/Home/jre/lib/libjawt.dylib
0x0000000127130000 	/var/folders/nk/zc974d_96r31rwqtncf38fj80000gn/T/libgdxariellegoldberg/f7649394/openal.dylib
0x000000012719f000 	/System/Library/Components/CoreAudio.component/Contents/MacOS/CoreAudio
0x0000000116d41000 	/System/Library/Extensions/AppleHDA.kext/Contents/PlugIns/AppleHDAHALPlugIn.bundle/Contents/MacOS/AppleHDAHALPlugIn
0x000000001132c000 	/System/Library/PrivateFrameworks/ViewBridge.framework/Versions/A/ViewBridge
0x00000001290f5000 	/private/var/folders/nk/zc974d_96r31rwqtncf38fj80000gn/T/libgdxariellegoldberg/c6e99639/libgdx-controllers-desktop64.dylib
0x0000000129cc6000 	/private/var/folders/nk/zc974d_96r31rwqtncf38fj80000gn/T/libgdxariellegoldberg/816b5a05/libgdx-box2d64.dylib
0x0000000129d2f000 	/private/var/folders/nk/zc974d_96r31rwqtncf38fj80000gn/T/libgdxariellegoldberg/d1927f43/libgdx-freetype64.dylib

VM Arguments:
jvm_args: -javaagent:/Applications/IntelliJ IDEA CE.app/Contents/lib/idea_rt.jar=53875:/Applications/IntelliJ IDEA CE.app/Contents/bin -Dfile.encoding=UTF-8 
java_command: edu.cornell.gdiac.physics.desktop.DesktopLauncher
java_class_path (initial): /Library/Java/JavaVirtualMachines/jdk1.8.0_121.jdk/Contents/Home/jre/lib/charsets.jar:/Library/Java/JavaVirtualMachines/jdk1.8.0_121.jdk/Contents/Home/jre/lib/deploy.jar:/Library/Java/JavaVirtualMachines/jdk1.8.0_121.jdk/Contents/Home/jre/lib/ext/cldrdata.jar:/Library/Java/JavaVirtualMachines/jdk1.8.0_121.jdk/Contents/Home/jre/lib/ext/dnsns.jar:/Library/Java/JavaVirtualMachines/jdk1.8.0_121.jdk/Contents/Home/jre/lib/ext/jaccess.jar:/Library/Java/JavaVirtualMachines/jdk1.8.0_121.jdk/Contents/Home/jre/lib/ext/jfxrt.jar:/Library/Java/JavaVirtualMachines/jdk1.8.0_121.jdk/Contents/Home/jre/lib/ext/localedata.jar:/Library/Java/JavaVirtualMachines/jdk1.8.0_121.jdk/Contents/Home/jre/lib/ext/nashorn.jar:/Library/Java/JavaVirtualMachines/jdk1.8.0_121.jdk/Contents/Home/jre/lib/ext/sunec.jar:/Library/Java/JavaVirtualMachines/jdk1.8.0_121.jdk/Contents/Home/jre/lib/ext/sunjce_provider.jar:/Library/Java/JavaVirtualMachines/jdk1.8.0_121.jdk/Contents/Home/jre/lib/ext/sunpkcs11.jar:/Library/Java/JavaVirtualMachines/jdk1.8.0_121.jdk/Contents/Home/jre/lib/ext/zipfs.jar:/Library/Java/JavaVirtualMachines/jdk1.8.0_121.jdk/Contents/Home/jre/lib/javaws.jar:/Library/Java/JavaVirtualMachines/jdk1.8.0_121.jdk/Contents/Home/jre/lib/jce.jar:/Library/Java/JavaVirtualMachines/jdk1.8.0_121.jdk/Contents/Home/jre/lib/jfr.jar:/Library/Java/JavaVirtualMachines/jdk1.8.0_121.jdk/Contents/Home/jre/lib/jfxswt.jar:/Library/Java/JavaVirtualMachines/jdk1.8.0_121.jdk/Contents/Home/jre/lib/jsse.jar:/Library/Java/JavaVirtualMachines/jdk1.8.0_121.jdk/Contents/Home/jre/lib/management-agent.jar:/Library/Java/JavaVirtualMachines/jdk1.8.0_121.jdk/Contents/Home/jre/lib/plugin.jar:/Library/Java/JavaVirtualMachines/jdk1.8.0_121.jdk/Contents/Home/jre/lib/resources.jar:/Library/Java/JavaVirtualMachines/jdk1.8.0_121.jdk/Contents/Home/jre/lib/rt.jar:/Library/Java/JavaVirtualMachines/jdk1.8.0_121.jdk/Contents/Home/lib/ant-javafx.jar:/Library/Java/JavaVirtualMachines/jdk1.8.0_121.jdk/Contents/Home
Launcher Type: SUN_STANDARD

Environment Variables:
PATH=/Library/Frameworks/Python.framework/Versions/3.6/bin:/Users/ariellegoldberg/anaconda/bin:/usr/local/bin:/usr/bin:/bin:/usr/sbin:/sbin:/usr/local/share/dotnet:/opt/X11/bin:~/.dotnet/tools:/Library/Frameworks/Mono.framework/Versions/Current/Commands:/Applications/Xamarin Workbooks.app/Contents/SharedSupport/path-bin:/usr/texbin:/usr/texbin
SHELL=/bin/bash
DISPLAY=/private/tmp/com.apple.launchd.2fycvp6o33/org.macosforge.xquartz:0

Signal Handlers:
SIGSEGV: [libjvm.dylib+0x5b1141], sa_mask[0]=11111111011111110111111111111111, sa_flags=SA_ONSTACK|SA_RESTART|SA_SIGINFO
SIGBUS: [libjvm.dylib+0x5b1141], sa_mask[0]=11111111011111110111111111111111, sa_flags=SA_RESTART|SA_SIGINFO
SIGFPE: [libjvm.dylib+0x487bc4], sa_mask[0]=11111111011111110111111111111111, sa_flags=SA_RESTART|SA_SIGINFO
SIGPIPE: [libjvm.dylib+0x487bc4], sa_mask[0]=11111111011111110111111111111111, sa_flags=SA_RESTART|SA_SIGINFO
SIGXFSZ: [libjvm.dylib+0x487bc4], sa_mask[0]=11111111011111110111111111111111, sa_flags=SA_RESTART|SA_SIGINFO
SIGILL: [libjvm.dylib+0x487bc4], sa_mask[0]=11111111011111110111111111111111, sa_flags=SA_RESTART|SA_SIGINFO
SIGUSR1: SIG_DFL, sa_mask[0]=00000000000000000000000000000000, sa_flags=none
SIGUSR2: [libjvm.dylib+0x4876e2], sa_mask[0]=00100000000000000000000000000000, sa_flags=SA_RESTART|SA_SIGINFO
SIGHUP: [libjvm.dylib+0x485cb9], sa_mask[0]=11111111011111110111111111111111, sa_flags=SA_RESTART|SA_SIGINFO
SIGINT: [libjvm.dylib+0x485cb9], sa_mask[0]=11111111011111110111111111111111, sa_flags=SA_RESTART|SA_SIGINFO
SIGTERM: [libjvm.dylib+0x485cb9], sa_mask[0]=11111111011111110111111111111111, sa_flags=SA_RESTART|SA_SIGINFO
SIGQUIT: [libjvm.dylib+0x485cb9], sa_mask[0]=11111111011111110111111111111111, sa_flags=SA_RESTART|SA_SIGINFO


---------------  S Y S T E M  ---------------

OS:Bsduname:Darwin 17.4.0 Darwin Kernel Version 17.4.0: Sun Dec 17 09:19:54 PST 2017; root:xnu-4570.41.2~1/RELEASE_X86_64 x86_64
rlimit: STACK 8192k, CORE 0k, NPROC 709, NOFILE 10240, AS infinity
load average:2.16 2.18 2.09

CPU:total 4 (2 cores per cpu, 2 threads per core) family 6 model 61 stepping 4, cmov, cx8, fxsr, mmx, sse, sse2, sse3, ssse3, sse4.1, sse4.2, popcnt, avx, avx2, aes, clmul, erms, 3dnowpref, lzcnt, ht, tsc, tscinvbit, bmi1, bmi2, adx

Memory: 4k page, physical 8388608k(65756k free)

/proc/meminfo:


vm_info: Java HotSpot(TM) 64-Bit Server VM (25.121-b13) for bsd-amd64 JRE (1.8.0_121-b13), built on Dec 12 2016 20:39:32 by "java_re" with gcc 4.2.1 (Based on Apple Inc. build 5658) (LLVM build 2336.11.00)

time: Sun Mar  3 19:06:43 2019
elapsed time: 5 seconds (0d 0h 0m 5s)

