#
# A fatal error has been detected by the Java Runtime Environment:
#
#  SIGSEGV (0xb) at pc=0x0000000000000000, pid=38524, tid=0x0000000000012217
#
# JRE version: Java(TM) SE Runtime Environment (8.0_121-b13) (build 1.8.0_121-b13)
# Java VM: Java HotSpot(TM) 64-Bit Server VM (25.121-b13 mixed mode bsd-amd64 compressed oops)
# Problematic frame:
# C  0x0000000000000000
#
# Failed to write core dump. Core dumps have been disabled. To enable core dumping, try "ulimit -c unlimited" before starting Java again
#
# If you would like to submit a bug report, please visit:
#   http://bugreport.java.com/bugreport/crash.jsp
# The crash happened outside the Java Virtual Machine in native code.
# See problematic frame for where to report the bug.
#

---------------  T H R E A D  ---------------

Current thread (0x00007fe1a51a8000):  JavaThread "LWJGL Application" [_thread_in_native, id=74263, stack(0x000070000538e000,0x000070000548e000)]

siginfo: si_signo: 11 (SIGSEGV), si_code: 1 (SEGV_MAPERR), si_addr: 0x0000000000000000

Registers:
RAX=0x00007fe1a4b674c0, RBX=0x00007fe1a4b65800, RCX=0x0000000000000000, RDX=0x00007fe1a4b65840
RSP=0x000070000548d4f8, RBP=0x000070000548d510, RSI=0x00007fe1a6257a00, RDI=0x00007fe1a4b65800
R8 =0x000070000548d0d8, R9 =0x0000000000000000, R10=0x00000001113709c8, R11=0x00000001028e4067
R12=0x00007fe1a4b949c0, R13=0x00000001205cdbc8, R14=0x00007fe1a6257a00, R15=0x00007fe1a51a8000
RIP=0x0000000000000000, EFLAGS=0x0000000000010283, ERR=0x0000000000000014
  TRAPNO=0x000000000000000e

Top of Stack: (sp=0x000070000548d4f8)
0x000070000548d4f8:   00000001111db5d3 00007fe1a4b94840
0x000070000548d508:   00007fe1a6257a00 000070000548d540
0x000070000548d518:   00000001111e821d 00007fe1a6257a00
0x000070000548d528:   0000000000000000 00007fe1a4b65800
0x000070000548d538:   00007fe1a51a8000 000070000548d590
0x000070000548d548:   00000001111ee022 00000001111fcdb8
0x000070000548d558:   00007fe1a51a81f8 000070000548d648
0x000070000548d568:   00000001111fcdf8 00007fe1a51a81f8
0x000070000548d578:   000070000548d648 00000001205cdbc8
0x000070000548d588:   000070000548d648 000070000548d608
0x000070000548d598:   00000001113709f4 0000000000000000
0x000070000548d5a8:   000000000000010a 000000000000010a
0x000070000548d5b8:   00000007962a6e18 00007fe1a4b65800
0x000070000548d5c8:   000070000548d5c8 0000000000000000
0x000070000548d5d8:   000070000548d648 00000001205ddfb0
0x000070000548d5e8:   0000000000000000 00000001205cdbc8
0x000070000548d5f8:   0000000000000000 000070000548d628
0x000070000548d608:   000070000548d690 00000001113612bd
0x000070000548d618:   0000000000000000 000000011136a538
0x000070000548d628:   00007fe1a4b65800 000000079627d748
0x000070000548d638:   00007fe1a6257a00 00000007962a5c98
0x000070000548d648:   00000007958f8118 000070000548d650
0x000070000548d658:   00000001205cdb18 000070000548d6a8
0x000070000548d668:   00000001205ddfb0 0000000000000000
0x000070000548d678:   00000001205cdb40 000070000548d628
0x000070000548d688:   000070000548d6a0 000070000548d6f0
0x000070000548d698:   00000001113612bd 000000079629ef90
0x000070000548d6a8:   00000007958f8118 000070000548d6b0
0x000070000548d6b8:   00000001205bdecf 000070000548d718
0x000070000548d6c8:   00000001206cd108 0000000000000000
0x000070000548d6d8:   00000001205bdf48 000070000548d6a0
0x000070000548d6e8:   000070000548d710 000070000548d760 

Instructions: (pc=0x0000000000000000)
0xffffffffffffffe0:   

Register to memory mapping:

RAX=0x00007fe1a4b674c0 is an unknown value
RBX=0x00007fe1a4b65800 is an unknown value
RCX=0x0000000000000000 is an unknown value
RDX=0x00007fe1a4b65840 is an unknown value
RSP=0x000070000548d4f8 is pointing into the stack for thread: 0x00007fe1a51a8000
RBP=0x000070000548d510 is pointing into the stack for thread: 0x00007fe1a51a8000
RSI=0x00007fe1a6257a00 is an unknown value
RDI=0x00007fe1a4b65800 is an unknown value
R8 =0x000070000548d0d8 is pointing into the stack for thread: 0x00007fe1a51a8000
R9 =0x0000000000000000 is an unknown value
R10=0x00000001113709c8 is at code_begin+808 in an Interpreter codelet
method entry point (kind = native)  [0x00000001113706a0, 0x0000000111370fa0]  2304 bytes
R11=0x00000001028e4067: throw_unsatisfied_link_error+0 in /Library/Java/JavaVirtualMachines/jdk1.8.0_121.jdk/Contents/Home/jre/lib/server/libjvm.dylib at 0x0000000102400000
R12=0x00007fe1a4b949c0 is an unknown value
R13={method} {0x00000001205cdbc8} 'jniDestroyJoint' '(JJ)V' in 'com/badlogic/gdx/physics/box2d/World'
R14=0x00007fe1a6257a00 is an unknown value
R15=0x00007fe1a51a8000 is a thread


Stack: [0x000070000538e000,0x000070000548e000],  sp=0x000070000548d4f8,  free space=1021k
Java frames: (J=compiled Java code, j=interpreted, Vv=VM code)
j  com.badlogic.gdx.physics.box2d.World.jniDestroyJoint(JJ)V+0
j  com.badlogic.gdx.physics.box2d.World.destroyJoint(Lcom/badlogic/gdx/physics/box2d/Joint;)V+64
j  edu.cornell.gdiac.physics.obstacle.ComplexObstacle.deactivatePhysics(Lcom/badlogic/gdx/physics/box2d/World;)V+39
j  edu.cornell.gdiac.physics.platform.RopeBridge.deactivatePhysics(Lcom/badlogic/gdx/physics/box2d/World;)V+2
j  edu.cornell.gdiac.physics.WorldController.dispose()V+32
j  edu.cornell.gdiac.physics.GDXRoot.dispose()V+35
j  com.badlogic.gdx.backends.lwjgl.LwjglApplication.mainLoop()V+846
j  com.badlogic.gdx.backends.lwjgl.LwjglApplication$1.run()V+27
v  ~StubRoutines::call_stub

---------------  P R O C E S S  ---------------

Java Threads: ( => current thread )
  0x00007fe1a51b8800 JavaThread "AWT-Shutdown" [_thread_blocked, id=30775, stack(0x0000700003ec3000,0x0000700003fc3000)]
  0x00007fe1a5a90800 JavaThread "AsynchExecutor-Thread" daemon [_thread_blocked, id=59771, stack(0x0000700005594000,0x0000700005694000)]
  0x00007fe1a6186800 JavaThread "Attach Listener" daemon [_thread_blocked, id=73247, stack(0x0000700005491000,0x0000700005591000)]
  0x00007fe1a4803800 JavaThread "DestroyJavaVM" [_thread_blocked, id=9731, stack(0x0000700003fc9000,0x00007000040c9000)]
=>0x00007fe1a51a8000 JavaThread "LWJGL Application" [_thread_in_native, id=74263, stack(0x000070000538e000,0x000070000548e000)]
  0x00007fe1a49ed000 JavaThread "AppKit Thread" daemon [_thread_in_native, id=775, stack(0x00007ffeed9e1000,0x00007ffeee1e1000)]
  0x00007fe1a58d2800 JavaThread "Service Thread" daemon [_thread_blocked, id=17667, stack(0x0000700004cf0000,0x0000700004df0000)]
  0x00007fe1a500d000 JavaThread "C1 CompilerThread2" daemon [_thread_blocked, id=14083, stack(0x0000700004bed000,0x0000700004ced000)]
  0x00007fe1a6060800 JavaThread "C2 CompilerThread1" daemon [_thread_blocked, id=18179, stack(0x0000700004aea000,0x0000700004bea000)]
  0x00007fe1a488b000 JavaThread "C2 CompilerThread0" daemon [_thread_blocked, id=13571, stack(0x00007000049e7000,0x0000700004ae7000)]
  0x00007fe1a6060000 JavaThread "Monitor Ctrl-Break" daemon [_thread_in_native, id=18691, stack(0x00007000048e4000,0x00007000049e4000)]
  0x00007fe1a5812000 JavaThread "Signal Dispatcher" daemon [_thread_blocked, id=13319, stack(0x00007000047e1000,0x00007000048e1000)]
  0x00007fe1a602d000 JavaThread "Finalizer" daemon [_thread_blocked, id=20739, stack(0x00007000046de000,0x00007000047de000)]
  0x00007fe1a602a800 JavaThread "Reference Handler" daemon [_thread_blocked, id=21251, stack(0x00007000045db000,0x00007000046db000)]

Other Threads:
  0x00007fe1a5009800 VMThread [stack: 0x00007000044d8000,0x00007000045d8000] [id=11779]
  0x00007fe1a4896800 WatcherThread [stack: 0x0000700004df3000,0x0000700004ef3000] [id=14851]

VM state:not at safepoint (normal execution)

VM Mutex/Monitor currently owned by a thread: None

Heap:
 PSYoungGen      total 38400K, used 19845K [0x0000000795580000, 0x0000000798000000, 0x00000007c0000000)
  eden space 33280K, 44% used [0x0000000795580000,0x00000007963fcef0,0x0000000797600000)
  from space 5120K, 97% used [0x0000000797600000,0x0000000797ae48d8,0x0000000797b00000)
  to   space 5120K, 0% used [0x0000000797b00000,0x0000000797b00000,0x0000000798000000)
 ParOldGen       total 87552K, used 16K [0x0000000740000000, 0x0000000745580000, 0x0000000795580000)
  object space 87552K, 0% used [0x0000000740000000,0x0000000740004000,0x0000000745580000)
 Metaspace       used 10657K, capacity 10795K, committed 11136K, reserved 1058816K
  class space    used 1043K, capacity 1116K, committed 1152K, reserved 1048576K

Card table byte_map: [0x0000000103762000,0x0000000103b63000] byte_map_base: 0x00000000ffd62000

Marking Bits: (ParMarkBitMap*) 0x0000000102cf0d30
 Begin Bits: [0x0000000103e0e000, 0x0000000105e0e000)
 End Bits:   [0x0000000105e0e000, 0x0000000107e0e000)

Polling page: 0x0000000101a9b000

CodeCache: size=245760Kb used=5180Kb max_used=5191Kb free=240579Kb
 bounds [0x0000000111359000, 0x0000000111879000, 0x0000000120359000]
 total_blobs=1795 nmethods=1299 adapters=410
 compilation: enabled

Compilation events (10 events):
Event: 58.300 Thread 0x00007fe1a500d000 1296       3       java.nio.Bits::long4 (7 bytes)
Event: 58.300 Thread 0x00007fe1a500d000 nmethod 1296 0x0000000111869a10 code [0x0000000111869b60, 0x0000000111869cb0]
Event: 58.300 Thread 0x00007fe1a500d000 1297       3       java.nio.Bits::long3 (7 bytes)
Event: 58.300 Thread 0x00007fe1a500d000 nmethod 1297 0x0000000111869710 code [0x0000000111869860, 0x00000001118699b0]
Event: 58.316 Thread 0x00007fe1a500d000 1298       3       java.nio.Bits::getLongB (60 bytes)
Event: 58.317 Thread 0x00007fe1a500d000 nmethod 1298 0x0000000111868b50 code [0x0000000111868d40, 0x0000000111869508]
Event: 58.317 Thread 0x00007fe1a500d000 1299       3       java.nio.Bits::makeLong (77 bytes)
Event: 58.317 Thread 0x00007fe1a500d000 nmethod 1299 0x0000000111868790 code [0x00000001118688e0, 0x0000000111868ab0]
Event: 58.435 Thread 0x00007fe1a488b000 1300       4       java.nio.Buffer::clear (20 bytes)
Event: 58.435 Thread 0x00007fe1a488b000 nmethod 1300 0x0000000111868550 code [0x00000001118686a0, 0x0000000111868718]

GC Heap History (2 events):
Event: 1.909 GC heap before
{Heap before GC invocations=1 (full 0):
 PSYoungGen      total 38400K, used 33046K [0x0000000795580000, 0x0000000798000000, 0x00000007c0000000)
  eden space 33280K, 99% used [0x0000000795580000,0x00000007975c5a90,0x0000000797600000)
  from space 5120K, 0% used [0x0000000797b00000,0x0000000797b00000,0x0000000798000000)
  to   space 5120K, 0% used [0x0000000797600000,0x0000000797600000,0x0000000797b00000)
 ParOldGen       total 87552K, used 0K [0x0000000740000000, 0x0000000745580000, 0x0000000795580000)
  object space 87552K, 0% used [0x0000000740000000,0x0000000740000000,0x0000000745580000)
 Metaspace       used 10149K, capacity 10315K, committed 10624K, reserved 1058816K
  class space    used 1016K, capacity 1084K, committed 1152K, reserved 1048576K
Event: 1.919 GC heap after
Heap after GC invocations=1 (full 0):
 PSYoungGen      total 38400K, used 5010K [0x0000000795580000, 0x0000000798000000, 0x00000007c0000000)
  eden space 33280K, 0% used [0x0000000795580000,0x0000000795580000,0x0000000797600000)
  from space 5120K, 97% used [0x0000000797600000,0x0000000797ae48d8,0x0000000797b00000)
  to   space 5120K, 0% used [0x0000000797b00000,0x0000000797b00000,0x0000000798000000)
 ParOldGen       total 87552K, used 16K [0x0000000740000000, 0x0000000745580000, 0x0000000795580000)
  object space 87552K, 0% used [0x0000000740000000,0x0000000740004000,0x0000000745580000)
 Metaspace       used 10149K, capacity 10315K, committed 10624K, reserved 1058816K
  class space    used 1016K, capacity 1084K, committed 1152K, reserved 1048576K
}

Deoptimization events (9 events):
Event: 0.329 Thread 0x00007fe1a4803800 Uncommon trap: reason=unstable_if action=reinterpret pc=0x00000001114addfc method=java.lang.String.indexOf([CII[CIII)I @ 134
Event: 0.329 Thread 0x00007fe1a4803800 Uncommon trap: reason=unstable_if action=reinterpret pc=0x00000001114b0f9c method=java.lang.String.indexOf([CII[CIII)I @ 123
Event: 0.331 Thread 0x00007fe1a4803800 Uncommon trap: reason=unstable_if action=reinterpret pc=0x00000001114e93d4 method=sun.misc.URLClassPath.getLoader(I)Lsun/misc/URLClassPath$Loader; @ 36
Event: 0.331 Thread 0x00007fe1a4803800 Uncommon trap: reason=unstable_if action=reinterpret pc=0x00000001114ec13c method=sun.misc.URLClassPath.getLoader(I)Lsun/misc/URLClassPath$Loader; @ 36
Event: 1.614 Thread 0x00007fe1a5a90800 Uncommon trap: reason=unstable_if action=reinterpret pc=0x00000001116758a4 method=javazoom.jl.decoder.huffcodetab.huffman_decoder(Ljavazoom/jl/decoder/huffcodetab;[I[I[I[ILjavazoom/jl/decoder/BitReserve;)I @ 27
Event: 1.678 Thread 0x00007fe1a51a8000 Uncommon trap: reason=unstable_if action=reinterpret pc=0x00000001115101c4 method=java.lang.String.replace(CC)Ljava/lang/String; @ 26
Event: 2.468 Thread 0x00007fe1a51a8000 Uncommon trap: reason=unstable_if action=reinterpret pc=0x0000000111746278 method=com.badlogic.gdx.assets.AssetManager.update()Z @ 17
Event: 58.399 Thread 0x00007fe1a51a8000 Uncommon trap: reason=unstable_if action=reinterpret pc=0x0000000111855224 method=java.lang.Math.min(FF)F @ 37
Event: 58.784 Thread 0x00007fe1a51a8000 Uncommon trap: reason=unstable_if action=reinterpret pc=0x00000001118169d0 method=com.badlogic.gdx.utils.Array$ArrayIterable.iterator()Ljava/util/Iterator; @ 4

Internal exceptions (10 events):
Event: 0.468 Thread 0x00007fe1a4803800 Exception <a 'java/lang/NoSuchFieldError': method resolution failed> (0x00000007960eb200) thrown at [/Users/java_re/workspace/8-2-build-macosx-x86_64/jdk8u121/8372/hotspot/src/share/vm/prims/methodHandles.cpp, line 1146]
Event: 0.742 Thread 0x00007fe1a4803800 Exception <a 'java/io/FileNotFoundException'> (0x000000079618df80) thrown at [/Users/java_re/workspace/8-2-build-macosx-x86_64/jdk8u121/8372/hotspot/src/share/vm/prims/jni.cpp, line 709]
Event: 0.742 Thread 0x00007fe1a4803800 Exception <a 'java/io/FileNotFoundException'> (0x000000079618eb30) thrown at [/Users/java_re/workspace/8-2-build-macosx-x86_64/jdk8u121/8372/hotspot/src/share/vm/prims/jni.cpp, line 709]
Event: 0.771 Thread 0x00007fe1a4803800 Exception <a 'java/security/PrivilegedActionException'> (0x00000007961d9fb8) thrown at [/Users/java_re/workspace/8-2-build-macosx-x86_64/jdk8u121/8372/hotspot/src/share/vm/prims/jvm.cpp, line 1390]
Event: 0.772 Thread 0x00007fe1a4803800 Exception <a 'java/security/PrivilegedActionException'> (0x00000007961dbba0) thrown at [/Users/java_re/workspace/8-2-build-macosx-x86_64/jdk8u121/8372/hotspot/src/share/vm/prims/jvm.cpp, line 1390]
Event: 0.772 Thread 0x00007fe1a4803800 Exception <a 'java/security/PrivilegedActionException'> (0x00000007961dccc0) thrown at [/Users/java_re/workspace/8-2-build-macosx-x86_64/jdk8u121/8372/hotspot/src/share/vm/prims/jvm.cpp, line 1390]
Event: 0.772 Thread 0x00007fe1a4803800 Exception <a 'java/security/PrivilegedActionException'> (0x00000007961e21b8) thrown at [/Users/java_re/workspace/8-2-build-macosx-x86_64/jdk8u121/8372/hotspot/src/share/vm/prims/jvm.cpp, line 1390]
Event: 0.772 Thread 0x00007fe1a4803800 Exception <a 'java/security/PrivilegedActionException'> (0x00000007961e2e10) thrown at [/Users/java_re/workspace/8-2-build-macosx-x86_64/jdk8u121/8372/hotspot/src/share/vm/prims/jvm.cpp, line 1390]
Event: 0.772 Thread 0x00007fe1a4803800 Exception <a 'java/security/PrivilegedActionException'> (0x00000007961e3a38) thrown at [/Users/java_re/workspace/8-2-build-macosx-x86_64/jdk8u121/8372/hotspot/src/share/vm/prims/jvm.cpp, line 1390]
Event: 58.784 Thread 0x00007fe1a51a8000 Implicit null exception at 0x0000000111816950 to 0x00000001118169bd

Events (10 events):
Event: 56.430 Thread 0x00007fe1a5b0e000 Thread exited: 0x00007fe1a5b0e000
Event: 57.917 Thread 0x00007fe1a51b8800 Thread added: 0x00007fe1a51b8800
Event: 58.399 Thread 0x00007fe1a51a8000 Uncommon trap: trap_request=0xffffff65 fr.pc=0x0000000111855224
Event: 58.399 Thread 0x00007fe1a51a8000 DEOPT PACKING pc=0x0000000111855224 sp=0x000070000548d4e0
Event: 58.399 Thread 0x00007fe1a51a8000 DEOPT UNPACKING pc=0x000000011135e229 sp=0x000070000548d498 mode 2
Event: 58.782 loading class com/badlogic/gdx/backends/lwjgl/LwjglApplication$2
Event: 58.782 loading class com/badlogic/gdx/backends/lwjgl/LwjglApplication$2 done
Event: 58.784 Thread 0x00007fe1a51a8000 Uncommon trap: trap_request=0xffffff65 fr.pc=0x00000001118169d0
Event: 58.784 Thread 0x00007fe1a51a8000 DEOPT PACKING pc=0x00000001118169d0 sp=0x000070000548d6b0
Event: 58.784 Thread 0x00007fe1a51a8000 DEOPT UNPACKING pc=0x000000011135e229 sp=0x000070000548d670 mode 2


Dynamic libraries:
0x000000001132c000 	/System/Library/Frameworks/Cocoa.framework/Versions/A/Cocoa
0x000000001132c000 	/System/Library/Frameworks/Security.framework/Versions/A/Security
0x000000001132c000 	/System/Library/Frameworks/ApplicationServices.framework/Versions/A/ApplicationServices
0x000000001132c000 	/usr/lib/libz.1.dylib
0x000000001132c000 	/usr/lib/libSystem.B.dylib
0x000000001132c000 	/usr/lib/libobjc.A.dylib
0x000000001132c000 	/System/Library/Frameworks/CoreFoundation.framework/Versions/A/CoreFoundation
0x000000001132c000 	/System/Library/Frameworks/Foundation.framework/Versions/C/Foundation
0x000000001132c000 	/System/Library/Frameworks/AppKit.framework/Versions/C/AppKit
0x000000001132c000 	/System/Library/Frameworks/CoreData.framework/Versions/A/CoreData
0x000000001132c000 	/System/Library/PrivateFrameworks/RemoteViewServices.framework/Versions/A/RemoteViewServices
0x000000001132c000 	/System/Library/PrivateFrameworks/UIFoundation.framework/Versions/A/UIFoundation
0x000000001132c000 	/System/Library/PrivateFrameworks/DFRFoundation.framework/Versions/A/DFRFoundation
0x000000001132c000 	/System/Library/Frameworks/Metal.framework/Versions/A/Metal
0x000000001132c000 	/System/Library/PrivateFrameworks/DesktopServicesPriv.framework/Versions/A/DesktopServicesPriv
0x000000001132c000 	/usr/lib/libenergytrace.dylib
0x000000001132c000 	/System/Library/PrivateFrameworks/SkyLight.framework/Versions/A/SkyLight
0x000000001132c000 	/System/Library/Frameworks/CoreGraphics.framework/Versions/A/CoreGraphics
0x000000001132c000 	/usr/lib/libScreenReader.dylib
0x000000001132c000 	/System/Library/Frameworks/Accelerate.framework/Versions/A/Accelerate
0x000000001132c000 	/System/Library/Frameworks/IOSurface.framework/Versions/A/IOSurface
0x000000001132c000 	/System/Library/Frameworks/AudioToolbox.framework/Versions/A/AudioToolbox
0x000000001132c000 	/System/Library/Frameworks/AudioUnit.framework/Versions/A/AudioUnit
0x000000001132c000 	/System/Library/PrivateFrameworks/DataDetectorsCore.framework/Versions/A/DataDetectorsCore
0x000000001132c000 	/System/Library/Frameworks/Carbon.framework/Versions/A/Frameworks/HIToolbox.framework/Versions/A/HIToolbox
0x000000001132c000 	/usr/lib/libicucore.A.dylib
0x000000001132c000 	/System/Library/Frameworks/QuartzCore.framework/Versions/A/QuartzCore
0x000000001132c000 	/System/Library/Frameworks/Carbon.framework/Versions/A/Frameworks/SpeechRecognition.framework/Versions/A/SpeechRecognition
0x000000001132c000 	/usr/lib/libauto.dylib
0x000000001132c000 	/usr/lib/libxml2.2.dylib
0x000000001132c000 	/System/Library/PrivateFrameworks/CoreUI.framework/Versions/A/CoreUI
0x000000001132c000 	/System/Library/Frameworks/CoreAudio.framework/Versions/A/CoreAudio
0x000000001132c000 	/System/Library/Frameworks/DiskArbitration.framework/Versions/A/DiskArbitration
0x000000001132c000 	/usr/lib/liblangid.dylib
0x000000001132c000 	/System/Library/PrivateFrameworks/MultitouchSupport.framework/Versions/A/MultitouchSupport
0x000000001132c000 	/System/Library/Frameworks/IOKit.framework/Versions/A/IOKit
0x000000001132c000 	/usr/lib/libDiagnosticMessagesClient.dylib
0x000000001132c000 	/System/Library/Frameworks/CoreServices.framework/Versions/A/CoreServices
0x000000001132c000 	/System/Library/PrivateFrameworks/PerformanceAnalysis.framework/Versions/A/PerformanceAnalysis
0x000000001132c000 	/System/Library/Frameworks/OpenGL.framework/Versions/A/OpenGL
0x000000001132c000 	/System/Library/Frameworks/ColorSync.framework/Versions/A/ColorSync
0x000000001132c000 	/System/Library/Frameworks/CoreImage.framework/Versions/A/CoreImage
0x000000001132c000 	/System/Library/Frameworks/CoreText.framework/Versions/A/CoreText
0x000000001132c000 	/System/Library/Frameworks/ImageIO.framework/Versions/A/ImageIO
0x000000001132c000 	/System/Library/PrivateFrameworks/Backup.framework/Versions/A/Backup
0x000000001132c000 	/usr/lib/libarchive.2.dylib
0x000000001132c000 	/System/Library/Frameworks/CFNetwork.framework/Versions/A/CFNetwork
0x000000001132c000 	/System/Library/Frameworks/SystemConfiguration.framework/Versions/A/SystemConfiguration
0x000000001132c000 	/usr/lib/libCRFSuite.dylib
0x000000001132c000 	/usr/lib/libc++.1.dylib
0x000000001132c000 	/usr/lib/libc++abi.dylib
0x000000001132c000 	/usr/lib/system/libcache.dylib
0x000000001132c000 	/usr/lib/system/libcommonCrypto.dylib
0x000000001132c000 	/usr/lib/system/libcompiler_rt.dylib
0x000000001132c000 	/usr/lib/system/libcopyfile.dylib
0x000000001132c000 	/usr/lib/system/libcorecrypto.dylib
0x000000001132c000 	/usr/lib/system/libdispatch.dylib
0x000000001132c000 	/usr/lib/system/libdyld.dylib
0x000000001132c000 	/usr/lib/system/libkeymgr.dylib
0x000000001132c000 	/usr/lib/system/liblaunch.dylib
0x000000001132c000 	/usr/lib/system/libmacho.dylib
0x000000001132c000 	/usr/lib/system/libquarantine.dylib
0x000000001132c000 	/usr/lib/system/libremovefile.dylib
0x000000001132c000 	/usr/lib/system/libsystem_asl.dylib
0x000000001132c000 	/usr/lib/system/libsystem_blocks.dylib
0x000000001132c000 	/usr/lib/system/libsystem_c.dylib
0x000000001132c000 	/usr/lib/system/libsystem_configuration.dylib
0x000000001132c000 	/usr/lib/system/libsystem_coreservices.dylib
0x000000001132c000 	/usr/lib/system/libsystem_darwin.dylib
0x000000001132c000 	/usr/lib/system/libsystem_dnssd.dylib
0x000000001132c000 	/usr/lib/system/libsystem_info.dylib
0x000000001132c000 	/usr/lib/system/libsystem_m.dylib
0x000000001132c000 	/usr/lib/system/libsystem_malloc.dylib
0x000000001132c000 	/usr/lib/system/libsystem_network.dylib
0x000000001132c000 	/usr/lib/system/libsystem_networkextension.dylib
0x000000001132c000 	/usr/lib/system/libsystem_notify.dylib
0x000000001132c000 	/usr/lib/system/libsystem_sandbox.dylib
0x000000001132c000 	/usr/lib/system/libsystem_secinit.dylib
0x000000001132c000 	/usr/lib/system/libsystem_kernel.dylib
0x000000001132c000 	/usr/lib/system/libsystem_platform.dylib
0x000000001132c000 	/usr/lib/system/libsystem_pthread.dylib
0x000000001132c000 	/usr/lib/system/libsystem_symptoms.dylib
0x000000001132c000 	/usr/lib/system/libsystem_trace.dylib
0x000000001132c000 	/usr/lib/system/libunwind.dylib
0x000000001132c000 	/usr/lib/system/libxpc.dylib
0x000000001132c000 	/usr/lib/closure/libclosured.dylib
0x000000001132c000 	/usr/lib/libbsm.0.dylib
0x000000001132c000 	/usr/lib/system/libkxld.dylib
0x000000001132c000 	/usr/lib/libOpenScriptingUtil.dylib
0x000000001132c000 	/usr/lib/libcoretls.dylib
0x000000001132c000 	/usr/lib/libcoretls_cfhelpers.dylib
0x000000001132c000 	/usr/lib/libpam.2.dylib
0x000000001132c000 	/usr/lib/libsqlite3.dylib
0x000000001132c000 	/usr/lib/libxar.1.dylib
0x000000001132c000 	/usr/lib/libbz2.1.0.dylib
0x000000001132c000 	/usr/lib/liblzma.5.dylib
0x000000001132c000 	/usr/lib/libnetwork.dylib
0x000000001132c000 	/usr/lib/libapple_nghttp2.dylib
0x000000001132c000 	/usr/lib/libpcap.A.dylib
0x000000001132c000 	/usr/lib/libboringssl.dylib
0x000000001132c000 	/usr/lib/libusrtcp.dylib
0x000000001132c000 	/usr/lib/libapple_crypto.dylib
0x000000001132c000 	/System/Library/Frameworks/CoreServices.framework/Versions/A/Frameworks/FSEvents.framework/Versions/A/FSEvents
0x000000001132c000 	/System/Library/Frameworks/CoreServices.framework/Versions/A/Frameworks/CarbonCore.framework/Versions/A/CarbonCore
0x000000001132c000 	/System/Library/Frameworks/CoreServices.framework/Versions/A/Frameworks/Metadata.framework/Versions/A/Metadata
0x000000001132c000 	/System/Library/Frameworks/CoreServices.framework/Versions/A/Frameworks/OSServices.framework/Versions/A/OSServices
0x000000001132c000 	/System/Library/Frameworks/CoreServices.framework/Versions/A/Frameworks/SearchKit.framework/Versions/A/SearchKit
0x000000001132c000 	/System/Library/Frameworks/CoreServices.framework/Versions/A/Frameworks/AE.framework/Versions/A/AE
0x000000001132c000 	/System/Library/Frameworks/CoreServices.framework/Versions/A/Frameworks/LaunchServices.framework/Versions/A/LaunchServices
0x000000001132c000 	/System/Library/Frameworks/CoreServices.framework/Versions/A/Frameworks/DictionaryServices.framework/Versions/A/DictionaryServices
0x000000001132c000 	/System/Library/Frameworks/CoreServices.framework/Versions/A/Frameworks/SharedFileList.framework/Versions/A/SharedFileList
0x000000001132c000 	/System/Library/Frameworks/NetFS.framework/Versions/A/NetFS
0x000000001132c000 	/System/Library/PrivateFrameworks/NetAuth.framework/Versions/A/NetAuth
0x000000001132c000 	/System/Library/PrivateFrameworks/login.framework/Versions/A/Frameworks/loginsupport.framework/Versions/A/loginsupport
0x000000001132c000 	/System/Library/PrivateFrameworks/TCC.framework/Versions/A/TCC
0x000000001132c000 	/usr/lib/libmecabra.dylib
0x000000001132c000 	/System/Library/Frameworks/ApplicationServices.framework/Versions/A/Frameworks/ATS.framework/Versions/A/ATS
0x000000001132c000 	/System/Library/Frameworks/ApplicationServices.framework/Versions/A/Frameworks/ColorSyncLegacy.framework/Versions/A/ColorSyncLegacy
0x000000001132c000 	/System/Library/Frameworks/ApplicationServices.framework/Versions/A/Frameworks/HIServices.framework/Versions/A/HIServices
0x000000001132c000 	/System/Library/Frameworks/ApplicationServices.framework/Versions/A/Frameworks/LangAnalysis.framework/Versions/A/LangAnalysis
0x000000001132c000 	/System/Library/Frameworks/ApplicationServices.framework/Versions/A/Frameworks/PrintCore.framework/Versions/A/PrintCore
0x000000001132c000 	/System/Library/Frameworks/ApplicationServices.framework/Versions/A/Frameworks/QD.framework/Versions/A/QD
0x000000001132c000 	/System/Library/Frameworks/ApplicationServices.framework/Versions/A/Frameworks/SpeechSynthesis.framework/Versions/A/SpeechSynthesis
0x000000001132c000 	/System/Library/Frameworks/CoreDisplay.framework/Versions/A/CoreDisplay
0x000000001132c000 	/System/Library/Frameworks/Accelerate.framework/Versions/A/Frameworks/vImage.framework/Versions/A/vImage
0x000000001132c000 	/System/Library/Frameworks/Accelerate.framework/Versions/A/Frameworks/vecLib.framework/Versions/A/vecLib
0x000000001132c000 	/System/Library/Frameworks/Accelerate.framework/Versions/A/Frameworks/vecLib.framework/Versions/A/libvDSP.dylib
0x000000001132c000 	/System/Library/Frameworks/Accelerate.framework/Versions/A/Frameworks/vecLib.framework/Versions/A/libBNNS.dylib
0x000000001132c000 	/System/Library/Frameworks/Accelerate.framework/Versions/A/Frameworks/vecLib.framework/Versions/A/libQuadrature.dylib
0x000000001132c000 	/System/Library/Frameworks/Accelerate.framework/Versions/A/Frameworks/vecLib.framework/Versions/A/libvMisc.dylib
0x000000001132c000 	/System/Library/Frameworks/Accelerate.framework/Versions/A/Frameworks/vecLib.framework/Versions/A/libLAPACK.dylib
0x000000001132c000 	/System/Library/Frameworks/Accelerate.framework/Versions/A/Frameworks/vecLib.framework/Versions/A/libBLAS.dylib
0x000000001132c000 	/System/Library/Frameworks/Accelerate.framework/Versions/A/Frameworks/vecLib.framework/Versions/A/libLinearAlgebra.dylib
0x000000001132c000 	/System/Library/Frameworks/Accelerate.framework/Versions/A/Frameworks/vecLib.framework/Versions/A/libSparse.dylib
0x000000001132c000 	/System/Library/Frameworks/Accelerate.framework/Versions/A/Frameworks/vecLib.framework/Versions/A/libSparseBLAS.dylib
0x000000001132c000 	/System/Library/PrivateFrameworks/IOAccelerator.framework/Versions/A/IOAccelerator
0x000000001132c000 	/System/Library/PrivateFrameworks/IOPresentment.framework/Versions/A/IOPresentment
0x000000001132c000 	/System/Library/PrivateFrameworks/DSExternalDisplay.framework/Versions/A/DSExternalDisplay
0x000000001132c000 	/System/Library/Frameworks/OpenGL.framework/Versions/A/Libraries/libCoreFSCache.dylib
0x000000001132c000 	/System/Library/Frameworks/CoreVideo.framework/Versions/A/CoreVideo
0x000000001132c000 	/System/Library/PrivateFrameworks/GraphVisualizer.framework/Versions/A/GraphVisualizer
0x000000001132c000 	/System/Library/Frameworks/MetalPerformanceShaders.framework/Versions/A/MetalPerformanceShaders
0x000000001132c000 	/usr/lib/libFosl_dynamic.dylib
0x000000001132c000 	/System/Library/PrivateFrameworks/FaceCore.framework/Versions/A/FaceCore
0x000000001132c000 	/System/Library/Frameworks/OpenCL.framework/Versions/A/OpenCL
0x000000001132c000 	/usr/lib/libcompression.dylib
0x000000001132c000 	/System/Library/Frameworks/ApplicationServices.framework/Versions/A/Frameworks/ATS.framework/Versions/A/Resources/libFontParser.dylib
0x000000001132c000 	/System/Library/Frameworks/ApplicationServices.framework/Versions/A/Frameworks/ATS.framework/Versions/A/Resources/libFontRegistry.dylib
0x000000001132c000 	/System/Library/Frameworks/ImageIO.framework/Versions/A/Resources/libJPEG.dylib
0x000000001132c000 	/System/Library/Frameworks/ImageIO.framework/Versions/A/Resources/libTIFF.dylib
0x000000001132c000 	/System/Library/Frameworks/ImageIO.framework/Versions/A/Resources/libPng.dylib
0x000000001132c000 	/System/Library/Frameworks/ImageIO.framework/Versions/A/Resources/libGIF.dylib
0x000000001132c000 	/System/Library/Frameworks/ImageIO.framework/Versions/A/Resources/libJP2.dylib
0x000000001132c000 	/System/Library/Frameworks/ImageIO.framework/Versions/A/Resources/libRadiance.dylib
0x000000001132c000 	/System/Library/PrivateFrameworks/AppleJPEG.framework/Versions/A/AppleJPEG
0x000000001132c000 	/System/Library/PrivateFrameworks/MetalTools.framework/Versions/A/MetalTools
0x000000001132c000 	/System/Library/Frameworks/MetalPerformanceShaders.framework/Frameworks/MPSCore.framework/Versions/A/MPSCore
0x000000001132c000 	/System/Library/Frameworks/MetalPerformanceShaders.framework/Frameworks/MPSImage.framework/Versions/A/MPSImage
0x000000001132c000 	/System/Library/Frameworks/MetalPerformanceShaders.framework/Frameworks/MPSMatrix.framework/Versions/A/MPSMatrix
0x000000001132c000 	/System/Library/Frameworks/MetalPerformanceShaders.framework/Frameworks/MPSNeuralNetwork.framework/Versions/A/MPSNeuralNetwork
0x000000001132c000 	/System/Library/Frameworks/OpenGL.framework/Versions/A/Libraries/libGLU.dylib
0x000000001132c000 	/System/Library/Frameworks/OpenGL.framework/Versions/A/Libraries/libGFXShared.dylib
0x000000001132c000 	/System/Library/Frameworks/OpenGL.framework/Versions/A/Libraries/libGL.dylib
0x000000001132c000 	/System/Library/Frameworks/OpenGL.framework/Versions/A/Libraries/libGLImage.dylib
0x000000001132c000 	/System/Library/Frameworks/OpenGL.framework/Versions/A/Libraries/libCVMSPluginSupport.dylib
0x000000001132c000 	/System/Library/Frameworks/OpenGL.framework/Versions/A/Libraries/libCoreVMClient.dylib
0x000000001132c000 	/usr/lib/libcups.2.dylib
0x000000001132c000 	/System/Library/Frameworks/Kerberos.framework/Versions/A/Kerberos
0x000000001132c000 	/System/Library/Frameworks/GSS.framework/Versions/A/GSS
0x000000001132c000 	/usr/lib/libresolv.9.dylib
0x000000001132c000 	/usr/lib/libiconv.2.dylib
0x000000001132c000 	/System/Library/PrivateFrameworks/Heimdal.framework/Versions/A/Heimdal
0x000000001132c000 	/usr/lib/libheimdal-asn1.dylib
0x000000001132c000 	/System/Library/Frameworks/OpenDirectory.framework/Versions/A/OpenDirectory
0x000000001132c000 	/System/Library/PrivateFrameworks/CommonAuth.framework/Versions/A/CommonAuth
0x000000001132c000 	/System/Library/Frameworks/OpenDirectory.framework/Versions/A/Frameworks/CFOpenDirectory.framework/Versions/A/CFOpenDirectory
0x000000001132c000 	/System/Library/Frameworks/SecurityFoundation.framework/Versions/A/SecurityFoundation
0x000000001132c000 	/System/Library/PrivateFrameworks/APFS.framework/Versions/A/APFS
0x000000001132c000 	/usr/lib/libutil.dylib
0x000000001132c000 	/System/Library/PrivateFrameworks/AppleSauce.framework/Versions/A/AppleSauce
0x000000001132c000 	/System/Library/PrivateFrameworks/LinguisticData.framework/Versions/A/LinguisticData
0x000000001132c000 	/usr/lib/libmarisa.dylib
0x000000001132c000 	/System/Library/PrivateFrameworks/Lexicon.framework/Versions/A/Lexicon
0x000000001132c000 	/usr/lib/libChineseTokenizer.dylib
0x000000001132c000 	/usr/lib/libcmph.dylib
0x000000001132c000 	/System/Library/PrivateFrameworks/LanguageModeling.framework/Versions/A/LanguageModeling
0x000000001132c000 	/System/Library/PrivateFrameworks/CoreEmoji.framework/Versions/A/CoreEmoji
0x000000001132c000 	/System/Library/Frameworks/ServiceManagement.framework/Versions/A/ServiceManagement
0x000000001132c000 	/System/Library/PrivateFrameworks/BackgroundTaskManagement.framework/Versions/A/BackgroundTaskManagement
0x000000001132c000 	/usr/lib/libxslt.1.dylib
0x000000001132c000 	/System/Library/Frameworks/Carbon.framework/Versions/A/Frameworks/Ink.framework/Versions/A/Ink
0x000000001132c000 	/System/Library/PrivateFrameworks/TextureIO.framework/Versions/A/TextureIO
0x000000001132c000 	/usr/lib/libate.dylib
0x000000001132c000 	/System/Library/PrivateFrameworks/CrashReporterSupport.framework/Versions/A/CrashReporterSupport
0x000000001132c000 	/System/Library/PrivateFrameworks/Sharing.framework/Versions/A/Sharing
0x000000001132c000 	/System/Library/PrivateFrameworks/IconServices.framework/Versions/A/IconServices
0x000000001132c000 	/System/Library/PrivateFrameworks/ProtocolBuffer.framework/Versions/A/ProtocolBuffer
0x000000001132c000 	/System/Library/PrivateFrameworks/Apple80211.framework/Versions/A/Apple80211
0x000000001132c000 	/System/Library/Frameworks/CoreWLAN.framework/Versions/A/CoreWLAN
0x000000001132c000 	/System/Library/PrivateFrameworks/CoreUtils.framework/Versions/A/CoreUtils
0x000000001132c000 	/System/Library/Frameworks/IOBluetooth.framework/Versions/A/IOBluetooth
0x000000001132c000 	/System/Library/PrivateFrameworks/CoreWiFi.framework/Versions/A/CoreWiFi
0x000000001132c000 	/System/Library/Frameworks/CoreBluetooth.framework/Versions/A/CoreBluetooth
0x000000001132c000 	/System/Library/PrivateFrameworks/SignpostNotification.framework/Versions/A/SignpostNotification
0x000000001132c000 	/System/Library/PrivateFrameworks/DebugSymbols.framework/Versions/A/DebugSymbols
0x000000001132c000 	/System/Library/PrivateFrameworks/CoreSymbolication.framework/Versions/A/CoreSymbolication
0x000000001132c000 	/System/Library/PrivateFrameworks/Symbolication.framework/Versions/A/Symbolication
0x000000001132c000 	/System/Library/PrivateFrameworks/AppleFSCompression.framework/Versions/A/AppleFSCompression
0x000000001132c000 	/System/Library/PrivateFrameworks/SpeechRecognitionCore.framework/Versions/A/SpeechRecognitionCore
0x0000000102400000 	/Library/Java/JavaVirtualMachines/jdk1.8.0_121.jdk/Contents/Home/jre/lib/server/libjvm.dylib
0x000000001132c000 	/usr/lib/libstdc++.6.0.9.dylib
0x0000000101a58000 	/Library/Java/JavaVirtualMachines/jdk1.8.0_121.jdk/Contents/Home/jre/lib/libverify.dylib
0x0000000101a66000 	/Library/Java/JavaVirtualMachines/jdk1.8.0_121.jdk/Contents/Home/jre/lib/libjava.dylib
0x0000000101a9c000 	/Library/Java/JavaVirtualMachines/jdk1.8.0_121.jdk/Contents/Home/jre/lib/libinstrument.dylib
0x0000000101b3a000 	/Library/Java/JavaVirtualMachines/jdk1.8.0_121.jdk/Contents/Home/jre/lib/libzip.dylib
0x000000001132c000 	/System/Library/Frameworks/JavaVM.framework/Versions/A/Frameworks/JavaRuntimeSupport.framework/Versions/A/JavaRuntimeSupport
0x000000001132c000 	/System/Library/Frameworks/JavaVM.framework/Versions/A/Frameworks/JavaNativeFoundation.framework/Versions/A/JavaNativeFoundation
0x000000001132c000 	/System/Library/Frameworks/JavaVM.framework/Versions/A/JavaVM
0x000000001132c000 	/System/Library/Frameworks/Carbon.framework/Versions/A/Carbon
0x000000001132c000 	/System/Library/PrivateFrameworks/JavaLaunching.framework/Versions/A/JavaLaunching
0x000000001132c000 	/System/Library/Frameworks/Carbon.framework/Versions/A/Frameworks/CommonPanels.framework/Versions/A/CommonPanels
0x000000001132c000 	/System/Library/Frameworks/Carbon.framework/Versions/A/Frameworks/Help.framework/Versions/A/Help
0x000000001132c000 	/System/Library/Frameworks/Carbon.framework/Versions/A/Frameworks/ImageCapture.framework/Versions/A/ImageCapture
0x000000001132c000 	/System/Library/Frameworks/Carbon.framework/Versions/A/Frameworks/OpenScripting.framework/Versions/A/OpenScripting
0x000000001132c000 	/System/Library/Frameworks/Carbon.framework/Versions/A/Frameworks/Print.framework/Versions/A/Print
0x000000001132c000 	/System/Library/Frameworks/Carbon.framework/Versions/A/Frameworks/SecurityHI.framework/Versions/A/SecurityHI
0x000000010b754000 	/Library/Java/JavaVirtualMachines/jdk1.8.0_121.jdk/Contents/Home/jre/lib/libnet.dylib
0x000000010b87c000 	/private/var/folders/nk/zc974d_96r31rwqtncf38fj80000gn/T/libgdxariellegoldberg/25a8e9fb/libgdx64.dylib
0x000000010b9bc000 	/Library/Java/JavaVirtualMachines/jdk1.8.0_121.jdk/Contents/Home/jre/lib/libawt.dylib
0x000000010ba64000 	/Library/Java/JavaVirtualMachines/jdk1.8.0_121.jdk/Contents/Home/jre/lib/./libmlib_image.dylib
0x000000010bb30000 	/Library/Java/JavaVirtualMachines/jdk1.8.0_121.jdk/Contents/Home/jre/lib/libawt_lwawt.dylib
0x000000010bbe7000 	/Library/Java/JavaVirtualMachines/jdk1.8.0_121.jdk/Contents/Home/jre/lib/./libosxapp.dylib
0x000000001132c000 	/System/Library/Frameworks/ExceptionHandling.framework/Versions/A/ExceptionHandling
0x000000001132c000 	/System/Library/PrivateFrameworks/CoreServicesInternal.framework/Versions/A/CoreServicesInternal
0x000000001132c000 	/System/Library/CoreServices/RawCamera.bundle/Contents/MacOS/RawCamera
0x000000001132c000 	/System/Library/PrivateFrameworks/MobileAsset.framework/Versions/A/MobileAsset
0x000000001132c000 	/System/Library/PrivateFrameworks/StreamingZip.framework/Versions/A/StreamingZip
0x000000001132c000 	/System/Library/Frameworks/MediaToolbox.framework/Versions/A/MediaToolbox
0x000000001132c000 	/System/Library/PrivateFrameworks/CoreAVCHD.framework/Versions/A/CoreAVCHD
0x000000001132c000 	/System/Library/Frameworks/MediaAccessibility.framework/Versions/A/MediaAccessibility
0x000000001132c000 	/System/Library/PrivateFrameworks/Mangrove.framework/Versions/A/Mangrove
0x000000001132c000 	/System/Library/Frameworks/CoreMedia.framework/Versions/A/CoreMedia
0x000000001132c000 	/System/Library/Frameworks/VideoToolbox.framework/Versions/A/VideoToolbox
0x000000001132c000 	/System/Library/PrivateFrameworks/CoreAUC.framework/Versions/A/CoreAUC
0x000000001132c000 	/usr/lib/libspindump.dylib
0x000000001132c000 	/usr/lib/libdscsym.dylib
0x000000001132c000 	/System/Library/PrivateFrameworks/AppleVA.framework/Versions/A/AppleVA
0x000000001132c000 	/System/Library/Frameworks/Accelerate.framework/Versions/A/Frameworks/vImage.framework/Versions/A/Libraries/libCGInterfaces.dylib
0x000000001132c000 	/System/Library/Frameworks/ApplicationServices.framework/Versions/A/Frameworks/ATS.framework/Versions/A/Resources/libTrueTypeScaler.dylib
0x000000001132c000 	/System/Library/Frameworks/OpenGL.framework/Versions/A/Resources/GLEngine.bundle/GLEngine
0x000000001132c000 	/System/Library/Frameworks/OpenGL.framework/Versions/A/Libraries/libGLProgrammability.dylib
0x000000010ddd8000 	/System/Library/Extensions/AppleIntelBDWGraphicsGLDriver.bundle/Contents/MacOS/AppleIntelBDWGraphicsGLDriver
0x000000001132c000 	/System/Library/PrivateFrameworks/GPUSupport.framework/Versions/A/Libraries/libGPUSupportMercury.dylib
0x000000001132c000 	/System/Library/Frameworks/OpenGL.framework/Versions/A/Resources/GLRendererFloat.bundle/GLRendererFloat
0x000000001132c000 	/System/Library/Frameworks/OpenCL.framework/Versions/A/Libraries/libcldcpuengine.dylib
0x000000001132c000 	/usr/lib/libcrypto.35.dylib
0x000000001132c000 	/System/Library/PrivateFrameworks/TrustEvaluationAgent.framework/Versions/A/TrustEvaluationAgent
0x000000001132c000 	/System/Library/Extensions/AppleIntelBDWGraphicsMTLDriver.bundle/Contents/MacOS/AppleIntelBDWGraphicsMTLDriver
0x000000001132c000 	/System/Library/PrivateFrameworks/GPUCompiler.framework/Versions/3802/Libraries/libmetal_timestamp.dylib
0x000000001132c000 	/System/Library/PrivateFrameworks/FamilyControls.framework/Versions/A/FamilyControls
0x000000001132c000 	/System/Library/PrivateFrameworks/CommerceKit.framework/Versions/A/Frameworks/CommerceCore.framework/Versions/A/CommerceCore
0x000000001132c000 	/System/Library/PrivateFrameworks/SystemAdministration.framework/Versions/A/SystemAdministration
0x000000001132c000 	/System/Library/PrivateFrameworks/AppContainer.framework/Versions/A/AppContainer
0x000000001132c000 	/System/Library/PrivateFrameworks/SecCodeWrapper.framework/Versions/A/SecCodeWrapper
0x000000001132c000 	/System/Library/PrivateFrameworks/DiskManagement.framework/Versions/A/DiskManagement
0x000000001132c000 	/System/Library/Frameworks/DirectoryService.framework/Versions/A/DirectoryService
0x000000001132c000 	/System/Library/PrivateFrameworks/DiskImages.framework/Versions/A/DiskImages
0x000000001132c000 	/System/Library/PrivateFrameworks/LoginUIKit.framework/Versions/A/Frameworks/LoginUICore.framework/Versions/A/LoginUICore
0x000000001132c000 	/usr/lib/libCoreStorage.dylib
0x000000001132c000 	/usr/lib/libcsfde.dylib
0x000000001132c000 	/usr/lib/libodfde.dylib
0x000000001132c000 	/System/Library/PrivateFrameworks/MediaKit.framework/Versions/A/MediaKit
0x000000001132c000 	/System/Library/Frameworks/DiscRecording.framework/Versions/A/DiscRecording
0x000000001132c000 	/System/Library/PrivateFrameworks/EFILogin.framework/Versions/A/EFILogin
0x000000001132c000 	/System/Library/PrivateFrameworks/ProtectedCloudStorage.framework/Versions/A/ProtectedCloudStorage
0x000000001132c000 	/usr/lib/libcurl.4.dylib
0x000000001132c000 	/usr/lib/libssl.35.dylib
0x000000001132c000 	/System/Library/Frameworks/LDAP.framework/Versions/A/LDAP
0x000000001132c000 	/usr/lib/libsasl2.2.dylib
0x000000001132c000 	/System/Library/PrivateFrameworks/CoreDaemon.framework/Versions/B/CoreDaemon
0x000000001132c000 	/System/Library/PrivateFrameworks/AppleSRP.framework/Versions/A/AppleSRP
0x000000010ec16000 	/Library/Java/JavaVirtualMachines/jdk1.8.0_121.jdk/Contents/Home/jre/lib/libfontmanager.dylib
0x000000010ec7d000 	/private/var/folders/nk/zc974d_96r31rwqtncf38fj80000gn/T/libgdxariellegoldberg/f7649394/liblwjgl.dylib
0x000000010cf26000 	/Library/Java/JavaVirtualMachines/jdk1.8.0_121.jdk/Contents/Home/jre/lib/libjawt.dylib
0x000000010ecff000 	/var/folders/nk/zc974d_96r31rwqtncf38fj80000gn/T/libgdxariellegoldberg/f7649394/openal.dylib
0x000000010ed6e000 	/System/Library/Components/CoreAudio.component/Contents/MacOS/CoreAudio
0x000000010ddc9000 	/System/Library/Extensions/AppleHDA.kext/Contents/PlugIns/AppleHDAHALPlugIn.bundle/Contents/MacOS/AppleHDAHALPlugIn
0x000000001132c000 	/System/Library/PrivateFrameworks/ViewBridge.framework/Versions/A/ViewBridge
0x0000000110c78000 	/private/var/folders/nk/zc974d_96r31rwqtncf38fj80000gn/T/libgdxariellegoldberg/c6e99639/libgdx-controllers-desktop64.dylib
0x00000001111c9000 	/private/var/folders/nk/zc974d_96r31rwqtncf38fj80000gn/T/libgdxariellegoldberg/816b5a05/libgdx-box2d64.dylib
0x000000010d793000 	/private/var/folders/nk/zc974d_96r31rwqtncf38fj80000gn/T/libgdxariellegoldberg/d1927f43/libgdx-freetype64.dylib
0x000000001132c000 	/System/Library/PrivateFrameworks/login.framework/Versions/A/login

VM Arguments:
jvm_args: -javaagent:/Applications/IntelliJ IDEA CE.app/Contents/lib/idea_rt.jar=55219:/Applications/IntelliJ IDEA CE.app/Contents/bin -Dfile.encoding=UTF-8 
java_command: edu.cornell.gdiac.physics.desktop.DesktopLauncher
java_class_path (initial): /Library/Java/JavaVirtualMachines/jdk1.8.0_121.jdk/Contents/Home/jre/lib/charsets.jar:/Library/Java/JavaVirtualMachines/jdk1.8.0_121.jdk/Contents/Home/jre/lib/deploy.jar:/Library/Java/JavaVirtualMachines/jdk1.8.0_121.jdk/Contents/Home/jre/lib/ext/cldrdata.jar:/Library/Java/JavaVirtualMachines/jdk1.8.0_121.jdk/Contents/Home/jre/lib/ext/dnsns.jar:/Library/Java/JavaVirtualMachines/jdk1.8.0_121.jdk/Contents/Home/jre/lib/ext/jaccess.jar:/Library/Java/JavaVirtualMachines/jdk1.8.0_121.jdk/Contents/Home/jre/lib/ext/jfxrt.jar:/Library/Java/JavaVirtualMachines/jdk1.8.0_121.jdk/Contents/Home/jre/lib/ext/localedata.jar:/Library/Java/JavaVirtualMachines/jdk1.8.0_121.jdk/Contents/Home/jre/lib/ext/nashorn.jar:/Library/Java/JavaVirtualMachines/jdk1.8.0_121.jdk/Contents/Home/jre/lib/ext/sunec.jar:/Library/Java/JavaVirtualMachines/jdk1.8.0_121.jdk/Contents/Home/jre/lib/ext/sunjce_provider.jar:/Library/Java/JavaVirtualMachines/jdk1.8.0_121.jdk/Contents/Home/jre/lib/ext/sunpkcs11.jar:/Library/Java/JavaVirtualMachines/jdk1.8.0_121.jdk/Contents/Home/jre/lib/ext/zipfs.jar:/Library/Java/JavaVirtualMachines/jdk1.8.0_121.jdk/Contents/Home/jre/lib/javaws.jar:/Library/Java/JavaVirtualMachines/jdk1.8.0_121.jdk/Contents/Home/jre/lib/jce.jar:/Library/Java/JavaVirtualMachines/jdk1.8.0_121.jdk/Contents/Home/jre/lib/jfr.jar:/Library/Java/JavaVirtualMachines/jdk1.8.0_121.jdk/Contents/Home/jre/lib/jfxswt.jar:/Library/Java/JavaVirtualMachines/jdk1.8.0_121.jdk/Contents/Home/jre/lib/jsse.jar:/Library/Java/JavaVirtualMachines/jdk1.8.0_121.jdk/Contents/Home/jre/lib/management-agent.jar:/Library/Java/JavaVirtualMachines/jdk1.8.0_121.jdk/Contents/Home/jre/lib/plugin.jar:/Library/Java/JavaVirtualMachines/jdk1.8.0_121.jdk/Contents/Home/jre/lib/resources.jar:/Library/Java/JavaVirtualMachines/jdk1.8.0_121.jdk/Contents/Home/jre/lib/rt.jar:/Library/Java/JavaVirtualMachines/jdk1.8.0_121.jdk/Contents/Home/lib/ant-javafx.jar:/Library/Java/JavaVirtualMachines/jdk1.8.0_121.jdk/Contents/Home
Launcher Type: SUN_STANDARD

Environment Variables:
PATH=/Library/Frameworks/Python.framework/Versions/3.6/bin:/Users/ariellegoldberg/anaconda/bin:/usr/local/bin:/usr/bin:/bin:/usr/sbin:/sbin:/usr/local/share/dotnet:/opt/X11/bin:~/.dotnet/tools:/Library/Frameworks/Mono.framework/Versions/Current/Commands:/Applications/Xamarin Workbooks.app/Contents/SharedSupport/path-bin:/usr/texbin:/usr/texbin
SHELL=/bin/bash
DISPLAY=/private/tmp/com.apple.launchd.2fycvp6o33/org.macosforge.xquartz:0

Signal Handlers:
SIGSEGV: [libjvm.dylib+0x5b1141], sa_mask[0]=11111111011111110111111111111111, sa_flags=SA_ONSTACK|SA_RESTART|SA_SIGINFO
SIGBUS: [libjvm.dylib+0x5b1141], sa_mask[0]=11111111011111110111111111111111, sa_flags=SA_RESTART|SA_SIGINFO
SIGFPE: [libjvm.dylib+0x487bc4], sa_mask[0]=11111111011111110111111111111111, sa_flags=SA_RESTART|SA_SIGINFO
SIGPIPE: [libjvm.dylib+0x487bc4], sa_mask[0]=11111111011111110111111111111111, sa_flags=SA_RESTART|SA_SIGINFO
SIGXFSZ: [libjvm.dylib+0x487bc4], sa_mask[0]=11111111011111110111111111111111, sa_flags=SA_RESTART|SA_SIGINFO
SIGILL: [libjvm.dylib+0x487bc4], sa_mask[0]=11111111011111110111111111111111, sa_flags=SA_RESTART|SA_SIGINFO
SIGUSR1: SIG_DFL, sa_mask[0]=00000000000000000000000000000000, sa_flags=none
SIGUSR2: [libjvm.dylib+0x4876e2], sa_mask[0]=00100000000000000000000000000000, sa_flags=SA_RESTART|SA_SIGINFO
SIGHUP: [libjvm.dylib+0x485cb9], sa_mask[0]=11111111011111110111111111111111, sa_flags=SA_RESTART|SA_SIGINFO
SIGINT: [libjvm.dylib+0x485cb9], sa_mask[0]=11111111011111110111111111111111, sa_flags=SA_RESTART|SA_SIGINFO
SIGTERM: [libjvm.dylib+0x485cb9], sa_mask[0]=11111111011111110111111111111111, sa_flags=SA_RESTART|SA_SIGINFO
SIGQUIT: [libjvm.dylib+0x485cb9], sa_mask[0]=11111111011111110111111111111111, sa_flags=SA_RESTART|SA_SIGINFO


---------------  S Y S T E M  ---------------

OS:Bsduname:Darwin 17.4.0 Darwin Kernel Version 17.4.0: Sun Dec 17 09:19:54 PST 2017; root:xnu-4570.41.2~1/RELEASE_X86_64 x86_64
rlimit: STACK 8192k, CORE 0k, NPROC 709, NOFILE 10240, AS infinity
load average:2.27 2.38 2.35

CPU:total 4 (2 cores per cpu, 2 threads per core) family 6 model 61 stepping 4, cmov, cx8, fxsr, mmx, sse, sse2, sse3, ssse3, sse4.1, sse4.2, popcnt, avx, avx2, aes, clmul, erms, 3dnowpref, lzcnt, ht, tsc, tscinvbit, bmi1, bmi2, adx

Memory: 4k page, physical 8388608k(24804k free)

/proc/meminfo:


vm_info: Java HotSpot(TM) 64-Bit Server VM (25.121-b13) for bsd-amd64 JRE (1.8.0_121-b13), built on Dec 12 2016 20:39:32 by "java_re" with gcc 4.2.1 (Based on Apple Inc. build 5658) (LLVM build 2336.11.00)

time: Sun Mar  3 22:49:34 2019
elapsed time: 58 seconds (0d 0h 0m 58s)

