#
# A fatal error has been detected by the Java Runtime Environment:
#
#  SIGBUS (0xa) at pc=0x00007f923e1fbd28, pid=33332, tid=0x0000000000011d03
#
# JRE version: Java(TM) SE Runtime Environment (8.0_121-b13) (build 1.8.0_121-b13)
# Java VM: Java HotSpot(TM) 64-Bit Server VM (25.121-b13 mixed mode bsd-amd64 compressed oops)
# Problematic frame:
# C  0x00007f923e1fbd28
#
# Failed to write core dump. Core dumps have been disabled. To enable core dumping, try "ulimit -c unlimited" before starting Java again
#
# If you would like to submit a bug report, please visit:
#   http://bugreport.java.com/bugreport/crash.jsp
# The crash happened outside the Java Virtual Machine in native code.
# See problematic frame for where to report the bug.
#

---------------  T H R E A D  ---------------

Current thread (0x00007f923d133800):  JavaThread "LWJGL Application" [_thread_in_native, id=72963, stack(0x0000700002da3000,0x0000700002ea3000)]

siginfo: si_signo: 10 (SIGBUS), si_code: 2 (BUS_ADRERR), si_addr: 0x00007f923e1fbd28

Registers:
RAX=0x00007f923dbbea00, RBX=0x00007f923dbbd600, RCX=0x0000000000000000, RDX=0x00007f923dbbd640
RSP=0x0000700002ea23e8, RBP=0x0000700002ea2400, RSI=0x00007f923e684200, RDI=0x00007f923dbbd600
R8 =0x0000000000000077, R9 =0x0000000000000000, R10=0x000000010c59b9c8, R11=0x00000001094ef067
R12=0x00007f923e4d9240, R13=0x00000001273e9d88, R14=0x00007f923e684200, R15=0x00007f923d133800
RIP=0x00007f923e1fbd28, EFLAGS=0x0000000000010202, ERR=0x0000000000000015
  TRAPNO=0x000000000000000e

Top of Stack: (sp=0x0000700002ea23e8)
0x0000700002ea23e8:   00000001278275d3 00007f923e4d9e40
0x0000700002ea23f8:   00007f923e684200 0000700002ea2430
0x0000700002ea2408:   000000012783421d 00007f923e684200
0x0000700002ea2418:   0000000000000000 00007f923dbbd600
0x0000700002ea2428:   00007f923d133800 0000700002ea2480
0x0000700002ea2438:   000000012783a022 0000000127848db8
0x0000700002ea2448:   00007f923d1339f8 0000700002ea2538
0x0000700002ea2458:   0000000127848df8 00007f923d1339f8
0x0000700002ea2468:   0000700002ea2538 00000001273e9d88
0x0000700002ea2478:   0000700002ea2538 0000700002ea24f8
0x0000700002ea2488:   000000010c59b9f4 0000000000000000
0x0000700002ea2498:   000000000000008a 000000000000008a
0x0000700002ea24a8:   00000007963c13d8 00007f923dbbd600
0x0000700002ea24b8:   0000700002ea24b8 0000000000000000
0x0000700002ea24c8:   0000700002ea2538 00000001273fa038
0x0000700002ea24d8:   0000000000000000 00000001273e9d88
0x0000700002ea24e8:   0000000000000000 0000700002ea2518
0x0000700002ea24f8:   0000700002ea2580 000000010c58c2bd
0x0000700002ea2508:   0000000000000000 000000010c595538
0x0000700002ea2518:   00007f923dbbd600 00000007964ed208
0x0000700002ea2528:   00007f923e684200 00000007964fd130
0x0000700002ea2538:   00000007963c0180 0000700002ea2540
0x0000700002ea2548:   00000001273e9cd8 0000700002ea2598
0x0000700002ea2558:   00000001273fa038 0000000000000000
0x0000700002ea2568:   00000001273e9d00 0000700002ea2518
0x0000700002ea2578:   0000700002ea2590 0000700002ea25e0
0x0000700002ea2588:   000000010c58c2bd 00000007964f6428
0x0000700002ea2598:   00000007963c0180 0000700002ea25a0
0x0000700002ea25a8:   000000012740d13f 0000700002ea2608
0x0000700002ea25b8:   00000001274f8978 0000000000000000
0x0000700002ea25c8:   000000012740d1b8 0000700002ea2590
0x0000700002ea25d8:   0000700002ea2600 0000700002ea2650 

Instructions: (pc=0x00007f923e1fbd28)
0x00007f923e1fbd08:   00 00 00 00 00 00 00 00 00 12 60 3e 92 7f 00 00
0x00007f923e1fbd18:   00 d3 4b 3e 92 7f 00 00 00 00 00 00 00 00 00 00
0x00007f923e1fbd28:   10 d7 8d 09 01 00 00 00 90 1e 86 09 01 00 00 00
0x00007f923e1fbd38:   88 bd 1f 3e 92 7f 00 00 a8 bd 1f 3e 92 7f 00 00 

Register to memory mapping:

RAX=0x00007f923dbbea00 is an unknown value
RBX=0x00007f923dbbd600 is an unknown value
RCX=0x0000000000000000 is an unknown value
RDX=0x00007f923dbbd640 is an unknown value
RSP=0x0000700002ea23e8 is pointing into the stack for thread: 0x00007f923d133800
RBP=0x0000700002ea2400 is pointing into the stack for thread: 0x00007f923d133800
RSI=0x00007f923e684200 is an unknown value
RDI=0x00007f923dbbd600 is an unknown value
R8 =0x0000000000000077 is an unknown value
R9 =0x0000000000000000 is an unknown value
R10=0x000000010c59b9c8 is at code_begin+808 in an Interpreter codelet
method entry point (kind = native)  [0x000000010c59b6a0, 0x000000010c59bfa0]  2304 bytes
R11=0x00000001094ef067: throw_unsatisfied_link_error+0 in /Library/Java/JavaVirtualMachines/jdk1.8.0_121.jdk/Contents/Home/jre/lib/server/libjvm.dylib at 0x000000010900b000
R12=0x00007f923e4d9240 is an unknown value
R13={method} {0x00000001273e9d88} 'jniDestroyJoint' '(JJ)V' in 'com/badlogic/gdx/physics/box2d/World'
R14=0x00007f923e684200 is an unknown value
R15=0x00007f923d133800 is a thread


Stack: [0x0000700002da3000,0x0000700002ea3000],  sp=0x0000700002ea23e8,  free space=1020k
Native frames: (J=compiled Java code, j=interpreted, Vv=VM code, C=native code)
C  0x00007f923e1fbd28
C  [libgdx-box2d64.dylib+0x1f21d]  _ZN7b2World12DestroyJointEP7b2Joint+0x10d
C  [libgdx-box2d64.dylib+0x25022]  Java_com_badlogic_gdx_physics_box2d_World_jniDestroyJoint+0x62
j  com.badlogic.gdx.physics.box2d.World.jniDestroyJoint(JJ)V+0
j  com.badlogic.gdx.physics.box2d.World.destroyJoint(Lcom/badlogic/gdx/physics/box2d/Joint;)V+64
j  edu.cornell.gdiac.physics.obstacle.ComplexObstacle.deactivatePhysics(Lcom/badlogic/gdx/physics/box2d/World;)V+39
j  edu.cornell.gdiac.physics.platform.RopeBridge.deactivatePhysics(Lcom/badlogic/gdx/physics/box2d/World;)V+2
j  edu.cornell.gdiac.physics.platform.PlatformController.reset()V+47
J 1183 C1 edu.cornell.gdiac.physics.WorldController.preUpdate(F)Z (182 bytes) @ 0x000000010ca3b184 [0x000000010ca3abe0+0x5a4]
J 1225 C1 edu.cornell.gdiac.physics.platform.PlatformController.preUpdate(F)Z (66 bytes) @ 0x000000010ca66224 [0x000000010ca661a0+0x84]
J 1182 C1 edu.cornell.gdiac.physics.WorldController.render(F)V (31 bytes) @ 0x000000010ca34794 [0x000000010ca34640+0x154]
J 1260 C1 com.badlogic.gdx.Game.render()V (25 bytes) @ 0x000000010ca9c804 [0x000000010ca9c620+0x1e4]
j  com.badlogic.gdx.backends.lwjgl.LwjglApplication.mainLoop()V+698
j  com.badlogic.gdx.backends.lwjgl.LwjglApplication$1.run()V+27
v  ~StubRoutines::call_stub
V  [libjvm.dylib+0x2ed9d6]
V  [libjvm.dylib+0x2ee164]
V  [libjvm.dylib+0x2ee310]
V  [libjvm.dylib+0x348a5d]
V  [libjvm.dylib+0x56ab0f]
V  [libjvm.dylib+0x56c1fc]
V  [libjvm.dylib+0x48a5b2]
C  [libsystem_pthread.dylib+0x36c1]  _pthread_body+0x154
C  [libsystem_pthread.dylib+0x356d]  _pthread_body+0x0
C  [libsystem_pthread.dylib+0x2c5d]  thread_start+0xd
C  0x0000000000000000

Java frames: (J=compiled Java code, j=interpreted, Vv=VM code)
j  com.badlogic.gdx.physics.box2d.World.jniDestroyJoint(JJ)V+0
j  com.badlogic.gdx.physics.box2d.World.destroyJoint(Lcom/badlogic/gdx/physics/box2d/Joint;)V+64
j  edu.cornell.gdiac.physics.obstacle.ComplexObstacle.deactivatePhysics(Lcom/badlogic/gdx/physics/box2d/World;)V+39
j  edu.cornell.gdiac.physics.platform.RopeBridge.deactivatePhysics(Lcom/badlogic/gdx/physics/box2d/World;)V+2
j  edu.cornell.gdiac.physics.platform.PlatformController.reset()V+47
J 1183 C1 edu.cornell.gdiac.physics.WorldController.preUpdate(F)Z (182 bytes) @ 0x000000010ca3b184 [0x000000010ca3abe0+0x5a4]
J 1225 C1 edu.cornell.gdiac.physics.platform.PlatformController.preUpdate(F)Z (66 bytes) @ 0x000000010ca66224 [0x000000010ca661a0+0x84]
J 1182 C1 edu.cornell.gdiac.physics.WorldController.render(F)V (31 bytes) @ 0x000000010ca34794 [0x000000010ca34640+0x154]
J 1260 C1 com.badlogic.gdx.Game.render()V (25 bytes) @ 0x000000010ca9c804 [0x000000010ca9c620+0x1e4]
j  com.badlogic.gdx.backends.lwjgl.LwjglApplication.mainLoop()V+698
j  com.badlogic.gdx.backends.lwjgl.LwjglApplication$1.run()V+27
v  ~StubRoutines::call_stub

---------------  P R O C E S S  ---------------

Java Threads: ( => current thread )
  0x00007f923d91d000 JavaThread "AWT-Shutdown" [_thread_blocked, id=18963, stack(0x00007000018d8000,0x00007000019d8000)]
  0x00007f923e3b3800 JavaThread "AsynchExecutor-Thread" daemon [_thread_blocked, id=58895, stack(0x0000700002fa9000,0x00007000030a9000)]
  0x00007f923d129000 JavaThread "Attach Listener" daemon [_thread_blocked, id=71947, stack(0x0000700002ea6000,0x0000700002fa6000)]
  0x00007f923e323000 JavaThread "DestroyJavaVM" [_thread_blocked, id=10243, stack(0x00007000019de000,0x0000700001ade000)]
=>0x00007f923d133800 JavaThread "LWJGL Application" [_thread_in_native, id=72963, stack(0x0000700002da3000,0x0000700002ea3000)]
  0x00007f923c990800 JavaThread "AppKit Thread" daemon [_thread_in_native, id=775, stack(0x00007ffee642e000,0x00007ffee6c2e000)]
  0x00007f923e0ac800 JavaThread "Service Thread" daemon [_thread_blocked, id=14083, stack(0x0000700002788000,0x0000700002888000)]
  0x00007f923d814800 JavaThread "C1 CompilerThread2" daemon [_thread_blocked, id=13827, stack(0x0000700002685000,0x0000700002785000)]
  0x00007f923e0a4000 JavaThread "C2 CompilerThread1" daemon [_thread_blocked, id=17411, stack(0x0000700002582000,0x0000700002682000)]
  0x00007f923d05c000 JavaThread "C2 CompilerThread0" daemon [_thread_blocked, id=17923, stack(0x000070000247f000,0x000070000257f000)]
  0x00007f923c815000 JavaThread "Monitor Ctrl-Break" daemon [_thread_in_native, id=18435, stack(0x000070000237c000,0x000070000247c000)]
  0x00007f923e06f800 JavaThread "Signal Dispatcher" daemon [_thread_blocked, id=13575, stack(0x0000700002279000,0x0000700002379000)]
  0x00007f923d80d800 JavaThread "Finalizer" daemon [_thread_blocked, id=11779, stack(0x00007000020f3000,0x00007000021f3000)]
  0x00007f923d015000 JavaThread "Reference Handler" daemon [_thread_blocked, id=11523, stack(0x0000700001ff0000,0x00007000020f0000)]

Other Threads:
  0x00007f923c800800 VMThread [stack: 0x0000700001eed000,0x0000700001fed000] [id=21251]
  0x00007f923d8d1000 WatcherThread [stack: 0x000070000288b000,0x000070000298b000] [id=16643]

VM state:not at safepoint (normal execution)

VM Mutex/Monitor currently owned by a thread: None

Heap:
 PSYoungGen      total 38400K, used 21225K [0x0000000795580000, 0x0000000798000000, 0x00000007c0000000)
  eden space 33280K, 48% used [0x0000000795580000,0x000000079653d830,0x0000000797600000)
  from space 5120K, 99% used [0x0000000797600000,0x0000000797afccb0,0x0000000797b00000)
  to   space 5120K, 0% used [0x0000000797b00000,0x0000000797b00000,0x0000000798000000)
 ParOldGen       total 87552K, used 601K [0x0000000740000000, 0x0000000745580000, 0x0000000795580000)
  object space 87552K, 0% used [0x0000000740000000,0x00000007400967f8,0x0000000745580000)
 Metaspace       used 10672K, capacity 10795K, committed 11136K, reserved 1058816K
  class space    used 1044K, capacity 1116K, committed 1152K, reserved 1048576K

Card table byte_map: [0x000000010ac5d000,0x000000010b05e000] byte_map_base: 0x000000010725d000

Marking Bits: (ParMarkBitMap*) 0x00000001098fbd30
 Begin Bits: [0x000000011b584000, 0x000000011d584000)
 End Bits:   [0x000000011d584000, 0x000000011f584000)

Polling page: 0x0000000109ff0000

CodeCache: size=245760Kb used=5279Kb max_used=5294Kb free=240480Kb
 bounds [0x000000010c584000, 0x000000010cac4000, 0x000000011b584000]
 total_blobs=1783 nmethods=1286 adapters=411
 compilation: enabled

Compilation events (10 events):
Event: 14.096 Thread 0x00007f923e0a4000 nmethod 1284 0x000000010caadf90 code [0x000000010caae0e0, 0x000000010caae198]
Event: 14.096 Thread 0x00007f923d05c000 nmethod 1285 0x000000010caae250 code [0x000000010caae3a0, 0x000000010caae458]
Event: 14.144 Thread 0x00007f923d814800 1286       3       com.badlogic.gdx.physics.box2d.World::contactFilter (144 bytes)
Event: 14.145 Thread 0x00007f923d814800 nmethod 1286 0x000000010caacd10 code [0x000000010caacf20, 0x000000010caad8c8]
Event: 14.377 Thread 0x00007f923d814800 1287       3       java.nio.HeapByteBuffer::get (14 bytes)
Event: 14.378 Thread 0x00007f923d814800 nmethod 1287 0x000000010caac610 code [0x000000010caac7a0, 0x000000010caacb48]
Event: 15.945 Thread 0x00007f923e0a4000 1288       4       com.badlogic.gdx.physics.box2d.Body::getLinearVelocity (43 bytes)
Event: 15.946 Thread 0x00007f923e0a4000 nmethod 1288 0x000000010caafd10 code [0x000000010caafe60, 0x000000010caaff68]
Event: 17.596 Thread 0x00007f923d05c000 1289       4       com.badlogic.gdx.graphics.glutils.VertexArray::bind (347 bytes)
Event: 17.610 Thread 0x00007f923d05c000 nmethod 1289 0x000000010cab2650 code [0x000000010cab2880, 0x000000010cab3708]

GC Heap History (2 events):
Event: 1.768 GC heap before
{Heap before GC invocations=1 (full 0):
 PSYoungGen      total 38400K, used 32529K [0x0000000795580000, 0x0000000798000000, 0x00000007c0000000)
  eden space 33280K, 97% used [0x0000000795580000,0x0000000797544628,0x0000000797600000)
  from space 5120K, 0% used [0x0000000797b00000,0x0000000797b00000,0x0000000798000000)
  to   space 5120K, 0% used [0x0000000797600000,0x0000000797600000,0x0000000797b00000)
 ParOldGen       total 87552K, used 0K [0x0000000740000000, 0x0000000745580000, 0x0000000795580000)
  object space 87552K, 0% used [0x0000000740000000,0x0000000740000000,0x0000000745580000)
 Metaspace       used 9983K, capacity 10155K, committed 10368K, reserved 1058816K
  class space    used 996K, capacity 1052K, committed 1152K, reserved 1048576K
Event: 1.777 GC heap after
Heap after GC invocations=1 (full 0):
 PSYoungGen      total 38400K, used 5107K [0x0000000795580000, 0x0000000798000000, 0x00000007c0000000)
  eden space 33280K, 0% used [0x0000000795580000,0x0000000795580000,0x0000000797600000)
  from space 5120K, 99% used [0x0000000797600000,0x0000000797afccb0,0x0000000797b00000)
  to   space 5120K, 0% used [0x0000000797b00000,0x0000000797b00000,0x0000000798000000)
 ParOldGen       total 87552K, used 601K [0x0000000740000000, 0x0000000745580000, 0x0000000795580000)
  object space 87552K, 0% used [0x0000000740000000,0x00000007400967f8,0x0000000745580000)
 Metaspace       used 9983K, capacity 10155K, committed 10368K, reserved 1058816K
  class space    used 996K, capacity 1052K, committed 1152K, reserved 1048576K
}

Deoptimization events (10 events):
Event: 0.351 Thread 0x00007f923d006000 Uncommon trap: reason=unstable_if action=reinterpret pc=0x000000010c713354 method=sun.misc.URLClassPath.getLoader(I)Lsun/misc/URLClassPath$Loader; @ 36
Event: 0.351 Thread 0x00007f923d006000 Uncommon trap: reason=unstable_if action=reinterpret pc=0x000000010c7160bc method=sun.misc.URLClassPath.getLoader(I)Lsun/misc/URLClassPath$Loader; @ 36
Event: 1.522 Thread 0x00007f923e3b3800 Uncommon trap: reason=unstable_if action=reinterpret pc=0x000000010c88376c method=javazoom.jl.decoder.BitReserve.hgetbits(I)I @ 22
Event: 1.765 Thread 0x00007f923e3b3800 Uncommon trap: reason=unstable_if action=reinterpret pc=0x000000010c8de584 method=javazoom.jl.decoder.LayerIIIDecoder.reorder([[FII)V @ 24
Event: 1.765 Thread 0x00007f923e3b3800 Uncommon trap: reason=unstable_if action=reinterpret pc=0x000000010c8fb740 method=javazoom.jl.decoder.LayerIIIDecoder.hybrid(II)V @ 32
Event: 1.765 Thread 0x00007f923e3b3800 Uncommon trap: reason=unstable_if action=reinterpret pc=0x000000010c8eabf8 method=javazoom.jl.decoder.LayerIIIDecoder.hybrid(II)V @ 32
Event: 1.766 Thread 0x00007f923e3b3800 Uncommon trap: reason=unstable_if action=reinterpret pc=0x000000010c86e670 method=javazoom.jl.decoder.LayerIIIDecoder.hybrid(II)V @ 32
Event: 2.139 Thread 0x00007f923d133800 Uncommon trap: reason=unstable_if action=reinterpret pc=0x000000010c71b104 method=java.lang.String.replace(CC)Ljava/lang/String; @ 26
Event: 2.352 Thread 0x00007f923e3b3800 Uncommon trap: reason=unstable_if action=reinterpret pc=0x000000010c91ff98 method=javazoom.jl.decoder.LayerIIIDecoder.stereo(I)V @ 137
Event: 2.352 Thread 0x00007f923e3b3800 Uncommon trap: reason=unstable_if action=reinterpret pc=0x000000010c8fd16c method=javazoom.jl.decoder.LayerIIIDecoder.stereo(I)V @ 1914

Internal exceptions (10 events):
Event: 0.521 Thread 0x00007f923d006000 Exception <a 'java/lang/NoSuchFieldError': method resolution failed> (0x00000007960dd270) thrown at [/Users/java_re/workspace/8-2-build-macosx-x86_64/jdk8u121/8372/hotspot/src/share/vm/prims/methodHandles.cpp, line 1146]
Event: 0.523 Thread 0x00007f923d006000 Exception <a 'java/lang/NoSuchFieldError': method resolution failed> (0x00000007960eb200) thrown at [/Users/java_re/workspace/8-2-build-macosx-x86_64/jdk8u121/8372/hotspot/src/share/vm/prims/methodHandles.cpp, line 1146]
Event: 0.782 Thread 0x00007f923d006000 Exception <a 'java/io/FileNotFoundException'> (0x000000079618df80) thrown at [/Users/java_re/workspace/8-2-build-macosx-x86_64/jdk8u121/8372/hotspot/src/share/vm/prims/jni.cpp, line 709]
Event: 0.782 Thread 0x00007f923d006000 Exception <a 'java/io/FileNotFoundException'> (0x000000079618eb30) thrown at [/Users/java_re/workspace/8-2-build-macosx-x86_64/jdk8u121/8372/hotspot/src/share/vm/prims/jni.cpp, line 709]
Event: 0.799 Thread 0x00007f923d006000 Exception <a 'java/security/PrivilegedActionException'> (0x00000007961d9fb8) thrown at [/Users/java_re/workspace/8-2-build-macosx-x86_64/jdk8u121/8372/hotspot/src/share/vm/prims/jvm.cpp, line 1390]
Event: 0.799 Thread 0x00007f923d006000 Exception <a 'java/security/PrivilegedActionException'> (0x00000007961dbba0) thrown at [/Users/java_re/workspace/8-2-build-macosx-x86_64/jdk8u121/8372/hotspot/src/share/vm/prims/jvm.cpp, line 1390]
Event: 0.799 Thread 0x00007f923d006000 Exception <a 'java/security/PrivilegedActionException'> (0x00000007961dccc0) thrown at [/Users/java_re/workspace/8-2-build-macosx-x86_64/jdk8u121/8372/hotspot/src/share/vm/prims/jvm.cpp, line 1390]
Event: 0.799 Thread 0x00007f923d006000 Exception <a 'java/security/PrivilegedActionException'> (0x00000007961e21b8) thrown at [/Users/java_re/workspace/8-2-build-macosx-x86_64/jdk8u121/8372/hotspot/src/share/vm/prims/jvm.cpp, line 1390]
Event: 0.799 Thread 0x00007f923d006000 Exception <a 'java/security/PrivilegedActionException'> (0x00000007961e2e10) thrown at [/Users/java_re/workspace/8-2-build-macosx-x86_64/jdk8u121/8372/hotspot/src/share/vm/prims/jvm.cpp, line 1390]
Event: 0.799 Thread 0x00007f923d006000 Exception <a 'java/security/PrivilegedActionException'> (0x00000007961e3a38) thrown at [/Users/java_re/workspace/8-2-build-macosx-x86_64/jdk8u121/8372/hotspot/src/share/vm/prims/jvm.cpp, line 1390]

Events (10 events):
Event: 15.873 Thread 0x00007f923d91d000 Thread exited: 0x00007f923d91d000
Event: 15.960 Thread 0x00007f923d91d000 Thread added: 0x00007f923d91d000
Event: 16.972 Executing VM operation: RevokeBias
Event: 16.972 Executing VM operation: RevokeBias done
Event: 16.972 Thread 0x00007f923d91d000 Thread exited: 0x00007f923d91d000
Event: 17.043 Thread 0x00007f923e194800 Thread added: 0x00007f923e194800
Event: 18.045 Executing VM operation: RevokeBias
Event: 18.045 Executing VM operation: RevokeBias done
Event: 18.045 Thread 0x00007f923e194800 Thread exited: 0x00007f923e194800
Event: 18.750 Thread 0x00007f923d91d000 Thread added: 0x00007f923d91d000


Dynamic libraries:
0x000000001132c000 	/System/Library/Frameworks/Cocoa.framework/Versions/A/Cocoa
0x000000001132c000 	/System/Library/Frameworks/Security.framework/Versions/A/Security
0x000000001132c000 	/System/Library/Frameworks/ApplicationServices.framework/Versions/A/ApplicationServices
0x000000001132c000 	/usr/lib/libz.1.dylib
0x000000001132c000 	/usr/lib/libSystem.B.dylib
0x000000001132c000 	/usr/lib/libobjc.A.dylib
0x000000001132c000 	/System/Library/Frameworks/CoreFoundation.framework/Versions/A/CoreFoundation
0x000000001132c000 	/System/Library/Frameworks/Foundation.framework/Versions/C/Foundation
0x000000001132c000 	/System/Library/Frameworks/AppKit.framework/Versions/C/AppKit
0x000000001132c000 	/System/Library/Frameworks/CoreData.framework/Versions/A/CoreData
0x000000001132c000 	/System/Library/PrivateFrameworks/RemoteViewServices.framework/Versions/A/RemoteViewServices
0x000000001132c000 	/System/Library/PrivateFrameworks/UIFoundation.framework/Versions/A/UIFoundation
0x000000001132c000 	/System/Library/PrivateFrameworks/DFRFoundation.framework/Versions/A/DFRFoundation
0x000000001132c000 	/System/Library/Frameworks/Metal.framework/Versions/A/Metal
0x000000001132c000 	/System/Library/PrivateFrameworks/DesktopServicesPriv.framework/Versions/A/DesktopServicesPriv
0x000000001132c000 	/usr/lib/libenergytrace.dylib
0x000000001132c000 	/System/Library/PrivateFrameworks/SkyLight.framework/Versions/A/SkyLight
0x000000001132c000 	/System/Library/Frameworks/CoreGraphics.framework/Versions/A/CoreGraphics
0x000000001132c000 	/usr/lib/libScreenReader.dylib
0x000000001132c000 	/System/Library/Frameworks/Accelerate.framework/Versions/A/Accelerate
0x000000001132c000 	/System/Library/Frameworks/IOSurface.framework/Versions/A/IOSurface
0x000000001132c000 	/System/Library/Frameworks/AudioToolbox.framework/Versions/A/AudioToolbox
0x000000001132c000 	/System/Library/Frameworks/AudioUnit.framework/Versions/A/AudioUnit
0x000000001132c000 	/System/Library/PrivateFrameworks/DataDetectorsCore.framework/Versions/A/DataDetectorsCore
0x000000001132c000 	/System/Library/Frameworks/Carbon.framework/Versions/A/Frameworks/HIToolbox.framework/Versions/A/HIToolbox
0x000000001132c000 	/usr/lib/libicucore.A.dylib
0x000000001132c000 	/System/Library/Frameworks/QuartzCore.framework/Versions/A/QuartzCore
0x000000001132c000 	/System/Library/Frameworks/Carbon.framework/Versions/A/Frameworks/SpeechRecognition.framework/Versions/A/SpeechRecognition
0x000000001132c000 	/usr/lib/libauto.dylib
0x000000001132c000 	/usr/lib/libxml2.2.dylib
0x000000001132c000 	/System/Library/PrivateFrameworks/CoreUI.framework/Versions/A/CoreUI
0x000000001132c000 	/System/Library/Frameworks/CoreAudio.framework/Versions/A/CoreAudio
0x000000001132c000 	/System/Library/Frameworks/DiskArbitration.framework/Versions/A/DiskArbitration
0x000000001132c000 	/usr/lib/liblangid.dylib
0x000000001132c000 	/System/Library/PrivateFrameworks/MultitouchSupport.framework/Versions/A/MultitouchSupport
0x000000001132c000 	/System/Library/Frameworks/IOKit.framework/Versions/A/IOKit
0x000000001132c000 	/usr/lib/libDiagnosticMessagesClient.dylib
0x000000001132c000 	/System/Library/Frameworks/CoreServices.framework/Versions/A/CoreServices
0x000000001132c000 	/System/Library/PrivateFrameworks/PerformanceAnalysis.framework/Versions/A/PerformanceAnalysis
0x000000001132c000 	/System/Library/Frameworks/OpenGL.framework/Versions/A/OpenGL
0x000000001132c000 	/System/Library/Frameworks/ColorSync.framework/Versions/A/ColorSync
0x000000001132c000 	/System/Library/Frameworks/CoreImage.framework/Versions/A/CoreImage
0x000000001132c000 	/System/Library/Frameworks/CoreText.framework/Versions/A/CoreText
0x000000001132c000 	/System/Library/Frameworks/ImageIO.framework/Versions/A/ImageIO
0x000000001132c000 	/System/Library/PrivateFrameworks/Backup.framework/Versions/A/Backup
0x000000001132c000 	/usr/lib/libarchive.2.dylib
0x000000001132c000 	/System/Library/Frameworks/CFNetwork.framework/Versions/A/CFNetwork
0x000000001132c000 	/System/Library/Frameworks/SystemConfiguration.framework/Versions/A/SystemConfiguration
0x000000001132c000 	/usr/lib/libCRFSuite.dylib
0x000000001132c000 	/usr/lib/libc++.1.dylib
0x000000001132c000 	/usr/lib/libc++abi.dylib
0x000000001132c000 	/usr/lib/system/libcache.dylib
0x000000001132c000 	/usr/lib/system/libcommonCrypto.dylib
0x000000001132c000 	/usr/lib/system/libcompiler_rt.dylib
0x000000001132c000 	/usr/lib/system/libcopyfile.dylib
0x000000001132c000 	/usr/lib/system/libcorecrypto.dylib
0x000000001132c000 	/usr/lib/system/libdispatch.dylib
0x000000001132c000 	/usr/lib/system/libdyld.dylib
0x000000001132c000 	/usr/lib/system/libkeymgr.dylib
0x000000001132c000 	/usr/lib/system/liblaunch.dylib
0x000000001132c000 	/usr/lib/system/libmacho.dylib
0x000000001132c000 	/usr/lib/system/libquarantine.dylib
0x000000001132c000 	/usr/lib/system/libremovefile.dylib
0x000000001132c000 	/usr/lib/system/libsystem_asl.dylib
0x000000001132c000 	/usr/lib/system/libsystem_blocks.dylib
0x000000001132c000 	/usr/lib/system/libsystem_c.dylib
0x000000001132c000 	/usr/lib/system/libsystem_configuration.dylib
0x000000001132c000 	/usr/lib/system/libsystem_coreservices.dylib
0x000000001132c000 	/usr/lib/system/libsystem_darwin.dylib
0x000000001132c000 	/usr/lib/system/libsystem_dnssd.dylib
0x000000001132c000 	/usr/lib/system/libsystem_info.dylib
0x000000001132c000 	/usr/lib/system/libsystem_m.dylib
0x000000001132c000 	/usr/lib/system/libsystem_malloc.dylib
0x000000001132c000 	/usr/lib/system/libsystem_network.dylib
0x000000001132c000 	/usr/lib/system/libsystem_networkextension.dylib
0x000000001132c000 	/usr/lib/system/libsystem_notify.dylib
0x000000001132c000 	/usr/lib/system/libsystem_sandbox.dylib
0x000000001132c000 	/usr/lib/system/libsystem_secinit.dylib
0x000000001132c000 	/usr/lib/system/libsystem_kernel.dylib
0x000000001132c000 	/usr/lib/system/libsystem_platform.dylib
0x000000001132c000 	/usr/lib/system/libsystem_pthread.dylib
0x000000001132c000 	/usr/lib/system/libsystem_symptoms.dylib
0x000000001132c000 	/usr/lib/system/libsystem_trace.dylib
0x000000001132c000 	/usr/lib/system/libunwind.dylib
0x000000001132c000 	/usr/lib/system/libxpc.dylib
0x000000001132c000 	/usr/lib/closure/libclosured.dylib
0x000000001132c000 	/usr/lib/libbsm.0.dylib
0x000000001132c000 	/usr/lib/system/libkxld.dylib
0x000000001132c000 	/usr/lib/libOpenScriptingUtil.dylib
0x000000001132c000 	/usr/lib/libcoretls.dylib
0x000000001132c000 	/usr/lib/libcoretls_cfhelpers.dylib
0x000000001132c000 	/usr/lib/libpam.2.dylib
0x000000001132c000 	/usr/lib/libsqlite3.dylib
0x000000001132c000 	/usr/lib/libxar.1.dylib
0x000000001132c000 	/usr/lib/libbz2.1.0.dylib
0x000000001132c000 	/usr/lib/liblzma.5.dylib
0x000000001132c000 	/usr/lib/libnetwork.dylib
0x000000001132c000 	/usr/lib/libapple_nghttp2.dylib
0x000000001132c000 	/usr/lib/libpcap.A.dylib
0x000000001132c000 	/usr/lib/libboringssl.dylib
0x000000001132c000 	/usr/lib/libusrtcp.dylib
0x000000001132c000 	/usr/lib/libapple_crypto.dylib
0x000000001132c000 	/System/Library/Frameworks/CoreServices.framework/Versions/A/Frameworks/FSEvents.framework/Versions/A/FSEvents
0x000000001132c000 	/System/Library/Frameworks/CoreServices.framework/Versions/A/Frameworks/CarbonCore.framework/Versions/A/CarbonCore
0x000000001132c000 	/System/Library/Frameworks/CoreServices.framework/Versions/A/Frameworks/Metadata.framework/Versions/A/Metadata
0x000000001132c000 	/System/Library/Frameworks/CoreServices.framework/Versions/A/Frameworks/OSServices.framework/Versions/A/OSServices
0x000000001132c000 	/System/Library/Frameworks/CoreServices.framework/Versions/A/Frameworks/SearchKit.framework/Versions/A/SearchKit
0x000000001132c000 	/System/Library/Frameworks/CoreServices.framework/Versions/A/Frameworks/AE.framework/Versions/A/AE
0x000000001132c000 	/System/Library/Frameworks/CoreServices.framework/Versions/A/Frameworks/LaunchServices.framework/Versions/A/LaunchServices
0x000000001132c000 	/System/Library/Frameworks/CoreServices.framework/Versions/A/Frameworks/DictionaryServices.framework/Versions/A/DictionaryServices
0x000000001132c000 	/System/Library/Frameworks/CoreServices.framework/Versions/A/Frameworks/SharedFileList.framework/Versions/A/SharedFileList
0x000000001132c000 	/System/Library/Frameworks/NetFS.framework/Versions/A/NetFS
0x000000001132c000 	/System/Library/PrivateFrameworks/NetAuth.framework/Versions/A/NetAuth
0x000000001132c000 	/System/Library/PrivateFrameworks/login.framework/Versions/A/Frameworks/loginsupport.framework/Versions/A/loginsupport
0x000000001132c000 	/System/Library/PrivateFrameworks/TCC.framework/Versions/A/TCC
0x000000001132c000 	/usr/lib/libmecabra.dylib
0x000000001132c000 	/System/Library/Frameworks/ApplicationServices.framework/Versions/A/Frameworks/ATS.framework/Versions/A/ATS
0x000000001132c000 	/System/Library/Frameworks/ApplicationServices.framework/Versions/A/Frameworks/ColorSyncLegacy.framework/Versions/A/ColorSyncLegacy
0x000000001132c000 	/System/Library/Frameworks/ApplicationServices.framework/Versions/A/Frameworks/HIServices.framework/Versions/A/HIServices
0x000000001132c000 	/System/Library/Frameworks/ApplicationServices.framework/Versions/A/Frameworks/LangAnalysis.framework/Versions/A/LangAnalysis
0x000000001132c000 	/System/Library/Frameworks/ApplicationServices.framework/Versions/A/Frameworks/PrintCore.framework/Versions/A/PrintCore
0x000000001132c000 	/System/Library/Frameworks/ApplicationServices.framework/Versions/A/Frameworks/QD.framework/Versions/A/QD
0x000000001132c000 	/System/Library/Frameworks/ApplicationServices.framework/Versions/A/Frameworks/SpeechSynthesis.framework/Versions/A/SpeechSynthesis
0x000000001132c000 	/System/Library/Frameworks/CoreDisplay.framework/Versions/A/CoreDisplay
0x000000001132c000 	/System/Library/Frameworks/Accelerate.framework/Versions/A/Frameworks/vImage.framework/Versions/A/vImage
0x000000001132c000 	/System/Library/Frameworks/Accelerate.framework/Versions/A/Frameworks/vecLib.framework/Versions/A/vecLib
0x000000001132c000 	/System/Library/Frameworks/Accelerate.framework/Versions/A/Frameworks/vecLib.framework/Versions/A/libvDSP.dylib
0x000000001132c000 	/System/Library/Frameworks/Accelerate.framework/Versions/A/Frameworks/vecLib.framework/Versions/A/libBNNS.dylib
0x000000001132c000 	/System/Library/Frameworks/Accelerate.framework/Versions/A/Frameworks/vecLib.framework/Versions/A/libQuadrature.dylib
0x000000001132c000 	/System/Library/Frameworks/Accelerate.framework/Versions/A/Frameworks/vecLib.framework/Versions/A/libvMisc.dylib
0x000000001132c000 	/System/Library/Frameworks/Accelerate.framework/Versions/A/Frameworks/vecLib.framework/Versions/A/libLAPACK.dylib
0x000000001132c000 	/System/Library/Frameworks/Accelerate.framework/Versions/A/Frameworks/vecLib.framework/Versions/A/libBLAS.dylib
0x000000001132c000 	/System/Library/Frameworks/Accelerate.framework/Versions/A/Frameworks/vecLib.framework/Versions/A/libLinearAlgebra.dylib
0x000000001132c000 	/System/Library/Frameworks/Accelerate.framework/Versions/A/Frameworks/vecLib.framework/Versions/A/libSparse.dylib
0x000000001132c000 	/System/Library/Frameworks/Accelerate.framework/Versions/A/Frameworks/vecLib.framework/Versions/A/libSparseBLAS.dylib
0x000000001132c000 	/System/Library/PrivateFrameworks/IOAccelerator.framework/Versions/A/IOAccelerator
0x000000001132c000 	/System/Library/PrivateFrameworks/IOPresentment.framework/Versions/A/IOPresentment
0x000000001132c000 	/System/Library/PrivateFrameworks/DSExternalDisplay.framework/Versions/A/DSExternalDisplay
0x000000001132c000 	/System/Library/Frameworks/OpenGL.framework/Versions/A/Libraries/libCoreFSCache.dylib
0x000000001132c000 	/System/Library/Frameworks/CoreVideo.framework/Versions/A/CoreVideo
0x000000001132c000 	/System/Library/PrivateFrameworks/GraphVisualizer.framework/Versions/A/GraphVisualizer
0x000000001132c000 	/System/Library/Frameworks/MetalPerformanceShaders.framework/Versions/A/MetalPerformanceShaders
0x000000001132c000 	/usr/lib/libFosl_dynamic.dylib
0x000000001132c000 	/System/Library/PrivateFrameworks/FaceCore.framework/Versions/A/FaceCore
0x000000001132c000 	/System/Library/Frameworks/OpenCL.framework/Versions/A/OpenCL
0x000000001132c000 	/usr/lib/libcompression.dylib
0x000000001132c000 	/System/Library/Frameworks/ApplicationServices.framework/Versions/A/Frameworks/ATS.framework/Versions/A/Resources/libFontParser.dylib
0x000000001132c000 	/System/Library/Frameworks/ApplicationServices.framework/Versions/A/Frameworks/ATS.framework/Versions/A/Resources/libFontRegistry.dylib
0x000000001132c000 	/System/Library/Frameworks/ImageIO.framework/Versions/A/Resources/libJPEG.dylib
0x000000001132c000 	/System/Library/Frameworks/ImageIO.framework/Versions/A/Resources/libTIFF.dylib
0x000000001132c000 	/System/Library/Frameworks/ImageIO.framework/Versions/A/Resources/libPng.dylib
0x000000001132c000 	/System/Library/Frameworks/ImageIO.framework/Versions/A/Resources/libGIF.dylib
0x000000001132c000 	/System/Library/Frameworks/ImageIO.framework/Versions/A/Resources/libJP2.dylib
0x000000001132c000 	/System/Library/Frameworks/ImageIO.framework/Versions/A/Resources/libRadiance.dylib
0x000000001132c000 	/System/Library/PrivateFrameworks/AppleJPEG.framework/Versions/A/AppleJPEG
0x000000001132c000 	/System/Library/PrivateFrameworks/MetalTools.framework/Versions/A/MetalTools
0x000000001132c000 	/System/Library/Frameworks/MetalPerformanceShaders.framework/Frameworks/MPSCore.framework/Versions/A/MPSCore
0x000000001132c000 	/System/Library/Frameworks/MetalPerformanceShaders.framework/Frameworks/MPSImage.framework/Versions/A/MPSImage
0x000000001132c000 	/System/Library/Frameworks/MetalPerformanceShaders.framework/Frameworks/MPSMatrix.framework/Versions/A/MPSMatrix
0x000000001132c000 	/System/Library/Frameworks/MetalPerformanceShaders.framework/Frameworks/MPSNeuralNetwork.framework/Versions/A/MPSNeuralNetwork
0x000000001132c000 	/System/Library/Frameworks/OpenGL.framework/Versions/A/Libraries/libGLU.dylib
0x000000001132c000 	/System/Library/Frameworks/OpenGL.framework/Versions/A/Libraries/libGFXShared.dylib
0x000000001132c000 	/System/Library/Frameworks/OpenGL.framework/Versions/A/Libraries/libGL.dylib
0x000000001132c000 	/System/Library/Frameworks/OpenGL.framework/Versions/A/Libraries/libGLImage.dylib
0x000000001132c000 	/System/Library/Frameworks/OpenGL.framework/Versions/A/Libraries/libCVMSPluginSupport.dylib
0x000000001132c000 	/System/Library/Frameworks/OpenGL.framework/Versions/A/Libraries/libCoreVMClient.dylib
0x000000001132c000 	/usr/lib/libcups.2.dylib
0x000000001132c000 	/System/Library/Frameworks/Kerberos.framework/Versions/A/Kerberos
0x000000001132c000 	/System/Library/Frameworks/GSS.framework/Versions/A/GSS
0x000000001132c000 	/usr/lib/libresolv.9.dylib
0x000000001132c000 	/usr/lib/libiconv.2.dylib
0x000000001132c000 	/System/Library/PrivateFrameworks/Heimdal.framework/Versions/A/Heimdal
0x000000001132c000 	/usr/lib/libheimdal-asn1.dylib
0x000000001132c000 	/System/Library/Frameworks/OpenDirectory.framework/Versions/A/OpenDirectory
0x000000001132c000 	/System/Library/PrivateFrameworks/CommonAuth.framework/Versions/A/CommonAuth
0x000000001132c000 	/System/Library/Frameworks/OpenDirectory.framework/Versions/A/Frameworks/CFOpenDirectory.framework/Versions/A/CFOpenDirectory
0x000000001132c000 	/System/Library/Frameworks/SecurityFoundation.framework/Versions/A/SecurityFoundation
0x000000001132c000 	/System/Library/PrivateFrameworks/APFS.framework/Versions/A/APFS
0x000000001132c000 	/usr/lib/libutil.dylib
0x000000001132c000 	/System/Library/PrivateFrameworks/AppleSauce.framework/Versions/A/AppleSauce
0x000000001132c000 	/System/Library/PrivateFrameworks/LinguisticData.framework/Versions/A/LinguisticData
0x000000001132c000 	/usr/lib/libmarisa.dylib
0x000000001132c000 	/System/Library/PrivateFrameworks/Lexicon.framework/Versions/A/Lexicon
0x000000001132c000 	/usr/lib/libChineseTokenizer.dylib
0x000000001132c000 	/usr/lib/libcmph.dylib
0x000000001132c000 	/System/Library/PrivateFrameworks/LanguageModeling.framework/Versions/A/LanguageModeling
0x000000001132c000 	/System/Library/PrivateFrameworks/CoreEmoji.framework/Versions/A/CoreEmoji
0x000000001132c000 	/System/Library/Frameworks/ServiceManagement.framework/Versions/A/ServiceManagement
0x000000001132c000 	/System/Library/PrivateFrameworks/BackgroundTaskManagement.framework/Versions/A/BackgroundTaskManagement
0x000000001132c000 	/usr/lib/libxslt.1.dylib
0x000000001132c000 	/System/Library/Frameworks/Carbon.framework/Versions/A/Frameworks/Ink.framework/Versions/A/Ink
0x000000001132c000 	/System/Library/PrivateFrameworks/TextureIO.framework/Versions/A/TextureIO
0x000000001132c000 	/usr/lib/libate.dylib
0x000000001132c000 	/System/Library/PrivateFrameworks/CrashReporterSupport.framework/Versions/A/CrashReporterSupport
0x000000001132c000 	/System/Library/PrivateFrameworks/Sharing.framework/Versions/A/Sharing
0x000000001132c000 	/System/Library/PrivateFrameworks/IconServices.framework/Versions/A/IconServices
0x000000001132c000 	/System/Library/PrivateFrameworks/ProtocolBuffer.framework/Versions/A/ProtocolBuffer
0x000000001132c000 	/System/Library/PrivateFrameworks/Apple80211.framework/Versions/A/Apple80211
0x000000001132c000 	/System/Library/Frameworks/CoreWLAN.framework/Versions/A/CoreWLAN
0x000000001132c000 	/System/Library/PrivateFrameworks/CoreUtils.framework/Versions/A/CoreUtils
0x000000001132c000 	/System/Library/Frameworks/IOBluetooth.framework/Versions/A/IOBluetooth
0x000000001132c000 	/System/Library/PrivateFrameworks/CoreWiFi.framework/Versions/A/CoreWiFi
0x000000001132c000 	/System/Library/Frameworks/CoreBluetooth.framework/Versions/A/CoreBluetooth
0x000000001132c000 	/System/Library/PrivateFrameworks/SignpostNotification.framework/Versions/A/SignpostNotification
0x000000001132c000 	/System/Library/PrivateFrameworks/DebugSymbols.framework/Versions/A/DebugSymbols
0x000000001132c000 	/System/Library/PrivateFrameworks/CoreSymbolication.framework/Versions/A/CoreSymbolication
0x000000001132c000 	/System/Library/PrivateFrameworks/Symbolication.framework/Versions/A/Symbolication
0x000000001132c000 	/System/Library/PrivateFrameworks/AppleFSCompression.framework/Versions/A/AppleFSCompression
0x000000001132c000 	/System/Library/PrivateFrameworks/SpeechRecognitionCore.framework/Versions/A/SpeechRecognitionCore
0x000000010900b000 	/Library/Java/JavaVirtualMachines/jdk1.8.0_121.jdk/Contents/Home/jre/lib/server/libjvm.dylib
0x000000001132c000 	/usr/lib/libstdc++.6.0.9.dylib
0x0000000109fad000 	/Library/Java/JavaVirtualMachines/jdk1.8.0_121.jdk/Contents/Home/jre/lib/libverify.dylib
0x0000000109fbb000 	/Library/Java/JavaVirtualMachines/jdk1.8.0_121.jdk/Contents/Home/jre/lib/libjava.dylib
0x000000010a800000 	/Library/Java/JavaVirtualMachines/jdk1.8.0_121.jdk/Contents/Home/jre/lib/libinstrument.dylib
0x000000010a894000 	/Library/Java/JavaVirtualMachines/jdk1.8.0_121.jdk/Contents/Home/jre/lib/libzip.dylib
0x000000001132c000 	/System/Library/Frameworks/JavaVM.framework/Versions/A/Frameworks/JavaRuntimeSupport.framework/Versions/A/JavaRuntimeSupport
0x000000001132c000 	/System/Library/Frameworks/JavaVM.framework/Versions/A/Frameworks/JavaNativeFoundation.framework/Versions/A/JavaNativeFoundation
0x000000001132c000 	/System/Library/Frameworks/JavaVM.framework/Versions/A/JavaVM
0x000000001132c000 	/System/Library/Frameworks/Carbon.framework/Versions/A/Carbon
0x000000001132c000 	/System/Library/PrivateFrameworks/JavaLaunching.framework/Versions/A/JavaLaunching
0x000000001132c000 	/System/Library/Frameworks/Carbon.framework/Versions/A/Frameworks/CommonPanels.framework/Versions/A/CommonPanels
0x000000001132c000 	/System/Library/Frameworks/Carbon.framework/Versions/A/Frameworks/Help.framework/Versions/A/Help
0x000000001132c000 	/System/Library/Frameworks/Carbon.framework/Versions/A/Frameworks/ImageCapture.framework/Versions/A/ImageCapture
0x000000001132c000 	/System/Library/Frameworks/Carbon.framework/Versions/A/Frameworks/OpenScripting.framework/Versions/A/OpenScripting
0x000000001132c000 	/System/Library/Frameworks/Carbon.framework/Versions/A/Frameworks/Print.framework/Versions/A/Print
0x000000001132c000 	/System/Library/Frameworks/Carbon.framework/Versions/A/Frameworks/SecurityHI.framework/Versions/A/SecurityHI
0x0000000121da5000 	/Library/Java/JavaVirtualMachines/jdk1.8.0_121.jdk/Contents/Home/jre/lib/libnet.dylib
0x0000000121f81000 	/private/var/folders/nk/zc974d_96r31rwqtncf38fj80000gn/T/libgdxariellegoldberg/25a8e9fb/libgdx64.dylib
0x000000012200d000 	/Library/Java/JavaVirtualMachines/jdk1.8.0_121.jdk/Contents/Home/jre/lib/libawt.dylib
0x00000001220b5000 	/Library/Java/JavaVirtualMachines/jdk1.8.0_121.jdk/Contents/Home/jre/lib/./libmlib_image.dylib
0x0000000122181000 	/Library/Java/JavaVirtualMachines/jdk1.8.0_121.jdk/Contents/Home/jre/lib/libawt_lwawt.dylib
0x0000000122238000 	/Library/Java/JavaVirtualMachines/jdk1.8.0_121.jdk/Contents/Home/jre/lib/./libosxapp.dylib
0x000000001132c000 	/System/Library/Frameworks/ExceptionHandling.framework/Versions/A/ExceptionHandling
0x000000001132c000 	/System/Library/PrivateFrameworks/CoreServicesInternal.framework/Versions/A/CoreServicesInternal
0x000000001132c000 	/System/Library/CoreServices/RawCamera.bundle/Contents/MacOS/RawCamera
0x000000001132c000 	/System/Library/PrivateFrameworks/MobileAsset.framework/Versions/A/MobileAsset
0x000000001132c000 	/System/Library/PrivateFrameworks/StreamingZip.framework/Versions/A/StreamingZip
0x000000001132c000 	/System/Library/Frameworks/MediaToolbox.framework/Versions/A/MediaToolbox
0x000000001132c000 	/System/Library/PrivateFrameworks/CoreAVCHD.framework/Versions/A/CoreAVCHD
0x000000001132c000 	/System/Library/Frameworks/MediaAccessibility.framework/Versions/A/MediaAccessibility
0x000000001132c000 	/System/Library/PrivateFrameworks/Mangrove.framework/Versions/A/Mangrove
0x000000001132c000 	/System/Library/Frameworks/CoreMedia.framework/Versions/A/CoreMedia
0x000000001132c000 	/System/Library/Frameworks/VideoToolbox.framework/Versions/A/VideoToolbox
0x000000001132c000 	/System/Library/PrivateFrameworks/CoreAUC.framework/Versions/A/CoreAUC
0x000000001132c000 	/usr/lib/libspindump.dylib
0x000000001132c000 	/usr/lib/libdscsym.dylib
0x000000001132c000 	/System/Library/PrivateFrameworks/AppleVA.framework/Versions/A/AppleVA
0x000000001132c000 	/System/Library/Frameworks/Accelerate.framework/Versions/A/Frameworks/vImage.framework/Versions/A/Libraries/libCGInterfaces.dylib
0x000000001132c000 	/System/Library/Frameworks/ApplicationServices.framework/Versions/A/Frameworks/ATS.framework/Versions/A/Resources/libTrueTypeScaler.dylib
0x000000001132c000 	/System/Library/Frameworks/OpenGL.framework/Versions/A/Resources/GLEngine.bundle/GLEngine
0x000000001132c000 	/System/Library/Frameworks/OpenGL.framework/Versions/A/Libraries/libGLProgrammability.dylib
0x0000000124406000 	/System/Library/Extensions/AppleIntelBDWGraphicsGLDriver.bundle/Contents/MacOS/AppleIntelBDWGraphicsGLDriver
0x000000001132c000 	/System/Library/PrivateFrameworks/GPUSupport.framework/Versions/A/Libraries/libGPUSupportMercury.dylib
0x000000001132c000 	/System/Library/Frameworks/OpenGL.framework/Versions/A/Resources/GLRendererFloat.bundle/GLRendererFloat
0x000000001132c000 	/System/Library/Frameworks/OpenCL.framework/Versions/A/Libraries/libcldcpuengine.dylib
0x000000001132c000 	/usr/lib/libcrypto.35.dylib
0x000000001132c000 	/System/Library/PrivateFrameworks/TrustEvaluationAgent.framework/Versions/A/TrustEvaluationAgent
0x000000001132c000 	/System/Library/Extensions/AppleIntelBDWGraphicsMTLDriver.bundle/Contents/MacOS/AppleIntelBDWGraphicsMTLDriver
0x000000001132c000 	/System/Library/PrivateFrameworks/GPUCompiler.framework/Versions/3802/Libraries/libmetal_timestamp.dylib
0x000000001132c000 	/System/Library/PrivateFrameworks/FamilyControls.framework/Versions/A/FamilyControls
0x000000001132c000 	/System/Library/PrivateFrameworks/CommerceKit.framework/Versions/A/Frameworks/CommerceCore.framework/Versions/A/CommerceCore
0x000000001132c000 	/System/Library/PrivateFrameworks/SystemAdministration.framework/Versions/A/SystemAdministration
0x000000001132c000 	/System/Library/PrivateFrameworks/AppContainer.framework/Versions/A/AppContainer
0x000000001132c000 	/System/Library/PrivateFrameworks/SecCodeWrapper.framework/Versions/A/SecCodeWrapper
0x000000001132c000 	/System/Library/PrivateFrameworks/DiskManagement.framework/Versions/A/DiskManagement
0x000000001132c000 	/System/Library/Frameworks/DirectoryService.framework/Versions/A/DirectoryService
0x000000001132c000 	/System/Library/PrivateFrameworks/DiskImages.framework/Versions/A/DiskImages
0x000000001132c000 	/System/Library/PrivateFrameworks/LoginUIKit.framework/Versions/A/Frameworks/LoginUICore.framework/Versions/A/LoginUICore
0x000000001132c000 	/usr/lib/libCoreStorage.dylib
0x000000001132c000 	/usr/lib/libcsfde.dylib
0x000000001132c000 	/usr/lib/libodfde.dylib
0x000000001132c000 	/System/Library/PrivateFrameworks/MediaKit.framework/Versions/A/MediaKit
0x000000001132c000 	/System/Library/Frameworks/DiscRecording.framework/Versions/A/DiscRecording
0x000000001132c000 	/System/Library/PrivateFrameworks/EFILogin.framework/Versions/A/EFILogin
0x000000001132c000 	/System/Library/PrivateFrameworks/ProtectedCloudStorage.framework/Versions/A/ProtectedCloudStorage
0x000000001132c000 	/usr/lib/libcurl.4.dylib
0x000000001132c000 	/usr/lib/libssl.35.dylib
0x000000001132c000 	/System/Library/Frameworks/LDAP.framework/Versions/A/LDAP
0x000000001132c000 	/usr/lib/libsasl2.2.dylib
0x000000001132c000 	/System/Library/PrivateFrameworks/CoreDaemon.framework/Versions/B/CoreDaemon
0x000000001132c000 	/System/Library/PrivateFrameworks/AppleSRP.framework/Versions/A/AppleSRP
0x0000000125244000 	/Library/Java/JavaVirtualMachines/jdk1.8.0_121.jdk/Contents/Home/jre/lib/libfontmanager.dylib
0x00000001252ab000 	/private/var/folders/nk/zc974d_96r31rwqtncf38fj80000gn/T/libgdxariellegoldberg/f7649394/liblwjgl.dylib
0x0000000123577000 	/Library/Java/JavaVirtualMachines/jdk1.8.0_121.jdk/Contents/Home/jre/lib/libjawt.dylib
0x000000012532d000 	/var/folders/nk/zc974d_96r31rwqtncf38fj80000gn/T/libgdxariellegoldberg/f7649394/openal.dylib
0x000000012539c000 	/System/Library/Components/CoreAudio.component/Contents/MacOS/CoreAudio
0x00000001243f7000 	/System/Library/Extensions/AppleHDA.kext/Contents/PlugIns/AppleHDAHALPlugIn.bundle/Contents/MacOS/AppleHDAHALPlugIn
0x000000001132c000 	/System/Library/PrivateFrameworks/ViewBridge.framework/Versions/A/ViewBridge
0x00000001272a6000 	/private/var/folders/nk/zc974d_96r31rwqtncf38fj80000gn/T/libgdxariellegoldberg/c6e99639/libgdx-controllers-desktop64.dylib
0x0000000127815000 	/private/var/folders/nk/zc974d_96r31rwqtncf38fj80000gn/T/libgdxariellegoldberg/816b5a05/libgdx-box2d64.dylib
0x00000001241d9000 	/private/var/folders/nk/zc974d_96r31rwqtncf38fj80000gn/T/libgdxariellegoldberg/d1927f43/libgdx-freetype64.dylib
0x000000001132c000 	/System/Library/PrivateFrameworks/login.framework/Versions/A/login

VM Arguments:
jvm_args: -javaagent:/Applications/IntelliJ IDEA CE.app/Contents/lib/idea_rt.jar=50237:/Applications/IntelliJ IDEA CE.app/Contents/bin -Dfile.encoding=UTF-8 
java_command: edu.cornell.gdiac.physics.desktop.DesktopLauncher
java_class_path (initial): /Library/Java/JavaVirtualMachines/jdk1.8.0_121.jdk/Contents/Home/jre/lib/charsets.jar:/Library/Java/JavaVirtualMachines/jdk1.8.0_121.jdk/Contents/Home/jre/lib/deploy.jar:/Library/Java/JavaVirtualMachines/jdk1.8.0_121.jdk/Contents/Home/jre/lib/ext/cldrdata.jar:/Library/Java/JavaVirtualMachines/jdk1.8.0_121.jdk/Contents/Home/jre/lib/ext/dnsns.jar:/Library/Java/JavaVirtualMachines/jdk1.8.0_121.jdk/Contents/Home/jre/lib/ext/jaccess.jar:/Library/Java/JavaVirtualMachines/jdk1.8.0_121.jdk/Contents/Home/jre/lib/ext/jfxrt.jar:/Library/Java/JavaVirtualMachines/jdk1.8.0_121.jdk/Contents/Home/jre/lib/ext/localedata.jar:/Library/Java/JavaVirtualMachines/jdk1.8.0_121.jdk/Contents/Home/jre/lib/ext/nashorn.jar:/Library/Java/JavaVirtualMachines/jdk1.8.0_121.jdk/Contents/Home/jre/lib/ext/sunec.jar:/Library/Java/JavaVirtualMachines/jdk1.8.0_121.jdk/Contents/Home/jre/lib/ext/sunjce_provider.jar:/Library/Java/JavaVirtualMachines/jdk1.8.0_121.jdk/Contents/Home/jre/lib/ext/sunpkcs11.jar:/Library/Java/JavaVirtualMachines/jdk1.8.0_121.jdk/Contents/Home/jre/lib/ext/zipfs.jar:/Library/Java/JavaVirtualMachines/jdk1.8.0_121.jdk/Contents/Home/jre/lib/javaws.jar:/Library/Java/JavaVirtualMachines/jdk1.8.0_121.jdk/Contents/Home/jre/lib/jce.jar:/Library/Java/JavaVirtualMachines/jdk1.8.0_121.jdk/Contents/Home/jre/lib/jfr.jar:/Library/Java/JavaVirtualMachines/jdk1.8.0_121.jdk/Contents/Home/jre/lib/jfxswt.jar:/Library/Java/JavaVirtualMachines/jdk1.8.0_121.jdk/Contents/Home/jre/lib/jsse.jar:/Library/Java/JavaVirtualMachines/jdk1.8.0_121.jdk/Contents/Home/jre/lib/management-agent.jar:/Library/Java/JavaVirtualMachines/jdk1.8.0_121.jdk/Contents/Home/jre/lib/plugin.jar:/Library/Java/JavaVirtualMachines/jdk1.8.0_121.jdk/Contents/Home/jre/lib/resources.jar:/Library/Java/JavaVirtualMachines/jdk1.8.0_121.jdk/Contents/Home/jre/lib/rt.jar:/Library/Java/JavaVirtualMachines/jdk1.8.0_121.jdk/Contents/Home/lib/ant-javafx.jar:/Library/Java/JavaVirtualMachines/jdk1.8.0_121.jdk/Contents/Home
Launcher Type: SUN_STANDARD

Environment Variables:
PATH=/Library/Frameworks/Python.framework/Versions/3.6/bin:/Users/ariellegoldberg/anaconda/bin:/usr/local/bin:/usr/bin:/bin:/usr/sbin:/sbin:/usr/local/share/dotnet:/opt/X11/bin:~/.dotnet/tools:/Library/Frameworks/Mono.framework/Versions/Current/Commands:/Applications/Xamarin Workbooks.app/Contents/SharedSupport/path-bin:/usr/texbin:/usr/texbin
SHELL=/bin/bash
DISPLAY=/private/tmp/com.apple.launchd.2fycvp6o33/org.macosforge.xquartz:0

Signal Handlers:
SIGSEGV: [libjvm.dylib+0x5b1141], sa_mask[0]=11111111011111110111111111111111, sa_flags=SA_ONSTACK|SA_RESTART|SA_SIGINFO
SIGBUS: [libjvm.dylib+0x5b1141], sa_mask[0]=11111111011111110111111111111111, sa_flags=SA_RESTART|SA_SIGINFO
SIGFPE: [libjvm.dylib+0x487bc4], sa_mask[0]=11111111011111110111111111111111, sa_flags=SA_RESTART|SA_SIGINFO
SIGPIPE: [libjvm.dylib+0x487bc4], sa_mask[0]=11111111011111110111111111111111, sa_flags=SA_RESTART|SA_SIGINFO
SIGXFSZ: [libjvm.dylib+0x487bc4], sa_mask[0]=11111111011111110111111111111111, sa_flags=SA_RESTART|SA_SIGINFO
SIGILL: [libjvm.dylib+0x487bc4], sa_mask[0]=11111111011111110111111111111111, sa_flags=SA_RESTART|SA_SIGINFO
SIGUSR1: SIG_DFL, sa_mask[0]=00000000000000000000000000000000, sa_flags=none
SIGUSR2: [libjvm.dylib+0x4876e2], sa_mask[0]=00100000000000000000000000000000, sa_flags=SA_RESTART|SA_SIGINFO
SIGHUP: [libjvm.dylib+0x485cb9], sa_mask[0]=11111111011111110111111111111111, sa_flags=SA_RESTART|SA_SIGINFO
SIGINT: [libjvm.dylib+0x485cb9], sa_mask[0]=11111111011111110111111111111111, sa_flags=SA_RESTART|SA_SIGINFO
SIGTERM: [libjvm.dylib+0x485cb9], sa_mask[0]=11111111011111110111111111111111, sa_flags=SA_RESTART|SA_SIGINFO
SIGQUIT: [libjvm.dylib+0x485cb9], sa_mask[0]=11111111011111110111111111111111, sa_flags=SA_RESTART|SA_SIGINFO


---------------  S Y S T E M  ---------------

OS:Bsduname:Darwin 17.4.0 Darwin Kernel Version 17.4.0: Sun Dec 17 09:19:54 PST 2017; root:xnu-4570.41.2~1/RELEASE_X86_64 x86_64
rlimit: STACK 8192k, CORE 0k, NPROC 709, NOFILE 10240, AS infinity
load average:2.33 2.64 2.40

CPU:total 4 (2 cores per cpu, 2 threads per core) family 6 model 61 stepping 4, cmov, cx8, fxsr, mmx, sse, sse2, sse3, ssse3, sse4.1, sse4.2, popcnt, avx, avx2, aes, clmul, erms, 3dnowpref, lzcnt, ht, tsc, tscinvbit, bmi1, bmi2, adx

Memory: 4k page, physical 8388608k(48472k free)

/proc/meminfo:


vm_info: Java HotSpot(TM) 64-Bit Server VM (25.121-b13) for bsd-amd64 JRE (1.8.0_121-b13), built on Dec 12 2016 20:39:32 by "java_re" with gcc 4.2.1 (Based on Apple Inc. build 5658) (LLVM build 2336.11.00)

time: Sat Mar  2 16:48:52 2019
elapsed time: 18 seconds (0d 0h 0m 18s)

