#
# A fatal error has been detected by the Java Runtime Environment:
#
#  SIGSEGV (0xb) at pc=0x000000012c84a5d0, pid=32098, tid=0x000000000000db03
#
# JRE version: Java(TM) SE Runtime Environment (8.0_121-b13) (build 1.8.0_121-b13)
# Java VM: Java HotSpot(TM) 64-Bit Server VM (25.121-b13 mixed mode bsd-amd64 compressed oops)
# Problematic frame:
# C  [libgdx-box2d64.dylib+0x125d0]  _ZN7b2Joint7DestroyEPS_P16b2BlockAllocator+0x10
#
# Failed to write core dump. Core dumps have been disabled. To enable core dumping, try "ulimit -c unlimited" before starting Java again
#
# If you would like to submit a bug report, please visit:
#   http://bugreport.java.com/bugreport/crash.jsp
# The crash happened outside the Java Virtual Machine in native code.
# See problematic frame for where to report the bug.
#

---------------  T H R E A D  ---------------

Current thread (0x00007f90930c6800):  JavaThread "LWJGL Application" [_thread_in_native, id=56067, stack(0x0000700004228000,0x0000700004328000)]

siginfo: si_signo: 11 (SIGSEGV), si_code: 0 (unknown), si_addr: 0x0000000000000000

Registers:
RAX=0x00007f90943a8200, RBX=0x00007f90943a6e00, RCX=0x0000000000000000, RDX=0x00007f90943a6e40
RSP=0x0000700004327500, RBP=0x0000700004327510, RSI=0x00007f9094379e00, RDI=0x00007f90943a6e00
R8 =0x0000000000000048, R9 =0x0000000000000000, R10=0x000000011b3089c8, R11=0x000000010eee4067
R12=0x00007f9094394840, R13=0x000000012c3fcd88, R14=0x00007f9094379e00, R15=0x00007f90930c6800
RIP=0x000000012c84a5d0, EFLAGS=0x0000000000010202, ERR=0x0000000000000000
  TRAPNO=0x000000000000000d

Top of Stack: (sp=0x0000700004327500)
0x0000700004327500:   00007f9094395440 00007f9094379e00
0x0000700004327510:   0000700004327540 000000012c85721d
0x0000700004327520:   00007f9094379e00 0000000000000000
0x0000700004327530:   00007f90943a6e00 00007f90930c6800
0x0000700004327540:   0000700004327590 000000012c85d022
0x0000700004327550:   000000012c86bdb8 00007f90930c69f8
0x0000700004327560:   0000700004327648 000000012c86bdf8
0x0000700004327570:   00007f90930c69f8 0000700004327648
0x0000700004327580:   000000012c3fcd88 0000700004327648
0x0000700004327590:   0000700004327608 000000011b3089f4
0x00007000043275a0:   0000000000000000 000000000000008a
0x00007000043275b0:   000000000000008a 00000007964bb130
0x00007000043275c0:   00007f90943a6e00 00007000043275c8
0x00007000043275d0:   0000000000000000 0000700004327648
0x00007000043275e0:   000000012c40d038 0000000000000000
0x00007000043275f0:   000000012c3fcd88 0000000000000000
0x0000700004327600:   0000700004327628 0000700004327690
0x0000700004327610:   000000011b2f92bd 0000000000000000
0x0000700004327620:   000000011b302538 00007f90943a6e00
0x0000700004327630:   00000007964ed4f8 00007f9094379e00
0x0000700004327640:   00000007964fd420 00000007964b9ed8
0x0000700004327650:   0000700004327650 000000012c3fccd8
0x0000700004327660:   00007000043276a8 000000012c40d038
0x0000700004327670:   0000000000000000 000000012c3fcd00
0x0000700004327680:   0000700004327628 00007000043276a0
0x0000700004327690:   00007000043276f0 000000011b2f92bd
0x00007000043276a0:   00000007964f6718 00000007964b9ed8
0x00007000043276b0:   00007000043276b0 000000012c42014f
0x00007000043276c0:   0000700004327718 000000012c52c618
0x00007000043276d0:   0000000000000000 000000012c4201c8
0x00007000043276e0:   00007000043276a0 0000700004327710
0x00007000043276f0:   0000700004327760 000000011b2f92bd 

Instructions: (pc=0x000000012c84a5d0)
0x000000012c84a5b0:   07 ff ff ff 9e ff ff ff 27 ff ff ff bb ff ff ff
0x000000012c84a5c0:   55 48 89 e5 41 56 53 49 89 f6 48 89 fb 48 8b 03
0x000000012c84a5d0:   ff 50 30 8b 43 08 ff c8 83 f8 0a 77 4e 48 8d 0d
0x000000012c84a5e0:   68 00 00 00 48 63 04 81 48 01 c8 ff e0 ba 20 01 

Register to memory mapping:

RAX=0x00007f90943a8200 is an unknown value
RBX=0x00007f90943a6e00 is an unknown value
RCX=0x0000000000000000 is an unknown value
RDX=0x00007f90943a6e40 is an unknown value
RSP=0x0000700004327500 is pointing into the stack for thread: 0x00007f90930c6800
RBP=0x0000700004327510 is pointing into the stack for thread: 0x00007f90930c6800
RSI=0x00007f9094379e00 is an unknown value
RDI=0x00007f90943a6e00 is an unknown value
R8 =0x0000000000000048 is an unknown value
R9 =0x0000000000000000 is an unknown value
R10=0x000000011b3089c8 is at code_begin+808 in an Interpreter codelet
method entry point (kind = native)  [0x000000011b3086a0, 0x000000011b308fa0]  2304 bytes
R11=0x000000010eee4067: throw_unsatisfied_link_error+0 in /Library/Java/JavaVirtualMachines/jdk1.8.0_121.jdk/Contents/Home/jre/lib/server/libjvm.dylib at 0x000000010ea00000
R12=0x00007f9094394840 is an unknown value
R13={method} {0x000000012c3fcd88} 'jniDestroyJoint' '(JJ)V' in 'com/badlogic/gdx/physics/box2d/World'
R14=0x00007f9094379e00 is an unknown value
R15=0x00007f90930c6800 is a thread


Stack: [0x0000700004228000,0x0000700004328000],  sp=0x0000700004327500,  free space=1021k
Native frames: (J=compiled Java code, j=interpreted, Vv=VM code, C=native code)
C  [libgdx-box2d64.dylib+0x125d0]  _ZN7b2Joint7DestroyEPS_P16b2BlockAllocator+0x10
C  [libgdx-box2d64.dylib+0x1f21d]  _ZN7b2World12DestroyJointEP7b2Joint+0x10d
C  [libgdx-box2d64.dylib+0x25022]  Java_com_badlogic_gdx_physics_box2d_World_jniDestroyJoint+0x62
j  com.badlogic.gdx.physics.box2d.World.jniDestroyJoint(JJ)V+0
j  com.badlogic.gdx.physics.box2d.World.destroyJoint(Lcom/badlogic/gdx/physics/box2d/Joint;)V+64
j  edu.cornell.gdiac.physics.obstacle.ComplexObstacle.deactivatePhysics(Lcom/badlogic/gdx/physics/box2d/World;)V+39
j  edu.cornell.gdiac.physics.platform.RopeBridge.deactivatePhysics(Lcom/badlogic/gdx/physics/box2d/World;)V+2
j  edu.cornell.gdiac.physics.WorldController.dispose()V+32
j  edu.cornell.gdiac.physics.GDXRoot.dispose()V+35
j  com.badlogic.gdx.backends.lwjgl.LwjglApplication.mainLoop()V+846
j  com.badlogic.gdx.backends.lwjgl.LwjglApplication$1.run()V+27
v  ~StubRoutines::call_stub
V  [libjvm.dylib+0x2ed9d6]
V  [libjvm.dylib+0x2ee164]
V  [libjvm.dylib+0x2ee310]
V  [libjvm.dylib+0x348a5d]
V  [libjvm.dylib+0x56ab0f]
V  [libjvm.dylib+0x56c1fc]
V  [libjvm.dylib+0x48a5b2]
C  [libsystem_pthread.dylib+0x36c1]  _pthread_body+0x154
C  [libsystem_pthread.dylib+0x356d]  _pthread_body+0x0
C  [libsystem_pthread.dylib+0x2c5d]  thread_start+0xd
C  0x0000000000000000

Java frames: (J=compiled Java code, j=interpreted, Vv=VM code)
j  com.badlogic.gdx.physics.box2d.World.jniDestroyJoint(JJ)V+0
j  com.badlogic.gdx.physics.box2d.World.destroyJoint(Lcom/badlogic/gdx/physics/box2d/Joint;)V+64
j  edu.cornell.gdiac.physics.obstacle.ComplexObstacle.deactivatePhysics(Lcom/badlogic/gdx/physics/box2d/World;)V+39
j  edu.cornell.gdiac.physics.platform.RopeBridge.deactivatePhysics(Lcom/badlogic/gdx/physics/box2d/World;)V+2
j  edu.cornell.gdiac.physics.WorldController.dispose()V+32
j  edu.cornell.gdiac.physics.GDXRoot.dispose()V+35
j  com.badlogic.gdx.backends.lwjgl.LwjglApplication.mainLoop()V+846
j  com.badlogic.gdx.backends.lwjgl.LwjglApplication$1.run()V+27
v  ~StubRoutines::call_stub

---------------  P R O C E S S  ---------------

Java Threads: ( => current thread )
  0x00007f9094409000 JavaThread "AWT-Shutdown" [_thread_blocked, id=26883, stack(0x0000700002de0000,0x0000700002ee0000)]
  0x00007f9094352000 JavaThread "AsynchExecutor-Thread" daemon [_thread_blocked, id=70979, stack(0x000070000442e000,0x000070000452e000)]
  0x00007f9094299800 JavaThread "Attach Listener" daemon [_thread_blocked, id=56323, stack(0x000070000432b000,0x000070000442b000)]
  0x00007f9094296800 JavaThread "DestroyJavaVM" [_thread_blocked, id=6403, stack(0x0000700002f69000,0x0000700003069000)]
=>0x00007f90930c6800 JavaThread "LWJGL Application" [_thread_in_native, id=56067, stack(0x0000700004228000,0x0000700004328000)]
  0x00007f90930be800 JavaThread "AppKit Thread" daemon [_thread_in_native, id=775, stack(0x00007ffee13aa000,0x00007ffee1baa000)]
  0x00007f909401d000 JavaThread "Service Thread" daemon [_thread_blocked, id=14595, stack(0x0000700003c90000,0x0000700003d90000)]
  0x00007f9094895800 JavaThread "C1 CompilerThread2" daemon [_thread_blocked, id=17411, stack(0x0000700003b8d000,0x0000700003c8d000)]
  0x00007f909301c000 JavaThread "C2 CompilerThread1" daemon [_thread_blocked, id=14083, stack(0x0000700003a8a000,0x0000700003b8a000)]
  0x00007f9093969800 JavaThread "C2 CompilerThread0" daemon [_thread_blocked, id=17923, stack(0x0000700003987000,0x0000700003a87000)]
  0x00007f9093968000 JavaThread "Monitor Ctrl-Break" daemon [_thread_in_native, id=18179, stack(0x0000700003884000,0x0000700003984000)]
  0x00007f9094842800 JavaThread "Signal Dispatcher" daemon [_thread_blocked, id=13063, stack(0x0000700003781000,0x0000700003881000)]
  0x00007f909400a800 JavaThread "Finalizer" daemon [_thread_blocked, id=20227, stack(0x000070000367e000,0x000070000377e000)]
  0x00007f9094840800 JavaThread "Reference Handler" daemon [_thread_blocked, id=11523, stack(0x000070000357b000,0x000070000367b000)]

Other Threads:
  0x00007f9094006000 VMThread [stack: 0x0000700003478000,0x0000700003578000] [id=20995]
  0x00007f90948a0800 WatcherThread [stack: 0x0000700003d93000,0x0000700003e93000] [id=17155]

VM state:not at safepoint (normal execution)

VM Mutex/Monitor currently owned by a thread: None

Heap:
 PSYoungGen      total 38400K, used 21211K [0x0000000795580000, 0x0000000798000000, 0x00000007c0000000)
  eden space 33280K, 48% used [0x0000000795580000,0x000000079653e158,0x0000000797600000)
  from space 5120K, 99% used [0x0000000797600000,0x0000000797af8ca0,0x0000000797b00000)
  to   space 5120K, 0% used [0x0000000797b00000,0x0000000797b00000,0x0000000798000000)
 ParOldGen       total 87552K, used 605K [0x0000000740000000, 0x0000000745580000, 0x0000000795580000)
  object space 87552K, 0% used [0x0000000740000000,0x0000000740097588,0x0000000745580000)
 Metaspace       used 10669K, capacity 10859K, committed 11136K, reserved 1058816K
  class space    used 1046K, capacity 1116K, committed 1152K, reserved 1048576K

Card table byte_map: [0x000000010fd62000,0x0000000110163000] byte_map_base: 0x000000010c362000

Marking Bits: (ParMarkBitMap*) 0x000000010f2f0d30
 Begin Bits: [0x000000011040e000, 0x000000011240e000)
 End Bits:   [0x000000011240e000, 0x000000011440e000)

Polling page: 0x000000010e0d2000

CodeCache: size=245760Kb used=5342Kb max_used=5353Kb free=240417Kb
 bounds [0x000000011b2f1000, 0x000000011b831000, 0x000000012a2f1000]
 total_blobs=1805 nmethods=1308 adapters=411
 compilation: enabled

Compilation events (10 events):
Event: 47.858 Thread 0x00007f9094895800 1304  s    3       org.lwjgl.opengl.MacOSXNativeMouse::mouseMoved (138 bytes)
Event: 47.858 Thread 0x00007f9094895800 nmethod 1304 0x000000011b82b4d0 code [0x000000011b82b6e0, 0x000000011b82bf68]
Event: 47.866 Thread 0x00007f9093969800 1305   !   4       org.lwjgl.opengl.Display::isFullscreen (34 bytes)
Event: 47.868 Thread 0x00007f9093969800 nmethod 1305 0x000000011b819290 code [0x000000011b8193e0, 0x000000011b819618]
Event: 48.700 Thread 0x00007f909301c000 1306       4       java.lang.Math::max (46 bytes)
Event: 48.701 Thread 0x00007f909301c000 nmethod 1306 0x000000011b82a390 code [0x000000011b82a500, 0x000000011b82a658]
Event: 49.783 Thread 0x00007f9093969800 1307       4       edu.cornell.gdiac.physics.platform.DudeModel::setMovement (37 bytes)
Event: 49.783 Thread 0x00007f909301c000 1308       4       edu.cornell.gdiac.physics.platform.DudeModel::update (66 bytes)
Event: 49.784 Thread 0x00007f9093969800 nmethod 1307 0x000000011b830610 code [0x000000011b830780, 0x000000011b830818]
Event: 49.784 Thread 0x00007f909301c000 nmethod 1308 0x000000011b82d5d0 code [0x000000011b82d720, 0x000000011b82d818]

GC Heap History (2 events):
Event: 1.878 GC heap before
{Heap before GC invocations=1 (full 0):
 PSYoungGen      total 38400K, used 32529K [0x0000000795580000, 0x0000000798000000, 0x00000007c0000000)
  eden space 33280K, 97% used [0x0000000795580000,0x0000000797544650,0x0000000797600000)
  from space 5120K, 0% used [0x0000000797b00000,0x0000000797b00000,0x0000000798000000)
  to   space 5120K, 0% used [0x0000000797600000,0x0000000797600000,0x0000000797b00000)
 ParOldGen       total 87552K, used 0K [0x0000000740000000, 0x0000000745580000, 0x0000000795580000)
  object space 87552K, 0% used [0x0000000740000000,0x0000000740000000,0x0000000745580000)
 Metaspace       used 9965K, capacity 10155K, committed 10368K, reserved 1058816K
  class space    used 997K, capacity 1052K, committed 1152K, reserved 1048576K
Event: 1.889 GC heap after
Heap after GC invocations=1 (full 0):
 PSYoungGen      total 38400K, used 5091K [0x0000000795580000, 0x0000000798000000, 0x00000007c0000000)
  eden space 33280K, 0% used [0x0000000795580000,0x0000000795580000,0x0000000797600000)
  from space 5120K, 99% used [0x0000000797600000,0x0000000797af8ca0,0x0000000797b00000)
  to   space 5120K, 0% used [0x0000000797b00000,0x0000000797b00000,0x0000000798000000)
 ParOldGen       total 87552K, used 605K [0x0000000740000000, 0x0000000745580000, 0x0000000795580000)
  object space 87552K, 0% used [0x0000000740000000,0x0000000740097588,0x0000000745580000)
 Metaspace       used 9965K, capacity 10155K, committed 10368K, reserved 1058816K
  class space    used 997K, capacity 1052K, committed 1152K, reserved 1048576K
}

Deoptimization events (10 events):
Event: 1.650 Thread 0x00007f9094352000 Uncommon trap: reason=unstable_if action=reinterpret pc=0x000000011b5cc5ac method=javazoom.jl.decoder.BitReserve.hgetbits(I)I @ 22
Event: 1.863 Thread 0x00007f9094352000 Uncommon trap: reason=unstable_if action=reinterpret pc=0x000000011b634904 method=javazoom.jl.decoder.LayerIIIDecoder.reorder([[FII)V @ 24
Event: 1.863 Thread 0x00007f9094352000 Uncommon trap: reason=unstable_if action=reinterpret pc=0x000000011b643a80 method=javazoom.jl.decoder.LayerIIIDecoder.hybrid(II)V @ 32
Event: 1.863 Thread 0x00007f9094352000 Uncommon trap: reason=unstable_if action=reinterpret pc=0x000000011b5c9cf0 method=javazoom.jl.decoder.LayerIIIDecoder.hybrid(II)V @ 32
Event: 1.865 Thread 0x00007f9094352000 Uncommon trap: reason=unstable_if action=reinterpret pc=0x000000011b6567f8 method=javazoom.jl.decoder.LayerIIIDecoder.hybrid(II)V @ 32
Event: 1.973 Thread 0x00007f9094352000 Uncommon trap: reason=unstable_if action=reinterpret pc=0x000000011b6676b8 method=javazoom.jl.decoder.LayerIIIDecoder.stereo(I)V @ 144
Event: 1.973 Thread 0x00007f9094352000 Uncommon trap: reason=predicate action=maybe_recompile pc=0x000000011b65b190 method=javazoom.jl.decoder.LayerIIIDecoder.stereo(I)V @ 1892
Event: 2.477 Thread 0x00007f90930c6800 Uncommon trap: reason=unstable_if action=reinterpret pc=0x000000011b4a3f84 method=java.lang.String.replace(CC)Ljava/lang/String; @ 26
Event: 2.674 Thread 0x00007f9094352000 Uncommon trap: reason=unstable_if action=reinterpret pc=0x000000011b6949dc method=javazoom.jl.decoder.LayerIIIDecoder.stereo(I)V @ 137
Event: 50.386 Thread 0x00007f90930c6800 Uncommon trap: reason=unstable_if action=reinterpret pc=0x000000011b8097d0 method=com.badlogic.gdx.utils.Array$ArrayIterable.iterator()Ljava/util/Iterator; @ 4

Internal exceptions (10 events):
Event: 0.564 Thread 0x00007f9093805000 Exception <a 'java/lang/NoSuchFieldError': method resolution failed> (0x00000007960eb230) thrown at [/Users/java_re/workspace/8-2-build-macosx-x86_64/jdk8u121/8372/hotspot/src/share/vm/prims/methodHandles.cpp, line 1146]
Event: 0.857 Thread 0x00007f9093805000 Exception <a 'java/io/FileNotFoundException'> (0x000000079618dfd8) thrown at [/Users/java_re/workspace/8-2-build-macosx-x86_64/jdk8u121/8372/hotspot/src/share/vm/prims/jni.cpp, line 709]
Event: 0.857 Thread 0x00007f9093805000 Exception <a 'java/io/FileNotFoundException'> (0x000000079618eb88) thrown at [/Users/java_re/workspace/8-2-build-macosx-x86_64/jdk8u121/8372/hotspot/src/share/vm/prims/jni.cpp, line 709]
Event: 0.875 Thread 0x00007f9093805000 Exception <a 'java/security/PrivilegedActionException'> (0x00000007961da010) thrown at [/Users/java_re/workspace/8-2-build-macosx-x86_64/jdk8u121/8372/hotspot/src/share/vm/prims/jvm.cpp, line 1390]
Event: 0.875 Thread 0x00007f9093805000 Exception <a 'java/security/PrivilegedActionException'> (0x00000007961dbbf8) thrown at [/Users/java_re/workspace/8-2-build-macosx-x86_64/jdk8u121/8372/hotspot/src/share/vm/prims/jvm.cpp, line 1390]
Event: 0.875 Thread 0x00007f9093805000 Exception <a 'java/security/PrivilegedActionException'> (0x00000007961dcd18) thrown at [/Users/java_re/workspace/8-2-build-macosx-x86_64/jdk8u121/8372/hotspot/src/share/vm/prims/jvm.cpp, line 1390]
Event: 0.875 Thread 0x00007f9093805000 Exception <a 'java/security/PrivilegedActionException'> (0x00000007961e2210) thrown at [/Users/java_re/workspace/8-2-build-macosx-x86_64/jdk8u121/8372/hotspot/src/share/vm/prims/jvm.cpp, line 1390]
Event: 0.875 Thread 0x00007f9093805000 Exception <a 'java/security/PrivilegedActionException'> (0x00000007961e2e68) thrown at [/Users/java_re/workspace/8-2-build-macosx-x86_64/jdk8u121/8372/hotspot/src/share/vm/prims/jvm.cpp, line 1390]
Event: 0.875 Thread 0x00007f9093805000 Exception <a 'java/security/PrivilegedActionException'> (0x00000007961e3a90) thrown at [/Users/java_re/workspace/8-2-build-macosx-x86_64/jdk8u121/8372/hotspot/src/share/vm/prims/jvm.cpp, line 1390]
Event: 50.386 Thread 0x00007f90930c6800 Implicit null exception at 0x000000011b809750 to 0x000000011b8097bd

Events (10 events):
Event: 39.042 Thread 0x00007f90941a3000 Thread added: 0x00007f90941a3000
Event: 40.043 Executing VM operation: RevokeBias
Event: 40.043 Executing VM operation: RevokeBias done
Event: 40.043 Thread 0x00007f90941a3000 Thread exited: 0x00007f90941a3000
Event: 44.541 Thread 0x00007f9094409000 Thread added: 0x00007f9094409000
Event: 50.384 loading class com/badlogic/gdx/backends/lwjgl/LwjglApplication$2
Event: 50.384 loading class com/badlogic/gdx/backends/lwjgl/LwjglApplication$2 done
Event: 50.386 Thread 0x00007f90930c6800 Uncommon trap: trap_request=0xffffff65 fr.pc=0x000000011b8097d0
Event: 50.386 Thread 0x00007f90930c6800 DEOPT PACKING pc=0x000000011b8097d0 sp=0x00007000043276b0
Event: 50.386 Thread 0x00007f90930c6800 DEOPT UNPACKING pc=0x000000011b2f6229 sp=0x0000700004327670 mode 2


Dynamic libraries:
0x000000001132c000 	/System/Library/Frameworks/Cocoa.framework/Versions/A/Cocoa
0x000000001132c000 	/System/Library/Frameworks/Security.framework/Versions/A/Security
0x000000001132c000 	/System/Library/Frameworks/ApplicationServices.framework/Versions/A/ApplicationServices
0x000000001132c000 	/usr/lib/libz.1.dylib
0x000000001132c000 	/usr/lib/libSystem.B.dylib
0x000000001132c000 	/usr/lib/libobjc.A.dylib
0x000000001132c000 	/System/Library/Frameworks/CoreFoundation.framework/Versions/A/CoreFoundation
0x000000001132c000 	/System/Library/Frameworks/Foundation.framework/Versions/C/Foundation
0x000000001132c000 	/System/Library/Frameworks/AppKit.framework/Versions/C/AppKit
0x000000001132c000 	/System/Library/Frameworks/CoreData.framework/Versions/A/CoreData
0x000000001132c000 	/System/Library/PrivateFrameworks/RemoteViewServices.framework/Versions/A/RemoteViewServices
0x000000001132c000 	/System/Library/PrivateFrameworks/UIFoundation.framework/Versions/A/UIFoundation
0x000000001132c000 	/System/Library/PrivateFrameworks/DFRFoundation.framework/Versions/A/DFRFoundation
0x000000001132c000 	/System/Library/Frameworks/Metal.framework/Versions/A/Metal
0x000000001132c000 	/System/Library/PrivateFrameworks/DesktopServicesPriv.framework/Versions/A/DesktopServicesPriv
0x000000001132c000 	/usr/lib/libenergytrace.dylib
0x000000001132c000 	/System/Library/PrivateFrameworks/SkyLight.framework/Versions/A/SkyLight
0x000000001132c000 	/System/Library/Frameworks/CoreGraphics.framework/Versions/A/CoreGraphics
0x000000001132c000 	/usr/lib/libScreenReader.dylib
0x000000001132c000 	/System/Library/Frameworks/Accelerate.framework/Versions/A/Accelerate
0x000000001132c000 	/System/Library/Frameworks/IOSurface.framework/Versions/A/IOSurface
0x000000001132c000 	/System/Library/Frameworks/AudioToolbox.framework/Versions/A/AudioToolbox
0x000000001132c000 	/System/Library/Frameworks/AudioUnit.framework/Versions/A/AudioUnit
0x000000001132c000 	/System/Library/PrivateFrameworks/DataDetectorsCore.framework/Versions/A/DataDetectorsCore
0x000000001132c000 	/System/Library/Frameworks/Carbon.framework/Versions/A/Frameworks/HIToolbox.framework/Versions/A/HIToolbox
0x000000001132c000 	/usr/lib/libicucore.A.dylib
0x000000001132c000 	/System/Library/Frameworks/QuartzCore.framework/Versions/A/QuartzCore
0x000000001132c000 	/System/Library/Frameworks/Carbon.framework/Versions/A/Frameworks/SpeechRecognition.framework/Versions/A/SpeechRecognition
0x000000001132c000 	/usr/lib/libauto.dylib
0x000000001132c000 	/usr/lib/libxml2.2.dylib
0x000000001132c000 	/System/Library/PrivateFrameworks/CoreUI.framework/Versions/A/CoreUI
0x000000001132c000 	/System/Library/Frameworks/CoreAudio.framework/Versions/A/CoreAudio
0x000000001132c000 	/System/Library/Frameworks/DiskArbitration.framework/Versions/A/DiskArbitration
0x000000001132c000 	/usr/lib/liblangid.dylib
0x000000001132c000 	/System/Library/PrivateFrameworks/MultitouchSupport.framework/Versions/A/MultitouchSupport
0x000000001132c000 	/System/Library/Frameworks/IOKit.framework/Versions/A/IOKit
0x000000001132c000 	/usr/lib/libDiagnosticMessagesClient.dylib
0x000000001132c000 	/System/Library/Frameworks/CoreServices.framework/Versions/A/CoreServices
0x000000001132c000 	/System/Library/PrivateFrameworks/PerformanceAnalysis.framework/Versions/A/PerformanceAnalysis
0x000000001132c000 	/System/Library/Frameworks/OpenGL.framework/Versions/A/OpenGL
0x000000001132c000 	/System/Library/Frameworks/ColorSync.framework/Versions/A/ColorSync
0x000000001132c000 	/System/Library/Frameworks/CoreImage.framework/Versions/A/CoreImage
0x000000001132c000 	/System/Library/Frameworks/CoreText.framework/Versions/A/CoreText
0x000000001132c000 	/System/Library/Frameworks/ImageIO.framework/Versions/A/ImageIO
0x000000001132c000 	/System/Library/PrivateFrameworks/Backup.framework/Versions/A/Backup
0x000000001132c000 	/usr/lib/libarchive.2.dylib
0x000000001132c000 	/System/Library/Frameworks/CFNetwork.framework/Versions/A/CFNetwork
0x000000001132c000 	/System/Library/Frameworks/SystemConfiguration.framework/Versions/A/SystemConfiguration
0x000000001132c000 	/usr/lib/libCRFSuite.dylib
0x000000001132c000 	/usr/lib/libc++.1.dylib
0x000000001132c000 	/usr/lib/libc++abi.dylib
0x000000001132c000 	/usr/lib/system/libcache.dylib
0x000000001132c000 	/usr/lib/system/libcommonCrypto.dylib
0x000000001132c000 	/usr/lib/system/libcompiler_rt.dylib
0x000000001132c000 	/usr/lib/system/libcopyfile.dylib
0x000000001132c000 	/usr/lib/system/libcorecrypto.dylib
0x000000001132c000 	/usr/lib/system/libdispatch.dylib
0x000000001132c000 	/usr/lib/system/libdyld.dylib
0x000000001132c000 	/usr/lib/system/libkeymgr.dylib
0x000000001132c000 	/usr/lib/system/liblaunch.dylib
0x000000001132c000 	/usr/lib/system/libmacho.dylib
0x000000001132c000 	/usr/lib/system/libquarantine.dylib
0x000000001132c000 	/usr/lib/system/libremovefile.dylib
0x000000001132c000 	/usr/lib/system/libsystem_asl.dylib
0x000000001132c000 	/usr/lib/system/libsystem_blocks.dylib
0x000000001132c000 	/usr/lib/system/libsystem_c.dylib
0x000000001132c000 	/usr/lib/system/libsystem_configuration.dylib
0x000000001132c000 	/usr/lib/system/libsystem_coreservices.dylib
0x000000001132c000 	/usr/lib/system/libsystem_darwin.dylib
0x000000001132c000 	/usr/lib/system/libsystem_dnssd.dylib
0x000000001132c000 	/usr/lib/system/libsystem_info.dylib
0x000000001132c000 	/usr/lib/system/libsystem_m.dylib
0x000000001132c000 	/usr/lib/system/libsystem_malloc.dylib
0x000000001132c000 	/usr/lib/system/libsystem_network.dylib
0x000000001132c000 	/usr/lib/system/libsystem_networkextension.dylib
0x000000001132c000 	/usr/lib/system/libsystem_notify.dylib
0x000000001132c000 	/usr/lib/system/libsystem_sandbox.dylib
0x000000001132c000 	/usr/lib/system/libsystem_secinit.dylib
0x000000001132c000 	/usr/lib/system/libsystem_kernel.dylib
0x000000001132c000 	/usr/lib/system/libsystem_platform.dylib
0x000000001132c000 	/usr/lib/system/libsystem_pthread.dylib
0x000000001132c000 	/usr/lib/system/libsystem_symptoms.dylib
0x000000001132c000 	/usr/lib/system/libsystem_trace.dylib
0x000000001132c000 	/usr/lib/system/libunwind.dylib
0x000000001132c000 	/usr/lib/system/libxpc.dylib
0x000000001132c000 	/usr/lib/closure/libclosured.dylib
0x000000001132c000 	/usr/lib/libbsm.0.dylib
0x000000001132c000 	/usr/lib/system/libkxld.dylib
0x000000001132c000 	/usr/lib/libOpenScriptingUtil.dylib
0x000000001132c000 	/usr/lib/libcoretls.dylib
0x000000001132c000 	/usr/lib/libcoretls_cfhelpers.dylib
0x000000001132c000 	/usr/lib/libpam.2.dylib
0x000000001132c000 	/usr/lib/libsqlite3.dylib
0x000000001132c000 	/usr/lib/libxar.1.dylib
0x000000001132c000 	/usr/lib/libbz2.1.0.dylib
0x000000001132c000 	/usr/lib/liblzma.5.dylib
0x000000001132c000 	/usr/lib/libnetwork.dylib
0x000000001132c000 	/usr/lib/libapple_nghttp2.dylib
0x000000001132c000 	/usr/lib/libpcap.A.dylib
0x000000001132c000 	/usr/lib/libboringssl.dylib
0x000000001132c000 	/usr/lib/libusrtcp.dylib
0x000000001132c000 	/usr/lib/libapple_crypto.dylib
0x000000001132c000 	/System/Library/Frameworks/CoreServices.framework/Versions/A/Frameworks/FSEvents.framework/Versions/A/FSEvents
0x000000001132c000 	/System/Library/Frameworks/CoreServices.framework/Versions/A/Frameworks/CarbonCore.framework/Versions/A/CarbonCore
0x000000001132c000 	/System/Library/Frameworks/CoreServices.framework/Versions/A/Frameworks/Metadata.framework/Versions/A/Metadata
0x000000001132c000 	/System/Library/Frameworks/CoreServices.framework/Versions/A/Frameworks/OSServices.framework/Versions/A/OSServices
0x000000001132c000 	/System/Library/Frameworks/CoreServices.framework/Versions/A/Frameworks/SearchKit.framework/Versions/A/SearchKit
0x000000001132c000 	/System/Library/Frameworks/CoreServices.framework/Versions/A/Frameworks/AE.framework/Versions/A/AE
0x000000001132c000 	/System/Library/Frameworks/CoreServices.framework/Versions/A/Frameworks/LaunchServices.framework/Versions/A/LaunchServices
0x000000001132c000 	/System/Library/Frameworks/CoreServices.framework/Versions/A/Frameworks/DictionaryServices.framework/Versions/A/DictionaryServices
0x000000001132c000 	/System/Library/Frameworks/CoreServices.framework/Versions/A/Frameworks/SharedFileList.framework/Versions/A/SharedFileList
0x000000001132c000 	/System/Library/Frameworks/NetFS.framework/Versions/A/NetFS
0x000000001132c000 	/System/Library/PrivateFrameworks/NetAuth.framework/Versions/A/NetAuth
0x000000001132c000 	/System/Library/PrivateFrameworks/login.framework/Versions/A/Frameworks/loginsupport.framework/Versions/A/loginsupport
0x000000001132c000 	/System/Library/PrivateFrameworks/TCC.framework/Versions/A/TCC
0x000000001132c000 	/usr/lib/libmecabra.dylib
0x000000001132c000 	/System/Library/Frameworks/ApplicationServices.framework/Versions/A/Frameworks/ATS.framework/Versions/A/ATS
0x000000001132c000 	/System/Library/Frameworks/ApplicationServices.framework/Versions/A/Frameworks/ColorSyncLegacy.framework/Versions/A/ColorSyncLegacy
0x000000001132c000 	/System/Library/Frameworks/ApplicationServices.framework/Versions/A/Frameworks/HIServices.framework/Versions/A/HIServices
0x000000001132c000 	/System/Library/Frameworks/ApplicationServices.framework/Versions/A/Frameworks/LangAnalysis.framework/Versions/A/LangAnalysis
0x000000001132c000 	/System/Library/Frameworks/ApplicationServices.framework/Versions/A/Frameworks/PrintCore.framework/Versions/A/PrintCore
0x000000001132c000 	/System/Library/Frameworks/ApplicationServices.framework/Versions/A/Frameworks/QD.framework/Versions/A/QD
0x000000001132c000 	/System/Library/Frameworks/ApplicationServices.framework/Versions/A/Frameworks/SpeechSynthesis.framework/Versions/A/SpeechSynthesis
0x000000001132c000 	/System/Library/Frameworks/CoreDisplay.framework/Versions/A/CoreDisplay
0x000000001132c000 	/System/Library/Frameworks/Accelerate.framework/Versions/A/Frameworks/vImage.framework/Versions/A/vImage
0x000000001132c000 	/System/Library/Frameworks/Accelerate.framework/Versions/A/Frameworks/vecLib.framework/Versions/A/vecLib
0x000000001132c000 	/System/Library/Frameworks/Accelerate.framework/Versions/A/Frameworks/vecLib.framework/Versions/A/libvDSP.dylib
0x000000001132c000 	/System/Library/Frameworks/Accelerate.framework/Versions/A/Frameworks/vecLib.framework/Versions/A/libBNNS.dylib
0x000000001132c000 	/System/Library/Frameworks/Accelerate.framework/Versions/A/Frameworks/vecLib.framework/Versions/A/libQuadrature.dylib
0x000000001132c000 	/System/Library/Frameworks/Accelerate.framework/Versions/A/Frameworks/vecLib.framework/Versions/A/libvMisc.dylib
0x000000001132c000 	/System/Library/Frameworks/Accelerate.framework/Versions/A/Frameworks/vecLib.framework/Versions/A/libLAPACK.dylib
0x000000001132c000 	/System/Library/Frameworks/Accelerate.framework/Versions/A/Frameworks/vecLib.framework/Versions/A/libBLAS.dylib
0x000000001132c000 	/System/Library/Frameworks/Accelerate.framework/Versions/A/Frameworks/vecLib.framework/Versions/A/libLinearAlgebra.dylib
0x000000001132c000 	/System/Library/Frameworks/Accelerate.framework/Versions/A/Frameworks/vecLib.framework/Versions/A/libSparse.dylib
0x000000001132c000 	/System/Library/Frameworks/Accelerate.framework/Versions/A/Frameworks/vecLib.framework/Versions/A/libSparseBLAS.dylib
0x000000001132c000 	/System/Library/PrivateFrameworks/IOAccelerator.framework/Versions/A/IOAccelerator
0x000000001132c000 	/System/Library/PrivateFrameworks/IOPresentment.framework/Versions/A/IOPresentment
0x000000001132c000 	/System/Library/PrivateFrameworks/DSExternalDisplay.framework/Versions/A/DSExternalDisplay
0x000000001132c000 	/System/Library/Frameworks/OpenGL.framework/Versions/A/Libraries/libCoreFSCache.dylib
0x000000001132c000 	/System/Library/Frameworks/CoreVideo.framework/Versions/A/CoreVideo
0x000000001132c000 	/System/Library/PrivateFrameworks/GraphVisualizer.framework/Versions/A/GraphVisualizer
0x000000001132c000 	/System/Library/Frameworks/MetalPerformanceShaders.framework/Versions/A/MetalPerformanceShaders
0x000000001132c000 	/usr/lib/libFosl_dynamic.dylib
0x000000001132c000 	/System/Library/PrivateFrameworks/FaceCore.framework/Versions/A/FaceCore
0x000000001132c000 	/System/Library/Frameworks/OpenCL.framework/Versions/A/OpenCL
0x000000001132c000 	/usr/lib/libcompression.dylib
0x000000001132c000 	/System/Library/Frameworks/ApplicationServices.framework/Versions/A/Frameworks/ATS.framework/Versions/A/Resources/libFontParser.dylib
0x000000001132c000 	/System/Library/Frameworks/ApplicationServices.framework/Versions/A/Frameworks/ATS.framework/Versions/A/Resources/libFontRegistry.dylib
0x000000001132c000 	/System/Library/Frameworks/ImageIO.framework/Versions/A/Resources/libJPEG.dylib
0x000000001132c000 	/System/Library/Frameworks/ImageIO.framework/Versions/A/Resources/libTIFF.dylib
0x000000001132c000 	/System/Library/Frameworks/ImageIO.framework/Versions/A/Resources/libPng.dylib
0x000000001132c000 	/System/Library/Frameworks/ImageIO.framework/Versions/A/Resources/libGIF.dylib
0x000000001132c000 	/System/Library/Frameworks/ImageIO.framework/Versions/A/Resources/libJP2.dylib
0x000000001132c000 	/System/Library/Frameworks/ImageIO.framework/Versions/A/Resources/libRadiance.dylib
0x000000001132c000 	/System/Library/PrivateFrameworks/AppleJPEG.framework/Versions/A/AppleJPEG
0x000000001132c000 	/System/Library/PrivateFrameworks/MetalTools.framework/Versions/A/MetalTools
0x000000001132c000 	/System/Library/Frameworks/MetalPerformanceShaders.framework/Frameworks/MPSCore.framework/Versions/A/MPSCore
0x000000001132c000 	/System/Library/Frameworks/MetalPerformanceShaders.framework/Frameworks/MPSImage.framework/Versions/A/MPSImage
0x000000001132c000 	/System/Library/Frameworks/MetalPerformanceShaders.framework/Frameworks/MPSMatrix.framework/Versions/A/MPSMatrix
0x000000001132c000 	/System/Library/Frameworks/MetalPerformanceShaders.framework/Frameworks/MPSNeuralNetwork.framework/Versions/A/MPSNeuralNetwork
0x000000001132c000 	/System/Library/Frameworks/OpenGL.framework/Versions/A/Libraries/libGLU.dylib
0x000000001132c000 	/System/Library/Frameworks/OpenGL.framework/Versions/A/Libraries/libGFXShared.dylib
0x000000001132c000 	/System/Library/Frameworks/OpenGL.framework/Versions/A/Libraries/libGL.dylib
0x000000001132c000 	/System/Library/Frameworks/OpenGL.framework/Versions/A/Libraries/libGLImage.dylib
0x000000001132c000 	/System/Library/Frameworks/OpenGL.framework/Versions/A/Libraries/libCVMSPluginSupport.dylib
0x000000001132c000 	/System/Library/Frameworks/OpenGL.framework/Versions/A/Libraries/libCoreVMClient.dylib
0x000000001132c000 	/usr/lib/libcups.2.dylib
0x000000001132c000 	/System/Library/Frameworks/Kerberos.framework/Versions/A/Kerberos
0x000000001132c000 	/System/Library/Frameworks/GSS.framework/Versions/A/GSS
0x000000001132c000 	/usr/lib/libresolv.9.dylib
0x000000001132c000 	/usr/lib/libiconv.2.dylib
0x000000001132c000 	/System/Library/PrivateFrameworks/Heimdal.framework/Versions/A/Heimdal
0x000000001132c000 	/usr/lib/libheimdal-asn1.dylib
0x000000001132c000 	/System/Library/Frameworks/OpenDirectory.framework/Versions/A/OpenDirectory
0x000000001132c000 	/System/Library/PrivateFrameworks/CommonAuth.framework/Versions/A/CommonAuth
0x000000001132c000 	/System/Library/Frameworks/OpenDirectory.framework/Versions/A/Frameworks/CFOpenDirectory.framework/Versions/A/CFOpenDirectory
0x000000001132c000 	/System/Library/Frameworks/SecurityFoundation.framework/Versions/A/SecurityFoundation
0x000000001132c000 	/System/Library/PrivateFrameworks/APFS.framework/Versions/A/APFS
0x000000001132c000 	/usr/lib/libutil.dylib
0x000000001132c000 	/System/Library/PrivateFrameworks/AppleSauce.framework/Versions/A/AppleSauce
0x000000001132c000 	/System/Library/PrivateFrameworks/LinguisticData.framework/Versions/A/LinguisticData
0x000000001132c000 	/usr/lib/libmarisa.dylib
0x000000001132c000 	/System/Library/PrivateFrameworks/Lexicon.framework/Versions/A/Lexicon
0x000000001132c000 	/usr/lib/libChineseTokenizer.dylib
0x000000001132c000 	/usr/lib/libcmph.dylib
0x000000001132c000 	/System/Library/PrivateFrameworks/LanguageModeling.framework/Versions/A/LanguageModeling
0x000000001132c000 	/System/Library/PrivateFrameworks/CoreEmoji.framework/Versions/A/CoreEmoji
0x000000001132c000 	/System/Library/Frameworks/ServiceManagement.framework/Versions/A/ServiceManagement
0x000000001132c000 	/System/Library/PrivateFrameworks/BackgroundTaskManagement.framework/Versions/A/BackgroundTaskManagement
0x000000001132c000 	/usr/lib/libxslt.1.dylib
0x000000001132c000 	/System/Library/Frameworks/Carbon.framework/Versions/A/Frameworks/Ink.framework/Versions/A/Ink
0x000000001132c000 	/System/Library/PrivateFrameworks/TextureIO.framework/Versions/A/TextureIO
0x000000001132c000 	/usr/lib/libate.dylib
0x000000001132c000 	/System/Library/PrivateFrameworks/CrashReporterSupport.framework/Versions/A/CrashReporterSupport
0x000000001132c000 	/System/Library/PrivateFrameworks/Sharing.framework/Versions/A/Sharing
0x000000001132c000 	/System/Library/PrivateFrameworks/IconServices.framework/Versions/A/IconServices
0x000000001132c000 	/System/Library/PrivateFrameworks/ProtocolBuffer.framework/Versions/A/ProtocolBuffer
0x000000001132c000 	/System/Library/PrivateFrameworks/Apple80211.framework/Versions/A/Apple80211
0x000000001132c000 	/System/Library/Frameworks/CoreWLAN.framework/Versions/A/CoreWLAN
0x000000001132c000 	/System/Library/PrivateFrameworks/CoreUtils.framework/Versions/A/CoreUtils
0x000000001132c000 	/System/Library/Frameworks/IOBluetooth.framework/Versions/A/IOBluetooth
0x000000001132c000 	/System/Library/PrivateFrameworks/CoreWiFi.framework/Versions/A/CoreWiFi
0x000000001132c000 	/System/Library/Frameworks/CoreBluetooth.framework/Versions/A/CoreBluetooth
0x000000001132c000 	/System/Library/PrivateFrameworks/SignpostNotification.framework/Versions/A/SignpostNotification
0x000000001132c000 	/System/Library/PrivateFrameworks/DebugSymbols.framework/Versions/A/DebugSymbols
0x000000001132c000 	/System/Library/PrivateFrameworks/CoreSymbolication.framework/Versions/A/CoreSymbolication
0x000000001132c000 	/System/Library/PrivateFrameworks/Symbolication.framework/Versions/A/Symbolication
0x000000001132c000 	/System/Library/PrivateFrameworks/AppleFSCompression.framework/Versions/A/AppleFSCompression
0x000000001132c000 	/System/Library/PrivateFrameworks/SpeechRecognitionCore.framework/Versions/A/SpeechRecognitionCore
0x000000010ea00000 	/Library/Java/JavaVirtualMachines/jdk1.8.0_121.jdk/Contents/Home/jre/lib/server/libjvm.dylib
0x000000001132c000 	/usr/lib/libstdc++.6.0.9.dylib
0x000000010e08f000 	/Library/Java/JavaVirtualMachines/jdk1.8.0_121.jdk/Contents/Home/jre/lib/libverify.dylib
0x000000010e09d000 	/Library/Java/JavaVirtualMachines/jdk1.8.0_121.jdk/Contents/Home/jre/lib/libjava.dylib
0x000000010e0d3000 	/Library/Java/JavaVirtualMachines/jdk1.8.0_121.jdk/Contents/Home/jre/lib/libinstrument.dylib
0x000000010e171000 	/Library/Java/JavaVirtualMachines/jdk1.8.0_121.jdk/Contents/Home/jre/lib/libzip.dylib
0x000000001132c000 	/System/Library/Frameworks/JavaVM.framework/Versions/A/Frameworks/JavaRuntimeSupport.framework/Versions/A/JavaRuntimeSupport
0x000000001132c000 	/System/Library/Frameworks/JavaVM.framework/Versions/A/Frameworks/JavaNativeFoundation.framework/Versions/A/JavaNativeFoundation
0x000000001132c000 	/System/Library/Frameworks/JavaVM.framework/Versions/A/JavaVM
0x000000001132c000 	/System/Library/Frameworks/Carbon.framework/Versions/A/Carbon
0x000000001132c000 	/System/Library/PrivateFrameworks/JavaLaunching.framework/Versions/A/JavaLaunching
0x000000001132c000 	/System/Library/Frameworks/Carbon.framework/Versions/A/Frameworks/CommonPanels.framework/Versions/A/CommonPanels
0x000000001132c000 	/System/Library/Frameworks/Carbon.framework/Versions/A/Frameworks/Help.framework/Versions/A/Help
0x000000001132c000 	/System/Library/Frameworks/Carbon.framework/Versions/A/Frameworks/ImageCapture.framework/Versions/A/ImageCapture
0x000000001132c000 	/System/Library/Frameworks/Carbon.framework/Versions/A/Frameworks/OpenScripting.framework/Versions/A/OpenScripting
0x000000001132c000 	/System/Library/Frameworks/Carbon.framework/Versions/A/Frameworks/Print.framework/Versions/A/Print
0x000000001132c000 	/System/Library/Frameworks/Carbon.framework/Versions/A/Frameworks/SecurityHI.framework/Versions/A/SecurityHI
0x0000000117d8b000 	/Library/Java/JavaVirtualMachines/jdk1.8.0_121.jdk/Contents/Home/jre/lib/libnet.dylib
0x0000000117dea000 	/private/var/folders/nk/zc974d_96r31rwqtncf38fj80000gn/T/libgdxariellegoldberg/25a8e9fb/libgdx64.dylib
0x0000000117f8a000 	/Library/Java/JavaVirtualMachines/jdk1.8.0_121.jdk/Contents/Home/jre/lib/libawt.dylib
0x0000000118032000 	/Library/Java/JavaVirtualMachines/jdk1.8.0_121.jdk/Contents/Home/jre/lib/./libmlib_image.dylib
0x00000001180fe000 	/Library/Java/JavaVirtualMachines/jdk1.8.0_121.jdk/Contents/Home/jre/lib/libawt_lwawt.dylib
0x00000001181b5000 	/Library/Java/JavaVirtualMachines/jdk1.8.0_121.jdk/Contents/Home/jre/lib/./libosxapp.dylib
0x000000001132c000 	/System/Library/Frameworks/ExceptionHandling.framework/Versions/A/ExceptionHandling
0x000000001132c000 	/System/Library/PrivateFrameworks/CoreServicesInternal.framework/Versions/A/CoreServicesInternal
0x000000001132c000 	/System/Library/CoreServices/RawCamera.bundle/Contents/MacOS/RawCamera
0x000000001132c000 	/System/Library/PrivateFrameworks/MobileAsset.framework/Versions/A/MobileAsset
0x000000001132c000 	/System/Library/PrivateFrameworks/StreamingZip.framework/Versions/A/StreamingZip
0x000000001132c000 	/System/Library/Frameworks/MediaToolbox.framework/Versions/A/MediaToolbox
0x000000001132c000 	/System/Library/PrivateFrameworks/CoreAVCHD.framework/Versions/A/CoreAVCHD
0x000000001132c000 	/System/Library/Frameworks/MediaAccessibility.framework/Versions/A/MediaAccessibility
0x000000001132c000 	/System/Library/PrivateFrameworks/Mangrove.framework/Versions/A/Mangrove
0x000000001132c000 	/System/Library/Frameworks/CoreMedia.framework/Versions/A/CoreMedia
0x000000001132c000 	/System/Library/Frameworks/VideoToolbox.framework/Versions/A/VideoToolbox
0x000000001132c000 	/System/Library/PrivateFrameworks/CoreAUC.framework/Versions/A/CoreAUC
0x000000001132c000 	/usr/lib/libspindump.dylib
0x000000001132c000 	/usr/lib/libdscsym.dylib
0x000000001132c000 	/System/Library/PrivateFrameworks/AppleVA.framework/Versions/A/AppleVA
0x000000001132c000 	/System/Library/Frameworks/Accelerate.framework/Versions/A/Frameworks/vImage.framework/Versions/A/Libraries/libCGInterfaces.dylib
0x000000001132c000 	/System/Library/Frameworks/ApplicationServices.framework/Versions/A/Frameworks/ATS.framework/Versions/A/Resources/libTrueTypeScaler.dylib
0x000000001132c000 	/System/Library/Frameworks/OpenGL.framework/Versions/A/Resources/GLEngine.bundle/GLEngine
0x000000001132c000 	/System/Library/Frameworks/OpenGL.framework/Versions/A/Libraries/libGLProgrammability.dylib
0x000000011a389000 	/System/Library/Extensions/AppleIntelBDWGraphicsGLDriver.bundle/Contents/MacOS/AppleIntelBDWGraphicsGLDriver
0x000000001132c000 	/System/Library/PrivateFrameworks/GPUSupport.framework/Versions/A/Libraries/libGPUSupportMercury.dylib
0x000000001132c000 	/System/Library/Frameworks/OpenGL.framework/Versions/A/Resources/GLRendererFloat.bundle/GLRendererFloat
0x000000001132c000 	/System/Library/Frameworks/OpenCL.framework/Versions/A/Libraries/libcldcpuengine.dylib
0x000000001132c000 	/usr/lib/libcrypto.35.dylib
0x000000001132c000 	/System/Library/PrivateFrameworks/TrustEvaluationAgent.framework/Versions/A/TrustEvaluationAgent
0x000000001132c000 	/System/Library/Extensions/AppleIntelBDWGraphicsMTLDriver.bundle/Contents/MacOS/AppleIntelBDWGraphicsMTLDriver
0x000000001132c000 	/System/Library/PrivateFrameworks/GPUCompiler.framework/Versions/3802/Libraries/libmetal_timestamp.dylib
0x000000001132c000 	/System/Library/PrivateFrameworks/FamilyControls.framework/Versions/A/FamilyControls
0x000000001132c000 	/System/Library/PrivateFrameworks/CommerceKit.framework/Versions/A/Frameworks/CommerceCore.framework/Versions/A/CommerceCore
0x000000001132c000 	/System/Library/PrivateFrameworks/SystemAdministration.framework/Versions/A/SystemAdministration
0x000000001132c000 	/System/Library/PrivateFrameworks/AppContainer.framework/Versions/A/AppContainer
0x000000001132c000 	/System/Library/PrivateFrameworks/SecCodeWrapper.framework/Versions/A/SecCodeWrapper
0x000000001132c000 	/System/Library/PrivateFrameworks/DiskManagement.framework/Versions/A/DiskManagement
0x000000001132c000 	/System/Library/Frameworks/DirectoryService.framework/Versions/A/DirectoryService
0x000000001132c000 	/System/Library/PrivateFrameworks/DiskImages.framework/Versions/A/DiskImages
0x000000001132c000 	/System/Library/PrivateFrameworks/LoginUIKit.framework/Versions/A/Frameworks/LoginUICore.framework/Versions/A/LoginUICore
0x000000001132c000 	/usr/lib/libCoreStorage.dylib
0x000000001132c000 	/usr/lib/libcsfde.dylib
0x000000001132c000 	/usr/lib/libodfde.dylib
0x000000001132c000 	/System/Library/PrivateFrameworks/MediaKit.framework/Versions/A/MediaKit
0x000000001132c000 	/System/Library/Frameworks/DiscRecording.framework/Versions/A/DiscRecording
0x000000001132c000 	/System/Library/PrivateFrameworks/EFILogin.framework/Versions/A/EFILogin
0x000000001132c000 	/System/Library/PrivateFrameworks/ProtectedCloudStorage.framework/Versions/A/ProtectedCloudStorage
0x000000001132c000 	/usr/lib/libcurl.4.dylib
0x000000001132c000 	/usr/lib/libssl.35.dylib
0x000000001132c000 	/System/Library/Frameworks/LDAP.framework/Versions/A/LDAP
0x000000001132c000 	/usr/lib/libsasl2.2.dylib
0x000000001132c000 	/System/Library/PrivateFrameworks/CoreDaemon.framework/Versions/B/CoreDaemon
0x000000001132c000 	/System/Library/PrivateFrameworks/AppleSRP.framework/Versions/A/AppleSRP
0x000000011b1c7000 	/Library/Java/JavaVirtualMachines/jdk1.8.0_121.jdk/Contents/Home/jre/lib/libfontmanager.dylib
0x000000012a2f1000 	/private/var/folders/nk/zc974d_96r31rwqtncf38fj80000gn/T/libgdxariellegoldberg/f7649394/liblwjgl.dylib
0x00000001194f4000 	/Library/Java/JavaVirtualMachines/jdk1.8.0_121.jdk/Contents/Home/jre/lib/libjawt.dylib
0x000000012a373000 	/var/folders/nk/zc974d_96r31rwqtncf38fj80000gn/T/libgdxariellegoldberg/f7649394/openal.dylib
0x000000012a3cf000 	/System/Library/Components/CoreAudio.component/Contents/MacOS/CoreAudio
0x000000011a37a000 	/System/Library/Extensions/AppleHDA.kext/Contents/PlugIns/AppleHDAHALPlugIn.bundle/Contents/MacOS/AppleHDAHALPlugIn
0x000000001132c000 	/System/Library/PrivateFrameworks/ViewBridge.framework/Versions/A/ViewBridge
0x000000012c2c9000 	/private/var/folders/nk/zc974d_96r31rwqtncf38fj80000gn/T/libgdxariellegoldberg/c6e99639/libgdx-controllers-desktop64.dylib
0x000000012c838000 	/private/var/folders/nk/zc974d_96r31rwqtncf38fj80000gn/T/libgdxariellegoldberg/816b5a05/libgdx-box2d64.dylib
0x000000011a01e000 	/private/var/folders/nk/zc974d_96r31rwqtncf38fj80000gn/T/libgdxariellegoldberg/d1927f43/libgdx-freetype64.dylib
0x000000001132c000 	/System/Library/PrivateFrameworks/login.framework/Versions/A/login

VM Arguments:
jvm_args: -javaagent:/Applications/IntelliJ IDEA CE.app/Contents/lib/idea_rt.jar=64899:/Applications/IntelliJ IDEA CE.app/Contents/bin -Dfile.encoding=UTF-8 
java_command: edu.cornell.gdiac.physics.desktop.DesktopLauncher
java_class_path (initial): /Library/Java/JavaVirtualMachines/jdk1.8.0_121.jdk/Contents/Home/jre/lib/charsets.jar:/Library/Java/JavaVirtualMachines/jdk1.8.0_121.jdk/Contents/Home/jre/lib/deploy.jar:/Library/Java/JavaVirtualMachines/jdk1.8.0_121.jdk/Contents/Home/jre/lib/ext/cldrdata.jar:/Library/Java/JavaVirtualMachines/jdk1.8.0_121.jdk/Contents/Home/jre/lib/ext/dnsns.jar:/Library/Java/JavaVirtualMachines/jdk1.8.0_121.jdk/Contents/Home/jre/lib/ext/jaccess.jar:/Library/Java/JavaVirtualMachines/jdk1.8.0_121.jdk/Contents/Home/jre/lib/ext/jfxrt.jar:/Library/Java/JavaVirtualMachines/jdk1.8.0_121.jdk/Contents/Home/jre/lib/ext/localedata.jar:/Library/Java/JavaVirtualMachines/jdk1.8.0_121.jdk/Contents/Home/jre/lib/ext/nashorn.jar:/Library/Java/JavaVirtualMachines/jdk1.8.0_121.jdk/Contents/Home/jre/lib/ext/sunec.jar:/Library/Java/JavaVirtualMachines/jdk1.8.0_121.jdk/Contents/Home/jre/lib/ext/sunjce_provider.jar:/Library/Java/JavaVirtualMachines/jdk1.8.0_121.jdk/Contents/Home/jre/lib/ext/sunpkcs11.jar:/Library/Java/JavaVirtualMachines/jdk1.8.0_121.jdk/Contents/Home/jre/lib/ext/zipfs.jar:/Library/Java/JavaVirtualMachines/jdk1.8.0_121.jdk/Contents/Home/jre/lib/javaws.jar:/Library/Java/JavaVirtualMachines/jdk1.8.0_121.jdk/Contents/Home/jre/lib/jce.jar:/Library/Java/JavaVirtualMachines/jdk1.8.0_121.jdk/Contents/Home/jre/lib/jfr.jar:/Library/Java/JavaVirtualMachines/jdk1.8.0_121.jdk/Contents/Home/jre/lib/jfxswt.jar:/Library/Java/JavaVirtualMachines/jdk1.8.0_121.jdk/Contents/Home/jre/lib/jsse.jar:/Library/Java/JavaVirtualMachines/jdk1.8.0_121.jdk/Contents/Home/jre/lib/management-agent.jar:/Library/Java/JavaVirtualMachines/jdk1.8.0_121.jdk/Contents/Home/jre/lib/plugin.jar:/Library/Java/JavaVirtualMachines/jdk1.8.0_121.jdk/Contents/Home/jre/lib/resources.jar:/Library/Java/JavaVirtualMachines/jdk1.8.0_121.jdk/Contents/Home/jre/lib/rt.jar:/Library/Java/JavaVirtualMachines/jdk1.8.0_121.jdk/Contents/Home/lib/ant-javafx.jar:/Library/Java/JavaVirtualMachines/jdk1.8.0_121.jdk/Contents/Home
Launcher Type: SUN_STANDARD

Environment Variables:
PATH=/Library/Frameworks/Python.framework/Versions/3.6/bin:/Users/ariellegoldberg/anaconda/bin:/usr/local/bin:/usr/bin:/bin:/usr/sbin:/sbin:/usr/local/share/dotnet:/opt/X11/bin:~/.dotnet/tools:/Library/Frameworks/Mono.framework/Versions/Current/Commands:/Applications/Xamarin Workbooks.app/Contents/SharedSupport/path-bin:/usr/texbin:/usr/texbin
SHELL=/bin/bash
DISPLAY=/private/tmp/com.apple.launchd.2fycvp6o33/org.macosforge.xquartz:0

Signal Handlers:
SIGSEGV: [libjvm.dylib+0x5b1141], sa_mask[0]=11111111011111110111111111111111, sa_flags=SA_ONSTACK|SA_RESTART|SA_SIGINFO
SIGBUS: [libjvm.dylib+0x5b1141], sa_mask[0]=11111111011111110111111111111111, sa_flags=SA_RESTART|SA_SIGINFO
SIGFPE: [libjvm.dylib+0x487bc4], sa_mask[0]=11111111011111110111111111111111, sa_flags=SA_RESTART|SA_SIGINFO
SIGPIPE: [libjvm.dylib+0x487bc4], sa_mask[0]=11111111011111110111111111111111, sa_flags=SA_RESTART|SA_SIGINFO
SIGXFSZ: [libjvm.dylib+0x487bc4], sa_mask[0]=11111111011111110111111111111111, sa_flags=SA_RESTART|SA_SIGINFO
SIGILL: [libjvm.dylib+0x487bc4], sa_mask[0]=11111111011111110111111111111111, sa_flags=SA_RESTART|SA_SIGINFO
SIGUSR1: SIG_DFL, sa_mask[0]=00000000000000000000000000000000, sa_flags=none
SIGUSR2: [libjvm.dylib+0x4876e2], sa_mask[0]=00100000000000000000000000000000, sa_flags=SA_RESTART|SA_SIGINFO
SIGHUP: [libjvm.dylib+0x485cb9], sa_mask[0]=11111111011111110111111111111111, sa_flags=SA_RESTART|SA_SIGINFO
SIGINT: [libjvm.dylib+0x485cb9], sa_mask[0]=11111111011111110111111111111111, sa_flags=SA_RESTART|SA_SIGINFO
SIGTERM: [libjvm.dylib+0x485cb9], sa_mask[0]=11111111011111110111111111111111, sa_flags=SA_RESTART|SA_SIGINFO
SIGQUIT: [libjvm.dylib+0x485cb9], sa_mask[0]=11111111011111110111111111111111, sa_flags=SA_RESTART|SA_SIGINFO


---------------  S Y S T E M  ---------------

OS:Bsduname:Darwin 17.4.0 Darwin Kernel Version 17.4.0: Sun Dec 17 09:19:54 PST 2017; root:xnu-4570.41.2~1/RELEASE_X86_64 x86_64
rlimit: STACK 8192k, CORE 0k, NPROC 709, NOFILE 10240, AS infinity
load average:2.45 2.49 2.41

CPU:total 4 (2 cores per cpu, 2 threads per core) family 6 model 61 stepping 4, cmov, cx8, fxsr, mmx, sse, sse2, sse3, ssse3, sse4.1, sse4.2, popcnt, avx, avx2, aes, clmul, erms, 3dnowpref, lzcnt, ht, tsc, tscinvbit, bmi1, bmi2, adx

Memory: 4k page, physical 8388608k(196800k free)

/proc/meminfo:


vm_info: Java HotSpot(TM) 64-Bit Server VM (25.121-b13) for bsd-amd64 JRE (1.8.0_121-b13), built on Dec 12 2016 20:39:32 by "java_re" with gcc 4.2.1 (Based on Apple Inc. build 5658) (LLVM build 2336.11.00)

time: Sat Mar  2 14:43:44 2019
elapsed time: 50 seconds (0d 0h 0m 50s)

