#
# A fatal error has been detected by the Java Runtime Environment:
#
#  SIGSEGV (0xb) at pc=0x0000000000000000, pid=23036, tid=97031
#
# JRE version: Java(TM) SE Runtime Environment (8.0_72-b15) (build 1.8.0_72-b15)
# Java VM: Java HotSpot(TM) 64-Bit Server VM (25.72-b15 mixed mode bsd-amd64 compressed oops)
# Problematic frame:
# C  0x0000000000000000
#
# Failed to write core dump. Core dumps have been disabled. To enable core dumping, try "ulimit -c unlimited" before starting Java again
#
# If you would like to submit a bug report, please visit:
#   http://bugreport.java.com/bugreport/crash.jsp
# The crash happened outside the Java Virtual Machine in native code.
# See problematic frame for where to report the bug.
#

---------------  T H R E A D  ---------------

Current thread (0x00007f85409df000):  JavaThread "LWJGL Application" [_thread_in_native, id=97031, stack(0x0000700004382000,0x0000700004482000)]

siginfo: si_signo: 11 (SIGSEGV), si_code: 1 (SEGV_MAPERR), si_addr: 0x0000000000000000

Registers:
RAX=0x00007f8541b77d80, RBX=0x00007f8541b75800, RCX=0x0000000000000000, RDX=0x00007f8541b75840
RSP=0x0000700004481518, RBP=0x0000700004481530, RSI=0x00007f85423fe800, RDI=0x00007f8541b75800
R8 =0x00000000000000bd, R9 =0x0000000000000000, R10=0x0000000113268928, R11=0x000000010720ffb7
R12=0x00007f85423e71c0, R13=0x000000012540ebf0, R14=0x00007f85423fe800, R15=0x00007f85409df000
RIP=0x0000000000000000, EFLAGS=0x0000000000010283, ERR=0x0000000000000014
  TRAPNO=0x000000000000000e

Top of Stack: (sp=0x0000700004481518)
0x0000700004481518:   00000001256055d3 00007f85423e7040
0x0000700004481528:   00007f85423fe800 0000700004481560
0x0000700004481538:   000000012561221d 00007f85423fe800
0x0000700004481548:   0000000000000000 00007f8541b75800
0x0000700004481558:   00007f85409df000 00007000044815b0
0x0000700004481568:   0000000125618022 0000000125626db8
0x0000700004481578:   00007f85409df1f8 0000700004481668
0x0000700004481588:   0000000125626df8 00007f85409df1f8
0x0000700004481598:   0000700004481668 000000012540ebf0
0x00007000044815a8:   0000700004481668 0000700004481628
0x00007000044815b8:   0000000113268954 0000000000000000
0x00007000044815c8:   0000000000000205 0000000000000205
0x00007000044815d8:   00000007964f9470 00007f8541b75800
0x00007000044815e8:   00007000044815e8 0000000000000000
0x00007000044815f8:   0000700004481668 000000012541ef28
0x0000700004481608:   0000000000000000 000000012540ebf0
0x0000700004481618:   0000000000000000 0000700004481648
0x0000700004481628:   00007000044816b0 000000011325ac4d
0x0000700004481638:   0000000000000000 0000000113262578
0x0000700004481648:   00007f8541b75800 00000007964c8e90
0x0000700004481658:   00007f85423fe800 00000007964f6d00
0x0000700004481668:   00000007964acb38 0000700004481670
0x0000700004481678:   000000012540eb40 00007000044816c8
0x0000700004481688:   000000012541ef28 0000000000000000
0x0000700004481698:   000000012540eb68 0000700004481648
0x00007000044816a8:   00007000044816c0 0000700004481710
0x00007000044816b8:   000000011325ac4d 00000007964f02c8
0x00007000044816c8:   00000007964acb38 00007000044816d0
0x00007000044816d8:   0000000125431f3f 0000700004481738
0x00007000044816e8:   000000012552afc0 0000000000000000
0x00007000044816f8:   0000000125431fb8 00007000044816c0
0x0000700004481708:   0000700004481730 0000700004481780 

Instructions: (pc=0x0000000000000000)
0xffffffffffffffe0:   

Register to memory mapping:

RAX=0x00007f8541b77d80 is an unknown value
RBX=0x00007f8541b75800 is an unknown value
RCX=0x0000000000000000 is an unknown value
RDX=0x00007f8541b75840 is an unknown value
RSP=0x0000700004481518 is pointing into the stack for thread: 0x00007f85409df000
RBP=0x0000700004481530 is pointing into the stack for thread: 0x00007f85409df000
RSI=0x00007f85423fe800 is an unknown value
RDI=0x00007f8541b75800 is an unknown value
R8 =0x00000000000000bd is an unknown value
R9 =0x0000000000000000 is an unknown value
R10=0x0000000113268928 is at code_begin+808 in an Interpreter codelet
method entry point (kind = native)  [0x0000000113268600, 0x0000000113268f00]  2304 bytes
R11=0x000000010720ffb7: throw_unsatisfied_link_error+0 in /Library/Java/JavaVirtualMachines/jdk1.8.0_72.jdk/Contents/Home/jre/lib/server/libjvm.dylib at 0x0000000106d34000
R12=0x00007f85423e71c0 is an unknown value
R13={method} {0x000000012540ebf0} 'jniDestroyJoint' '(JJ)V' in 'com/badlogic/gdx/physics/box2d/World'
R14=0x00007f85423fe800 is an unknown value
R15=0x00007f85409df000 is a thread


Stack: [0x0000700004382000,0x0000700004482000],  sp=0x0000700004481518,  free space=1021k
Java frames: (J=compiled Java code, j=interpreted, Vv=VM code)
j  com.badlogic.gdx.physics.box2d.World.jniDestroyJoint(JJ)V+0
j  com.badlogic.gdx.physics.box2d.World.destroyJoint(Lcom/badlogic/gdx/physics/box2d/Joint;)V+64
j  edu.cornell.gdiac.physics.obstacle.ComplexObstacle.deactivatePhysics(Lcom/badlogic/gdx/physics/box2d/World;)V+39
j  edu.cornell.gdiac.physics.platform.RopeBridge.deactivatePhysics(Lcom/badlogic/gdx/physics/box2d/World;)V+2
j  edu.cornell.gdiac.physics.WorldController.dispose()V+32
j  edu.cornell.gdiac.physics.GDXRoot.dispose()V+35
j  com.badlogic.gdx.backends.lwjgl.LwjglApplication.mainLoop()V+846
j  com.badlogic.gdx.backends.lwjgl.LwjglApplication$1.run()V+27
v  ~StubRoutines::call_stub

---------------  P R O C E S S  ---------------

Java Threads: ( => current thread )
  0x00007f85413be800 JavaThread "AWT-Shutdown" [_thread_blocked, id=45855, stack(0x0000700002eba000,0x0000700002fba000)]
  0x00007f8541333000 JavaThread "AsynchExecutor-Thread" daemon [_thread_blocked, id=114699, stack(0x0000700004485000,0x0000700004585000)]
  0x00007f85412c7000 JavaThread "DestroyJavaVM" [_thread_blocked, id=6403, stack(0x0000700002fc0000,0x00007000030c0000)]
=>0x00007f85409df000 JavaThread "LWJGL Application" [_thread_in_native, id=97031, stack(0x0000700004382000,0x0000700004482000)]
  0x00007f8542198000 JavaThread "Attach Listener" daemon [_thread_blocked, id=59139, stack(0x00007000041fc000,0x00007000042fc000)]
  0x00007f8542152800 JavaThread "AppKit Thread" daemon [_thread_in_native, id=775, stack(0x00007ffee86f7000,0x00007ffee8ef7000)]
  0x00007f85420b9000 JavaThread "Service Thread" daemon [_thread_blocked, id=14851, stack(0x0000700003ce7000,0x0000700003de7000)]
  0x00007f8541828000 JavaThread "C1 CompilerThread2" daemon [_thread_blocked, id=14339, stack(0x0000700003be4000,0x0000700003ce4000)]
  0x00007f85420b8000 JavaThread "C2 CompilerThread1" daemon [_thread_blocked, id=18179, stack(0x0000700003ae1000,0x0000700003be1000)]
  0x00007f8540837000 JavaThread "C2 CompilerThread0" daemon [_thread_blocked, id=18435, stack(0x00007000039de000,0x0000700003ade000)]
  0x00007f854080e000 JavaThread "Monitor Ctrl-Break" daemon [_thread_in_native, id=18691, stack(0x00007000038db000,0x00007000039db000)]
  0x00007f854104a000 JavaThread "Signal Dispatcher" daemon [_thread_blocked, id=13571, stack(0x00007000037d8000,0x00007000038d8000)]
  0x00007f8541824800 JavaThread "Finalizer" daemon [_thread_blocked, id=20483, stack(0x00007000036d5000,0x00007000037d5000)]
  0x00007f854181e000 JavaThread "Reference Handler" daemon [_thread_blocked, id=20995, stack(0x00007000035d2000,0x00007000036d2000)]

Other Threads:
  0x00007f854201d800 VMThread [stack: 0x00007000034cf000,0x00007000035cf000] [id=11779]
  0x00007f8541131000 WatcherThread [stack: 0x0000700003dea000,0x0000700003eea000] [id=15363]

VM state:not at safepoint (normal execution)

VM Mutex/Monitor currently owned by a thread: None

Heap:
 PSYoungGen      total 38400K, used 21172K [0x0000000795580000, 0x0000000798000000, 0x00000007c0000000)
  eden space 33280K, 48% used [0x0000000795580000,0x00000007965334e0,0x0000000797600000)
  from space 5120K, 99% used [0x0000000797600000,0x0000000797af9c68,0x0000000797b00000)
  to   space 5120K, 0% used [0x0000000797b00000,0x0000000797b00000,0x0000000798000000)
 ParOldGen       total 87552K, used 595K [0x0000000740000000, 0x0000000745580000, 0x0000000795580000)
  object space 87552K, 0% used [0x0000000740000000,0x0000000740094d10,0x0000000745580000)
 Metaspace       used 10559K, capacity 10787K, committed 10880K, reserved 1058816K
  class space    used 1022K, capacity 1112K, committed 1152K, reserved 1048576K

Card table byte_map: [0x00000001089c0000,0x0000000108dc1000] byte_map_base: 0x0000000104fc0000

Marking Bits: (ParMarkBitMap*) 0x0000000107617ea0
 Begin Bits: [0x000000010906c000, 0x000000010b06c000)
 End Bits:   [0x000000010b06c000, 0x000000010d06c000)

Polling page: 0x0000000107d06000

CodeCache: size=245760Kb used=5152Kb max_used=5163Kb free=240607Kb
 bounds [0x0000000113253000, 0x0000000113763000, 0x0000000122253000]
 total_blobs=1805 nmethods=1309 adapters=410
 compilation: enabled

Compilation events (10 events):
Event: 47.977 Thread 0x00007f85420b8000 1306       4       com.badlogic.gdx.utils.Array::clear (33 bytes)
Event: 47.978 Thread 0x00007f85420b8000 nmethod 1306 0x000000011374f090 code [0x000000011374f1e0, 0x000000011374f298]
Event: 48.009 Thread 0x00007f8540837000 1307       4       java.util.HashMap::getNode (148 bytes)
Event: 48.013 Thread 0x00007f8540837000 nmethod 1307 0x000000011375fe10 code [0x000000011375ff80, 0x00000001137601f8]
Event: 48.810 Thread 0x00007f85420b8000 1308       4       java.lang.Math::max (46 bytes)
Event: 48.811 Thread 0x00007f85420b8000 nmethod 1308 0x000000011375ed90 code [0x000000011375ef00, 0x000000011375f018]
Event: 49.360 Thread 0x00007f8540837000 1309       4       edu.cornell.gdiac.physics.platform.DudeModel::setMovement (37 bytes)
Event: 49.361 Thread 0x00007f85420b8000 1310       4       edu.cornell.gdiac.physics.platform.DudeModel::update (66 bytes)
Event: 49.361 Thread 0x00007f8540837000 nmethod 1309 0x000000011374ee10 code [0x000000011374ef80, 0x000000011374f018]
Event: 49.362 Thread 0x00007f85420b8000 nmethod 1310 0x000000011375fad0 code [0x000000011375fc20, 0x000000011375fd18]

GC Heap History (2 events):
Event: 2.198 GC heap before
{Heap before GC invocations=1 (full 0):
 PSYoungGen      total 38400K, used 32455K [0x0000000795580000, 0x0000000798000000, 0x00000007c0000000)
  eden space 33280K, 97% used [0x0000000795580000,0x0000000797531ee8,0x0000000797600000)
  from space 5120K, 0% used [0x0000000797b00000,0x0000000797b00000,0x0000000798000000)
  to   space 5120K, 0% used [0x0000000797600000,0x0000000797600000,0x0000000797b00000)
 ParOldGen       total 87552K, used 0K [0x0000000740000000, 0x0000000745580000, 0x0000000795580000)
  object space 87552K, 0% used [0x0000000740000000,0x0000000740000000,0x0000000745580000)
 Metaspace       used 9848K, capacity 9987K, committed 10240K, reserved 1058816K
  class space    used 972K, capacity 1016K, committed 1024K, reserved 1048576K
Event: 2.217 GC heap after
Heap after GC invocations=1 (full 0):
 PSYoungGen      total 38400K, used 5095K [0x0000000795580000, 0x0000000798000000, 0x00000007c0000000)
  eden space 33280K, 0% used [0x0000000795580000,0x0000000795580000,0x0000000797600000)
  from space 5120K, 99% used [0x0000000797600000,0x0000000797af9c68,0x0000000797b00000)
  to   space 5120K, 0% used [0x0000000797b00000,0x0000000797b00000,0x0000000798000000)
 ParOldGen       total 87552K, used 595K [0x0000000740000000, 0x0000000745580000, 0x0000000795580000)
  object space 87552K, 0% used [0x0000000740000000,0x0000000740094d10,0x0000000745580000)
 Metaspace       used 9848K, capacity 9987K, committed 10240K, reserved 1058816K
  class space    used 972K, capacity 1016K, committed 1024K, reserved 1048576K
}

Deoptimization events (9 events):
Event: 0.388 Thread 0x00007f8541808800 Uncommon trap: reason=unstable_if action=reinterpret pc=0x00000001133a6bdc method=java.lang.String.indexOf([CII[CIII)I @ 134
Event: 0.388 Thread 0x00007f8541808800 Uncommon trap: reason=unstable_if action=reinterpret pc=0x00000001133a4f9c method=java.lang.String.indexOf([CII[CIII)I @ 123
Event: 0.390 Thread 0x00007f8541808800 Uncommon trap: reason=unstable_if action=reinterpret pc=0x00000001133dce54 method=sun.misc.URLClassPath.getLoader(I)Lsun/misc/URLClassPath$Loader; @ 36
Event: 0.390 Thread 0x00007f8541808800 Uncommon trap: reason=unstable_if action=reinterpret pc=0x00000001133da67c method=sun.misc.URLClassPath.getLoader(I)Lsun/misc/URLClassPath$Loader; @ 36
Event: 1.860 Thread 0x00007f8541333000 Uncommon trap: reason=unstable_if action=reinterpret pc=0x000000011352c150 method=javazoom.jl.decoder.BitReserve.hgetbits(I)I @ 22
Event: 2.194 Thread 0x00007f8541333000 Uncommon trap: reason=unstable_if action=reinterpret pc=0x00000001135a6e04 method=javazoom.jl.decoder.LayerIIIDecoder.reorder([[FII)V @ 24
Event: 2.194 Thread 0x00007f8541333000 Uncommon trap: reason=unstable_if action=reinterpret pc=0x00000001135a32f0 method=javazoom.jl.decoder.LayerIIIDecoder.hybrid(II)V @ 32
Event: 2.843 Thread 0x00007f85409df000 Uncommon trap: reason=unstable_if action=reinterpret pc=0x00000001133e5fe8 method=java.lang.String.replace(CC)Ljava/lang/String; @ 26
Event: 3.104 Thread 0x00007f8541333000 Uncommon trap: reason=unstable_if action=reinterpret pc=0x00000001136029dc method=javazoom.jl.decoder.LayerIIIDecoder.stereo(I)V @ 137

Internal exceptions (10 events):
Event: 0.599 Thread 0x00007f8541808800 Exception <a 'java/lang/NoSuchFieldError': method resolution failed> (0x00000007960a1078) thrown at [/Users/java_re/workspace/8-2-build-macosx-x86_64/jdk8u72/5732/hotspot/src/share/vm/prims/methodHandles.cpp, line 1146]
Event: 0.601 Thread 0x00007f8541808800 Exception <a 'java/lang/NoSuchFieldError': method resolution failed> (0x00000007960af008) thrown at [/Users/java_re/workspace/8-2-build-macosx-x86_64/jdk8u72/5732/hotspot/src/share/vm/prims/methodHandles.cpp, line 1146]
Event: 0.927 Thread 0x00007f8541808800 Exception <a 'java/io/FileNotFoundException'> (0x000000079614f0c8) thrown at [/Users/java_re/workspace/8-2-build-macosx-x86_64/jdk8u72/5732/hotspot/src/share/vm/prims/jni.cpp, line 709]
Event: 0.927 Thread 0x00007f8541808800 Exception <a 'java/io/FileNotFoundException'> (0x000000079614fc10) thrown at [/Users/java_re/workspace/8-2-build-macosx-x86_64/jdk8u72/5732/hotspot/src/share/vm/prims/jni.cpp, line 709]
Event: 0.946 Thread 0x00007f8541808800 Exception <a 'java/security/PrivilegedActionException'> (0x00000007961995d8) thrown at [/Users/java_re/workspace/8-2-build-macosx-x86_64/jdk8u72/5732/hotspot/src/share/vm/prims/jvm.cpp, line 1386]
Event: 0.947 Thread 0x00007f8541808800 Exception <a 'java/security/PrivilegedActionException'> (0x000000079619b1c0) thrown at [/Users/java_re/workspace/8-2-build-macosx-x86_64/jdk8u72/5732/hotspot/src/share/vm/prims/jvm.cpp, line 1386]
Event: 0.947 Thread 0x00007f8541808800 Exception <a 'java/security/PrivilegedActionException'> (0x000000079619c2e0) thrown at [/Users/java_re/workspace/8-2-build-macosx-x86_64/jdk8u72/5732/hotspot/src/share/vm/prims/jvm.cpp, line 1386]
Event: 0.947 Thread 0x00007f8541808800 Exception <a 'java/security/PrivilegedActionException'> (0x00000007961a17d8) thrown at [/Users/java_re/workspace/8-2-build-macosx-x86_64/jdk8u72/5732/hotspot/src/share/vm/prims/jvm.cpp, line 1386]
Event: 0.947 Thread 0x00007f8541808800 Exception <a 'java/security/PrivilegedActionException'> (0x00000007961a2430) thrown at [/Users/java_re/workspace/8-2-build-macosx-x86_64/jdk8u72/5732/hotspot/src/share/vm/prims/jvm.cpp, line 1386]
Event: 0.947 Thread 0x00007f8541808800 Exception <a 'java/security/PrivilegedActionException'> (0x00000007961a3058) thrown at [/Users/java_re/workspace/8-2-build-macosx-x86_64/jdk8u72/5732/hotspot/src/share/vm/prims/jvm.cpp, line 1386]

Events (10 events):
Event: 42.166 Executing VM operation: RevokeBias
Event: 42.166 Executing VM operation: RevokeBias done
Event: 42.167 Thread 0x00007f854198f000 Thread exited: 0x00007f854198f000
Event: 42.763 Thread 0x00007f854198f000 Thread added: 0x00007f854198f000
Event: 49.149 Executing VM operation: RevokeBias
Event: 49.149 Executing VM operation: RevokeBias done
Event: 49.149 Thread 0x00007f854198f000 Thread exited: 0x00007f854198f000
Event: 49.378 Thread 0x00007f85413be800 Thread added: 0x00007f85413be800
Event: 49.494 loading class com/badlogic/gdx/backends/lwjgl/LwjglApplication$2
Event: 49.494 loading class com/badlogic/gdx/backends/lwjgl/LwjglApplication$2 done


Dynamic libraries:
0x0000000007737000 	/System/Library/Frameworks/Cocoa.framework/Versions/A/Cocoa
0x0000000007737000 	/System/Library/Frameworks/Security.framework/Versions/A/Security
0x0000000007737000 	/System/Library/Frameworks/ApplicationServices.framework/Versions/A/ApplicationServices
0x0000000007737000 	/usr/lib/libz.1.dylib
0x0000000007737000 	/usr/lib/libSystem.B.dylib
0x0000000007737000 	/usr/lib/libobjc.A.dylib
0x0000000007737000 	/System/Library/Frameworks/CoreFoundation.framework/Versions/A/CoreFoundation
0x0000000007737000 	/System/Library/Frameworks/Foundation.framework/Versions/C/Foundation
0x0000000007737000 	/System/Library/Frameworks/AppKit.framework/Versions/C/AppKit
0x0000000007737000 	/System/Library/Frameworks/CoreData.framework/Versions/A/CoreData
0x0000000007737000 	/System/Library/PrivateFrameworks/RemoteViewServices.framework/Versions/A/RemoteViewServices
0x0000000007737000 	/System/Library/PrivateFrameworks/UIFoundation.framework/Versions/A/UIFoundation
0x0000000007737000 	/System/Library/PrivateFrameworks/XCTTargetBootstrap.framework/Versions/A/XCTTargetBootstrap
0x0000000007737000 	/System/Library/PrivateFrameworks/IconServices.framework/Versions/A/IconServices
0x0000000007737000 	/System/Library/Frameworks/Metal.framework/Versions/A/Metal
0x0000000007737000 	/System/Library/PrivateFrameworks/DesktopServicesPriv.framework/Versions/A/DesktopServicesPriv
0x0000000007737000 	/usr/lib/libenergytrace.dylib
0x0000000007737000 	/System/Library/PrivateFrameworks/SkyLight.framework/Versions/A/SkyLight
0x0000000007737000 	/System/Library/Frameworks/CoreGraphics.framework/Versions/A/CoreGraphics
0x0000000007737000 	/System/Library/Frameworks/Accelerate.framework/Versions/A/Accelerate
0x0000000007737000 	/System/Library/Frameworks/IOSurface.framework/Versions/A/IOSurface
0x0000000007737000 	/System/Library/PrivateFrameworks/DFRFoundation.framework/Versions/A/DFRFoundation
0x0000000007737000 	/System/Library/Frameworks/AudioToolbox.framework/Versions/A/AudioToolbox
0x0000000007737000 	/System/Library/Frameworks/AudioUnit.framework/Versions/A/AudioUnit
0x0000000007737000 	/System/Library/PrivateFrameworks/DataDetectorsCore.framework/Versions/A/DataDetectorsCore
0x0000000007737000 	/System/Library/Frameworks/Carbon.framework/Versions/A/Frameworks/HIToolbox.framework/Versions/A/HIToolbox
0x0000000007737000 	/usr/lib/libicucore.A.dylib
0x0000000007737000 	/System/Library/Frameworks/QuartzCore.framework/Versions/A/QuartzCore
0x0000000007737000 	/System/Library/Frameworks/Carbon.framework/Versions/A/Frameworks/SpeechRecognition.framework/Versions/A/SpeechRecognition
0x0000000007737000 	/usr/lib/libauto.dylib
0x0000000007737000 	/usr/lib/libxml2.2.dylib
0x0000000007737000 	/System/Library/PrivateFrameworks/CoreUI.framework/Versions/A/CoreUI
0x0000000007737000 	/System/Library/Frameworks/CoreAudio.framework/Versions/A/CoreAudio
0x0000000007737000 	/System/Library/Frameworks/DiskArbitration.framework/Versions/A/DiskArbitration
0x0000000007737000 	/usr/lib/liblangid.dylib
0x0000000007737000 	/System/Library/PrivateFrameworks/MultitouchSupport.framework/Versions/A/MultitouchSupport
0x0000000007737000 	/System/Library/Frameworks/IOKit.framework/Versions/A/IOKit
0x0000000007737000 	/usr/lib/libDiagnosticMessagesClient.dylib
0x0000000007737000 	/System/Library/Frameworks/CoreServices.framework/Versions/A/CoreServices
0x0000000007737000 	/System/Library/PrivateFrameworks/PerformanceAnalysis.framework/Versions/A/PerformanceAnalysis
0x0000000007737000 	/System/Library/Frameworks/OpenGL.framework/Versions/A/OpenGL
0x0000000007737000 	/System/Library/Frameworks/ColorSync.framework/Versions/A/ColorSync
0x0000000007737000 	/System/Library/Frameworks/CoreImage.framework/Versions/A/CoreImage
0x0000000007737000 	/System/Library/Frameworks/CoreText.framework/Versions/A/CoreText
0x0000000007737000 	/System/Library/Frameworks/ImageIO.framework/Versions/A/ImageIO
0x0000000007737000 	/System/Library/PrivateFrameworks/Backup.framework/Versions/A/Backup
0x0000000007737000 	/usr/lib/libarchive.2.dylib
0x0000000007737000 	/System/Library/Frameworks/CFNetwork.framework/Versions/A/CFNetwork
0x0000000007737000 	/System/Library/Frameworks/SystemConfiguration.framework/Versions/A/SystemConfiguration
0x0000000007737000 	/usr/lib/libCRFSuite.dylib
0x0000000007737000 	/usr/lib/libc++.1.dylib
0x0000000007737000 	/usr/lib/libc++abi.dylib
0x0000000007737000 	/usr/lib/system/libcache.dylib
0x0000000007737000 	/usr/lib/system/libcommonCrypto.dylib
0x0000000007737000 	/usr/lib/system/libcompiler_rt.dylib
0x0000000007737000 	/usr/lib/system/libcopyfile.dylib
0x0000000007737000 	/usr/lib/system/libcorecrypto.dylib
0x0000000007737000 	/usr/lib/system/libdispatch.dylib
0x0000000007737000 	/usr/lib/system/libdyld.dylib
0x0000000007737000 	/usr/lib/system/libkeymgr.dylib
0x0000000007737000 	/usr/lib/system/liblaunch.dylib
0x0000000007737000 	/usr/lib/system/libmacho.dylib
0x0000000007737000 	/usr/lib/system/libquarantine.dylib
0x0000000007737000 	/usr/lib/system/libremovefile.dylib
0x0000000007737000 	/usr/lib/system/libsystem_asl.dylib
0x0000000007737000 	/usr/lib/system/libsystem_blocks.dylib
0x0000000007737000 	/usr/lib/system/libsystem_c.dylib
0x0000000007737000 	/usr/lib/system/libsystem_configuration.dylib
0x0000000007737000 	/usr/lib/system/libsystem_coreservices.dylib
0x0000000007737000 	/usr/lib/system/libsystem_darwin.dylib
0x0000000007737000 	/usr/lib/system/libsystem_dnssd.dylib
0x0000000007737000 	/usr/lib/system/libsystem_info.dylib
0x0000000007737000 	/usr/lib/system/libsystem_m.dylib
0x0000000007737000 	/usr/lib/system/libsystem_malloc.dylib
0x0000000007737000 	/usr/lib/system/libsystem_networkextension.dylib
0x0000000007737000 	/usr/lib/system/libsystem_notify.dylib
0x0000000007737000 	/usr/lib/system/libsystem_sandbox.dylib
0x0000000007737000 	/usr/lib/system/libsystem_secinit.dylib
0x0000000007737000 	/usr/lib/system/libsystem_kernel.dylib
0x0000000007737000 	/usr/lib/system/libsystem_platform.dylib
0x0000000007737000 	/usr/lib/system/libsystem_pthread.dylib
0x0000000007737000 	/usr/lib/system/libsystem_symptoms.dylib
0x0000000007737000 	/usr/lib/system/libsystem_trace.dylib
0x0000000007737000 	/usr/lib/system/libunwind.dylib
0x0000000007737000 	/usr/lib/system/libxpc.dylib
0x0000000007737000 	/usr/lib/libbsm.0.dylib
0x0000000007737000 	/usr/lib/system/libkxld.dylib
0x0000000007737000 	/System/Library/PrivateFrameworks/AppleFSCompression.framework/Versions/A/AppleFSCompression
0x0000000007737000 	/usr/lib/libOpenScriptingUtil.dylib
0x0000000007737000 	/usr/lib/libcoretls.dylib
0x0000000007737000 	/usr/lib/libcoretls_cfhelpers.dylib
0x0000000007737000 	/usr/lib/libpam.2.dylib
0x0000000007737000 	/usr/lib/libsqlite3.dylib
0x0000000007737000 	/usr/lib/libxar.1.dylib
0x0000000007737000 	/usr/lib/libbz2.1.0.dylib
0x0000000007737000 	/usr/lib/liblzma.5.dylib
0x0000000007737000 	/usr/lib/libnetwork.dylib
0x0000000007737000 	/usr/lib/libapple_nghttp2.dylib
0x0000000007737000 	/usr/lib/libpcap.A.dylib
0x0000000007737000 	/System/Library/Frameworks/CoreServices.framework/Versions/A/Frameworks/FSEvents.framework/Versions/A/FSEvents
0x0000000007737000 	/System/Library/Frameworks/CoreServices.framework/Versions/A/Frameworks/CarbonCore.framework/Versions/A/CarbonCore
0x0000000007737000 	/System/Library/Frameworks/CoreServices.framework/Versions/A/Frameworks/Metadata.framework/Versions/A/Metadata
0x0000000007737000 	/System/Library/Frameworks/CoreServices.framework/Versions/A/Frameworks/OSServices.framework/Versions/A/OSServices
0x0000000007737000 	/System/Library/Frameworks/CoreServices.framework/Versions/A/Frameworks/SearchKit.framework/Versions/A/SearchKit
0x0000000007737000 	/System/Library/Frameworks/CoreServices.framework/Versions/A/Frameworks/AE.framework/Versions/A/AE
0x0000000007737000 	/System/Library/Frameworks/CoreServices.framework/Versions/A/Frameworks/LaunchServices.framework/Versions/A/LaunchServices
0x0000000007737000 	/System/Library/Frameworks/CoreServices.framework/Versions/A/Frameworks/DictionaryServices.framework/Versions/A/DictionaryServices
0x0000000007737000 	/System/Library/Frameworks/CoreServices.framework/Versions/A/Frameworks/SharedFileList.framework/Versions/A/SharedFileList
0x0000000007737000 	/System/Library/Frameworks/NetFS.framework/Versions/A/NetFS
0x0000000007737000 	/System/Library/PrivateFrameworks/NetAuth.framework/Versions/A/NetAuth
0x0000000007737000 	/System/Library/PrivateFrameworks/login.framework/Versions/A/Frameworks/loginsupport.framework/Versions/A/loginsupport
0x0000000007737000 	/System/Library/PrivateFrameworks/TCC.framework/Versions/A/TCC
0x0000000007737000 	/System/Library/PrivateFrameworks/CoreNLP.framework/Versions/A/CoreNLP
0x0000000007737000 	/System/Library/PrivateFrameworks/MetadataUtilities.framework/Versions/A/MetadataUtilities
0x0000000007737000 	/usr/lib/libmecabra.dylib
0x0000000007737000 	/System/Library/Frameworks/ApplicationServices.framework/Versions/A/Frameworks/ATS.framework/Versions/A/ATS
0x0000000007737000 	/System/Library/Frameworks/ApplicationServices.framework/Versions/A/Frameworks/ColorSyncLegacy.framework/Versions/A/ColorSyncLegacy
0x0000000007737000 	/System/Library/Frameworks/ApplicationServices.framework/Versions/A/Frameworks/HIServices.framework/Versions/A/HIServices
0x0000000007737000 	/System/Library/Frameworks/ApplicationServices.framework/Versions/A/Frameworks/LangAnalysis.framework/Versions/A/LangAnalysis
0x0000000007737000 	/System/Library/Frameworks/ApplicationServices.framework/Versions/A/Frameworks/PrintCore.framework/Versions/A/PrintCore
0x0000000007737000 	/System/Library/Frameworks/ApplicationServices.framework/Versions/A/Frameworks/QD.framework/Versions/A/QD
0x0000000007737000 	/System/Library/Frameworks/ApplicationServices.framework/Versions/A/Frameworks/SpeechSynthesis.framework/Versions/A/SpeechSynthesis
0x0000000007737000 	/usr/lib/libcompression.dylib
0x0000000007737000 	/System/Library/Frameworks/CoreDisplay.framework/Versions/A/CoreDisplay
0x0000000007737000 	/System/Library/Frameworks/MetalPerformanceShaders.framework/Versions/A/MetalPerformanceShaders
0x0000000007737000 	/System/Library/Frameworks/Accelerate.framework/Versions/A/Frameworks/vImage.framework/Versions/A/vImage
0x0000000007737000 	/System/Library/Frameworks/Accelerate.framework/Versions/A/Frameworks/vecLib.framework/Versions/A/vecLib
0x0000000007737000 	/System/Library/Frameworks/Accelerate.framework/Versions/A/Frameworks/vecLib.framework/Versions/A/libvMisc.dylib
0x0000000007737000 	/System/Library/Frameworks/Accelerate.framework/Versions/A/Frameworks/vecLib.framework/Versions/A/libvDSP.dylib
0x0000000007737000 	/System/Library/Frameworks/Accelerate.framework/Versions/A/Frameworks/vecLib.framework/Versions/A/libBLAS.dylib
0x0000000007737000 	/System/Library/Frameworks/Accelerate.framework/Versions/A/Frameworks/vecLib.framework/Versions/A/libLAPACK.dylib
0x0000000007737000 	/System/Library/Frameworks/Accelerate.framework/Versions/A/Frameworks/vecLib.framework/Versions/A/libLinearAlgebra.dylib
0x0000000007737000 	/System/Library/Frameworks/Accelerate.framework/Versions/A/Frameworks/vecLib.framework/Versions/A/libSparseBLAS.dylib
0x0000000007737000 	/System/Library/Frameworks/Accelerate.framework/Versions/A/Frameworks/vecLib.framework/Versions/A/libQuadrature.dylib
0x0000000007737000 	/System/Library/Frameworks/Accelerate.framework/Versions/A/Frameworks/vecLib.framework/Versions/A/libBNNS.dylib
0x0000000007737000 	/System/Library/Frameworks/Accelerate.framework/Versions/A/Frameworks/vecLib.framework/Versions/A/libSparse.dylib
0x0000000007737000 	/System/Library/PrivateFrameworks/GPUWrangler.framework/Versions/A/GPUWrangler
0x0000000007737000 	/System/Library/PrivateFrameworks/IOAccelerator.framework/Versions/A/IOAccelerator
0x0000000007737000 	/System/Library/PrivateFrameworks/IOPresentment.framework/Versions/A/IOPresentment
0x0000000007737000 	/System/Library/PrivateFrameworks/DSExternalDisplay.framework/Versions/A/DSExternalDisplay
0x0000000007737000 	/System/Library/Frameworks/OpenGL.framework/Versions/A/Libraries/libCoreFSCache.dylib
0x0000000007737000 	/System/Library/Frameworks/MetalPerformanceShaders.framework/Frameworks/MPSCore.framework/Versions/A/MPSCore
0x0000000007737000 	/System/Library/Frameworks/MetalPerformanceShaders.framework/Frameworks/MPSImage.framework/Versions/A/MPSImage
0x0000000007737000 	/System/Library/Frameworks/MetalPerformanceShaders.framework/Frameworks/MPSNeuralNetwork.framework/Versions/A/MPSNeuralNetwork
0x0000000007737000 	/System/Library/Frameworks/MetalPerformanceShaders.framework/Frameworks/MPSMatrix.framework/Versions/A/MPSMatrix
0x0000000007737000 	/System/Library/Frameworks/MetalPerformanceShaders.framework/Frameworks/MPSRayIntersector.framework/Versions/A/MPSRayIntersector
0x0000000007737000 	/System/Library/PrivateFrameworks/MetalTools.framework/Versions/A/MetalTools
0x0000000007737000 	/System/Library/PrivateFrameworks/AggregateDictionary.framework/Versions/A/AggregateDictionary
0x0000000007737000 	/usr/lib/libMobileGestalt.dylib
0x0000000007737000 	/System/Library/Frameworks/CoreVideo.framework/Versions/A/CoreVideo
0x0000000007737000 	/System/Library/PrivateFrameworks/GraphVisualizer.framework/Versions/A/GraphVisualizer
0x0000000007737000 	/System/Library/PrivateFrameworks/FaceCore.framework/Versions/A/FaceCore
0x0000000007737000 	/System/Library/Frameworks/OpenCL.framework/Versions/A/OpenCL
0x0000000007737000 	/usr/lib/libFosl_dynamic.dylib
0x0000000007737000 	/System/Library/PrivateFrameworks/OTSVG.framework/Versions/A/OTSVG
0x0000000007737000 	/System/Library/Frameworks/ApplicationServices.framework/Versions/A/Frameworks/ATS.framework/Versions/A/Resources/libFontParser.dylib
0x0000000007737000 	/System/Library/Frameworks/ApplicationServices.framework/Versions/A/Frameworks/ATS.framework/Versions/A/Resources/libFontRegistry.dylib
0x0000000007737000 	/System/Library/Frameworks/ImageIO.framework/Versions/A/Resources/libJPEG.dylib
0x0000000007737000 	/System/Library/Frameworks/ImageIO.framework/Versions/A/Resources/libTIFF.dylib
0x0000000007737000 	/System/Library/Frameworks/ImageIO.framework/Versions/A/Resources/libPng.dylib
0x0000000007737000 	/System/Library/Frameworks/ImageIO.framework/Versions/A/Resources/libGIF.dylib
0x0000000007737000 	/System/Library/Frameworks/ImageIO.framework/Versions/A/Resources/libJP2.dylib
0x0000000007737000 	/System/Library/Frameworks/ImageIO.framework/Versions/A/Resources/libRadiance.dylib
0x0000000007737000 	/System/Library/PrivateFrameworks/AppleJPEG.framework/Versions/A/AppleJPEG
0x0000000007737000 	/System/Library/Frameworks/OpenGL.framework/Versions/A/Libraries/libGFXShared.dylib
0x0000000007737000 	/System/Library/Frameworks/OpenGL.framework/Versions/A/Libraries/libGLU.dylib
0x0000000007737000 	/System/Library/Frameworks/OpenGL.framework/Versions/A/Libraries/libGL.dylib
0x0000000007737000 	/System/Library/Frameworks/OpenGL.framework/Versions/A/Libraries/libGLImage.dylib
0x0000000007737000 	/System/Library/Frameworks/OpenGL.framework/Versions/A/Libraries/libCVMSPluginSupport.dylib
0x0000000007737000 	/System/Library/Frameworks/OpenGL.framework/Versions/A/Libraries/libCoreVMClient.dylib
0x0000000007737000 	/usr/lib/libcups.2.dylib
0x0000000007737000 	/System/Library/Frameworks/Kerberos.framework/Versions/A/Kerberos
0x0000000007737000 	/System/Library/Frameworks/GSS.framework/Versions/A/GSS
0x0000000007737000 	/usr/lib/libresolv.9.dylib
0x0000000007737000 	/usr/lib/libiconv.2.dylib
0x0000000007737000 	/System/Library/PrivateFrameworks/Heimdal.framework/Versions/A/Heimdal
0x0000000007737000 	/usr/lib/libheimdal-asn1.dylib
0x0000000007737000 	/System/Library/Frameworks/OpenDirectory.framework/Versions/A/OpenDirectory
0x0000000007737000 	/System/Library/PrivateFrameworks/CommonAuth.framework/Versions/A/CommonAuth
0x0000000007737000 	/System/Library/Frameworks/OpenDirectory.framework/Versions/A/Frameworks/CFOpenDirectory.framework/Versions/A/CFOpenDirectory
0x0000000007737000 	/System/Library/Frameworks/SecurityFoundation.framework/Versions/A/SecurityFoundation
0x0000000007737000 	/System/Library/PrivateFrameworks/APFS.framework/Versions/A/APFS
0x0000000007737000 	/usr/lib/libutil.dylib
0x0000000007737000 	/usr/lib/libcharset.1.dylib
0x0000000007737000 	/System/Library/PrivateFrameworks/AppleSauce.framework/Versions/A/AppleSauce
0x0000000007737000 	/System/Library/PrivateFrameworks/AssertionServices.framework/Versions/A/AssertionServices
0x0000000007737000 	/System/Library/PrivateFrameworks/BaseBoard.framework/Versions/A/BaseBoard
0x0000000007737000 	/usr/lib/libmecab.1.0.0.dylib
0x0000000007737000 	/usr/lib/libgermantok.dylib
0x0000000007737000 	/usr/lib/libThaiTokenizer.dylib
0x0000000007737000 	/usr/lib/libChineseTokenizer.dylib
0x0000000007737000 	/System/Library/PrivateFrameworks/LanguageModeling.framework/Versions/A/LanguageModeling
0x0000000007737000 	/System/Library/PrivateFrameworks/CoreEmoji.framework/Versions/A/CoreEmoji
0x0000000007737000 	/System/Library/PrivateFrameworks/Lexicon.framework/Versions/A/Lexicon
0x0000000007737000 	/System/Library/PrivateFrameworks/LinguisticData.framework/Versions/A/LinguisticData
0x0000000007737000 	/usr/lib/libcmph.dylib
0x0000000007737000 	/System/Library/Frameworks/ServiceManagement.framework/Versions/A/ServiceManagement
0x0000000007737000 	/System/Library/PrivateFrameworks/BackgroundTaskManagement.framework/Versions/A/BackgroundTaskManagement
0x0000000007737000 	/usr/lib/libxslt.1.dylib
0x0000000007737000 	/System/Library/Frameworks/Carbon.framework/Versions/A/Frameworks/Ink.framework/Versions/A/Ink
0x0000000007737000 	/System/Library/PrivateFrameworks/TextureIO.framework/Versions/A/TextureIO
0x0000000007737000 	/usr/lib/libate.dylib
0x0000000007737000 	/System/Library/PrivateFrameworks/CrashReporterSupport.framework/Versions/A/CrashReporterSupport
0x0000000007737000 	/System/Library/PrivateFrameworks/Sharing.framework/Versions/A/Sharing
0x0000000007737000 	/System/Library/PrivateFrameworks/AuthKit.framework/Versions/A/AuthKit
0x0000000007737000 	/System/Library/PrivateFrameworks/Apple80211.framework/Versions/A/Apple80211
0x0000000007737000 	/System/Library/PrivateFrameworks/CoreUtils.framework/Versions/A/CoreUtils
0x0000000007737000 	/System/Library/Frameworks/CoreWLAN.framework/Versions/A/CoreWLAN
0x0000000007737000 	/System/Library/Frameworks/IOBluetooth.framework/Versions/A/IOBluetooth
0x0000000007737000 	/System/Library/PrivateFrameworks/ProtocolBuffer.framework/Versions/A/ProtocolBuffer
0x0000000007737000 	/System/Library/PrivateFrameworks/MobileKeyBag.framework/Versions/A/MobileKeyBag
0x0000000007737000 	/System/Library/PrivateFrameworks/CorePhoneNumbers.framework/Versions/A/CorePhoneNumbers
0x0000000007737000 	/System/Library/PrivateFrameworks/AppleIDAuthSupport.framework/Versions/A/AppleIDAuthSupport
0x0000000007737000 	/System/Library/PrivateFrameworks/KeychainCircle.framework/Versions/A/KeychainCircle
0x0000000007737000 	/System/Library/PrivateFrameworks/ROCKit.framework/Versions/A/ROCKit
0x0000000007737000 	/System/Library/PrivateFrameworks/CoreWiFi.framework/Versions/A/CoreWiFi
0x0000000007737000 	/System/Library/Frameworks/CoreBluetooth.framework/Versions/A/CoreBluetooth
0x0000000007737000 	/System/Library/PrivateFrameworks/DebugSymbols.framework/Versions/A/DebugSymbols
0x0000000007737000 	/System/Library/PrivateFrameworks/CoreSymbolication.framework/Versions/A/CoreSymbolication
0x0000000007737000 	/System/Library/PrivateFrameworks/Symbolication.framework/Versions/A/Symbolication
0x0000000007737000 	/System/Library/PrivateFrameworks/SpeechRecognitionCore.framework/Versions/A/SpeechRecognitionCore
0x0000000106d34000 	/Library/Java/JavaVirtualMachines/jdk1.8.0_72.jdk/Contents/Home/jre/lib/server/libjvm.dylib
0x0000000007737000 	/usr/lib/libstdc++.6.dylib
0x0000000107cc3000 	/Library/Java/JavaVirtualMachines/jdk1.8.0_72.jdk/Contents/Home/jre/lib/libverify.dylib
0x0000000107cd1000 	/Library/Java/JavaVirtualMachines/jdk1.8.0_72.jdk/Contents/Home/jre/lib/libjava.dylib
0x0000000107d07000 	/Library/Java/JavaVirtualMachines/jdk1.8.0_72.jdk/Contents/Home/jre/lib/libinstrument.dylib
0x0000000107da5000 	/Library/Java/JavaVirtualMachines/jdk1.8.0_72.jdk/Contents/Home/jre/lib/libzip.dylib
0x0000000007737000 	/System/Library/Frameworks/JavaVM.framework/Versions/A/Frameworks/JavaRuntimeSupport.framework/Versions/A/JavaRuntimeSupport
0x0000000007737000 	/System/Library/Frameworks/JavaVM.framework/Versions/A/Frameworks/JavaNativeFoundation.framework/Versions/A/JavaNativeFoundation
0x0000000007737000 	/System/Library/Frameworks/JavaVM.framework/Versions/A/JavaVM
0x0000000007737000 	/System/Library/Frameworks/Carbon.framework/Versions/A/Carbon
0x0000000007737000 	/System/Library/PrivateFrameworks/JavaLaunching.framework/Versions/A/JavaLaunching
0x0000000007737000 	/System/Library/Frameworks/Carbon.framework/Versions/A/Frameworks/CommonPanels.framework/Versions/A/CommonPanels
0x0000000007737000 	/System/Library/Frameworks/Carbon.framework/Versions/A/Frameworks/Help.framework/Versions/A/Help
0x0000000007737000 	/System/Library/Frameworks/Carbon.framework/Versions/A/Frameworks/ImageCapture.framework/Versions/A/ImageCapture
0x0000000007737000 	/System/Library/Frameworks/Carbon.framework/Versions/A/Frameworks/OpenScripting.framework/Versions/A/OpenScripting
0x0000000007737000 	/System/Library/Frameworks/Carbon.framework/Versions/A/Frameworks/Print.framework/Versions/A/Print
0x0000000007737000 	/System/Library/Frameworks/Carbon.framework/Versions/A/Frameworks/SecurityHI.framework/Versions/A/SecurityHI
0x0000000110a43000 	/Library/Java/JavaVirtualMachines/jdk1.8.0_72.jdk/Contents/Home/jre/lib/libnet.dylib
0x0000000110b67000 	/private/var/folders/vz/rh1pyv1s6mbcjdxwmkysgcrh0000gn/T/libgdxCindy/25a8e9fb/libgdx64.dylib
0x0000000110cdf000 	/Library/Java/JavaVirtualMachines/jdk1.8.0_72.jdk/Contents/Home/jre/lib/libawt.dylib
0x0000000110d87000 	/Library/Java/JavaVirtualMachines/jdk1.8.0_72.jdk/Contents/Home/jre/lib/./libmlib_image.dylib
0x0000000110e53000 	/Library/Java/JavaVirtualMachines/jdk1.8.0_72.jdk/Contents/Home/jre/lib/libawt_lwawt.dylib
0x0000000110f08000 	/Library/Java/JavaVirtualMachines/jdk1.8.0_72.jdk/Contents/Home/jre/lib/./libosxapp.dylib
0x0000000007737000 	/System/Library/Frameworks/ExceptionHandling.framework/Versions/A/ExceptionHandling
0x0000000007737000 	/System/Library/PrivateFrameworks/CoreServicesInternal.framework/Versions/A/CoreServicesInternal
0x0000000007737000 	/System/Library/CoreServices/RawCamera.bundle/Contents/MacOS/RawCamera
0x0000000007737000 	/System/Library/PrivateFrameworks/MobileAsset.framework/Versions/A/MobileAsset
0x0000000007737000 	/System/Library/PrivateFrameworks/StreamingZip.framework/Versions/A/StreamingZip
0x0000000007737000 	/System/Library/Frameworks/MediaToolbox.framework/Versions/A/MediaToolbox
0x0000000007737000 	/System/Library/PrivateFrameworks/CoreAVCHD.framework/Versions/A/CoreAVCHD
0x0000000007737000 	/System/Library/Frameworks/MediaAccessibility.framework/Versions/A/MediaAccessibility
0x0000000007737000 	/System/Library/PrivateFrameworks/Mangrove.framework/Versions/A/Mangrove
0x0000000007737000 	/System/Library/Frameworks/CoreMedia.framework/Versions/A/CoreMedia
0x0000000007737000 	/System/Library/Frameworks/VideoToolbox.framework/Versions/A/VideoToolbox
0x0000000007737000 	/System/Library/PrivateFrameworks/CoreAUC.framework/Versions/A/CoreAUC
0x0000000007737000 	/usr/lib/libspindump.dylib
0x0000000007737000 	/System/Library/PrivateFrameworks/AppleVA.framework/Versions/A/AppleVA
0x0000000007737000 	/System/Library/Frameworks/Accelerate.framework/Versions/A/Frameworks/vImage.framework/Versions/A/Libraries/libCGInterfaces.dylib
0x0000000007737000 	/System/Library/Frameworks/ApplicationServices.framework/Versions/A/Frameworks/ATS.framework/Versions/A/Resources/libTrueTypeScaler.dylib
0x0000000007737000 	/System/Library/Extensions/AppleIntelBDWGraphicsMTLDriver.bundle/Contents/MacOS/AppleIntelBDWGraphicsMTLDriver
0x0000000007737000 	/System/Library/PrivateFrameworks/GPUCompiler.framework/Versions/3902/Libraries/libmetal_timestamp.dylib
0x0000000007737000 	/System/Library/PrivateFrameworks/FamilyControls.framework/Versions/A/FamilyControls
0x0000000007737000 	/System/Library/PrivateFrameworks/CommerceKit.framework/Versions/A/Frameworks/CommerceCore.framework/Versions/A/CommerceCore
0x0000000007737000 	/System/Library/PrivateFrameworks/SystemAdministration.framework/Versions/A/SystemAdministration
0x0000000007737000 	/System/Library/PrivateFrameworks/AppContainer.framework/Versions/A/AppContainer
0x0000000007737000 	/System/Library/PrivateFrameworks/AppSandbox.framework/Versions/A/AppSandbox
0x0000000007737000 	/System/Library/PrivateFrameworks/SecCodeWrapper.framework/Versions/A/SecCodeWrapper
0x0000000007737000 	/usr/lib/libsandbox.1.dylib
0x0000000007737000 	/usr/lib/libMatch.1.dylib
0x0000000007737000 	/System/Library/PrivateFrameworks/DiskManagement.framework/Versions/A/DiskManagement
0x0000000007737000 	/System/Library/Frameworks/DirectoryService.framework/Versions/A/DirectoryService
0x0000000007737000 	/System/Library/PrivateFrameworks/DiskImages.framework/Versions/A/DiskImages
0x0000000007737000 	/System/Library/PrivateFrameworks/LoginUIKit.framework/Versions/A/Frameworks/LoginUICore.framework/Versions/A/LoginUICore
0x0000000007737000 	/usr/lib/libCoreStorage.dylib
0x0000000007737000 	/usr/lib/libcsfde.dylib
0x0000000007737000 	/usr/lib/libodfde.dylib
0x0000000007737000 	/System/Library/PrivateFrameworks/MediaKit.framework/Versions/A/MediaKit
0x0000000007737000 	/System/Library/Frameworks/DiscRecording.framework/Versions/A/DiscRecording
0x0000000007737000 	/System/Library/PrivateFrameworks/EFILogin.framework/Versions/A/EFILogin
0x0000000007737000 	/System/Library/PrivateFrameworks/ProtectedCloudStorage.framework/Versions/A/ProtectedCloudStorage
0x0000000007737000 	/usr/lib/libcurl.4.dylib
0x0000000007737000 	/usr/lib/libcrypto.42.dylib
0x0000000007737000 	/usr/lib/libssl.44.dylib
0x0000000007737000 	/System/Library/Frameworks/LDAP.framework/Versions/A/LDAP
0x0000000007737000 	/System/Library/PrivateFrameworks/TrustEvaluationAgent.framework/Versions/A/TrustEvaluationAgent
0x0000000007737000 	/usr/lib/libsasl2.2.dylib
0x0000000007737000 	/System/Library/PrivateFrameworks/CoreDaemon.framework/Versions/B/CoreDaemon
0x0000000007737000 	/System/Library/PrivateFrameworks/AppleSRP.framework/Versions/A/AppleSRP
0x0000000007737000 	/System/Library/PrivateFrameworks/ViewBridge.framework/Versions/A/ViewBridge
0x00000001231d8000 	/Library/Java/JavaVirtualMachines/jdk1.8.0_72.jdk/Contents/Home/jre/lib/libfontmanager.dylib
0x000000012323f000 	/private/var/folders/vz/rh1pyv1s6mbcjdxwmkysgcrh0000gn/T/libgdxCindy/f7649394/liblwjgl.dylib
0x00000001112f7000 	/Library/Java/JavaVirtualMachines/jdk1.8.0_72.jdk/Contents/Home/jre/lib/libjawt.dylib
0x00000001232c1000 	/var/folders/vz/rh1pyv1s6mbcjdxwmkysgcrh0000gn/T/libgdxCindy/f7649394/openal.dylib
0x0000000123365000 	/System/Library/Components/CoreAudio.component/Contents/MacOS/CoreAudio
0x0000000123339000 	/System/Library/Extensions/AppleHDA.kext/Contents/PlugIns/AppleHDAHALPlugIn.bundle/Contents/MacOS/AppleHDAHALPlugIn
0x0000000007737000 	/System/Library/Frameworks/OpenGL.framework/Versions/A/Resources/GLEngine.bundle/GLEngine
0x0000000007737000 	/System/Library/Frameworks/OpenGL.framework/Versions/A/Libraries/libGLProgrammability.dylib
0x0000000007737000 	/System/Library/Extensions/AppleIntelBDWGraphicsGLDriver.bundle/Contents/MacOS/AppleIntelBDWGraphicsGLDriver
0x0000000007737000 	/System/Library/PrivateFrameworks/GPUSupport.framework/Versions/A/Libraries/libGPUSupportMercury.dylib
0x0000000007737000 	/System/Library/Frameworks/OpenGL.framework/Versions/A/Resources/GLRendererFloat.bundle/GLRendererFloat
0x0000000007737000 	/System/Library/Frameworks/OpenCL.framework/Versions/A/Libraries/libcldcpuengine.dylib
0x0000000007737000 	/usr/lib/libcrypto.35.dylib
0x0000000125084000 	/private/var/folders/vz/rh1pyv1s6mbcjdxwmkysgcrh0000gn/T/libgdxCindy/c6e99639/libgdx-controllers-desktop64.dylib
0x00000001255f3000 	/private/var/folders/vz/rh1pyv1s6mbcjdxwmkysgcrh0000gn/T/libgdxCindy/816b5a05/libgdx-box2d64.dylib
0x0000000125b8c000 	/private/var/folders/vz/rh1pyv1s6mbcjdxwmkysgcrh0000gn/T/libgdxCindy/d1927f43/libgdx-freetype64.dylib
0x0000000007737000 	/System/Library/PrivateFrameworks/login.framework/Versions/A/login

VM Arguments:
jvm_args: -javaagent:/Applications/IntelliJ IDEA CE.app/Contents/lib/idea_rt.jar=58644:/Applications/IntelliJ IDEA CE.app/Contents/bin -Dfile.encoding=UTF-8 
java_command: edu.cornell.gdiac.physics.desktop.DesktopLauncher
java_class_path (initial): /Library/Java/JavaVirtualMachines/jdk1.8.0_72.jdk/Contents/Home/jre/lib/charsets.jar:/Library/Java/JavaVirtualMachines/jdk1.8.0_72.jdk/Contents/Home/jre/lib/deploy.jar:/Library/Java/JavaVirtualMachines/jdk1.8.0_72.jdk/Contents/Home/jre/lib/ext/cldrdata.jar:/Library/Java/JavaVirtualMachines/jdk1.8.0_72.jdk/Contents/Home/jre/lib/ext/dnsns.jar:/Library/Java/JavaVirtualMachines/jdk1.8.0_72.jdk/Contents/Home/jre/lib/ext/jaccess.jar:/Library/Java/JavaVirtualMachines/jdk1.8.0_72.jdk/Contents/Home/jre/lib/ext/jfxrt.jar:/Library/Java/JavaVirtualMachines/jdk1.8.0_72.jdk/Contents/Home/jre/lib/ext/localedata.jar:/Library/Java/JavaVirtualMachines/jdk1.8.0_72.jdk/Contents/Home/jre/lib/ext/nashorn.jar:/Library/Java/JavaVirtualMachines/jdk1.8.0_72.jdk/Contents/Home/jre/lib/ext/sunec.jar:/Library/Java/JavaVirtualMachines/jdk1.8.0_72.jdk/Contents/Home/jre/lib/ext/sunjce_provider.jar:/Library/Java/JavaVirtualMachines/jdk1.8.0_72.jdk/Contents/Home/jre/lib/ext/sunpkcs11.jar:/Library/Java/JavaVirtualMachines/jdk1.8.0_72.jdk/Contents/Home/jre/lib/ext/zipfs.jar:/Library/Java/JavaVirtualMachines/jdk1.8.0_72.jdk/Contents/Home/jre/lib/javaws.jar:/Library/Java/JavaVirtualMachines/jdk1.8.0_72.jdk/Contents/Home/jre/lib/jce.jar:/Library/Java/JavaVirtualMachines/jdk1.8.0_72.jdk/Contents/Home/jre/lib/jfr.jar:/Library/Java/JavaVirtualMachines/jdk1.8.0_72.jdk/Contents/Home/jre/lib/jfxswt.jar:/Library/Java/JavaVirtualMachines/jdk1.8.0_72.jdk/Contents/Home/jre/lib/jsse.jar:/Library/Java/JavaVirtualMachines/jdk1.8.0_72.jdk/Contents/Home/jre/lib/management-agent.jar:/Library/Java/JavaVirtualMachines/jdk1.8.0_72.jdk/Contents/Home/jre/lib/plugin.jar:/Library/Java/JavaVirtualMachines/jdk1.8.0_72.jdk/Contents/Home/jre/lib/resources.jar:/Library/Java/JavaVirtualMachines/jdk1.8.0_72.jdk/Contents/Home/jre/lib/rt.jar:/Library/Java/JavaVirtualMachines/jdk1.8.0_72.jdk/Contents/Home/lib/ant-javafx.jar:/Library/Java/JavaVirtualMachines/jdk1.8.0_72.jdk/Contents/Home/lib/dt.jar:/Library/Ja
Launcher Type: SUN_STANDARD

Environment Variables:
PATH=/anaconda2/bin:/Library/Frameworks/Python.framework/Versions/3.5/bin:/Library/Frameworks/Python.framework/Versions/3.5/bin:/Users/Cindy/.opam/4.05.0/bin:/opt/local/bin:/opt/local/sbin:/usr/local/bin:/Library/Frameworks/Python.framework/Versions/2.7/bin:/usr/local/bin:/usr/bin:/bin:/usr/sbin:/sbin:/Library/TeX/texbin:/opt/X11/bin:/Library/Frameworks/Mono.framework/Versions/Current/Commands:/usr/texbin
SHELL=/bin/bash
DISPLAY=/private/tmp/com.apple.launchd.P9X3X0TJz9/org.macosforge.xquartz:0

Signal Handlers:
SIGSEGV: [libjvm.dylib+0x5a6855], sa_mask[0]=11111111011111110111111111111111, sa_flags=SA_ONSTACK|SA_RESTART|SA_SIGINFO
SIGBUS: [libjvm.dylib+0x5a6855], sa_mask[0]=11111111011111110111111111111111, sa_flags=SA_RESTART|SA_SIGINFO
SIGFPE: [libjvm.dylib+0x4804ec], sa_mask[0]=11111111011111110111111111111111, sa_flags=SA_RESTART|SA_SIGINFO
SIGPIPE: [libjvm.dylib+0x4804ec], sa_mask[0]=11111111011111110111111111111111, sa_flags=SA_RESTART|SA_SIGINFO
SIGXFSZ: [libjvm.dylib+0x4804ec], sa_mask[0]=11111111011111110111111111111111, sa_flags=SA_RESTART|SA_SIGINFO
SIGILL: [libjvm.dylib+0x4804ec], sa_mask[0]=11111111011111110111111111111111, sa_flags=SA_RESTART|SA_SIGINFO
SIGUSR1: SIG_DFL, sa_mask[0]=00000000000000000000000000000000, sa_flags=none
SIGUSR2: [libjvm.dylib+0x48000a], sa_mask[0]=00100000000000000000000000000000, sa_flags=SA_RESTART|SA_SIGINFO
SIGHUP: [libjvm.dylib+0x47e5e1], sa_mask[0]=11111111011111110111111111111111, sa_flags=SA_RESTART|SA_SIGINFO
SIGINT: [libjvm.dylib+0x47e5e1], sa_mask[0]=11111111011111110111111111111111, sa_flags=SA_RESTART|SA_SIGINFO
SIGTERM: [libjvm.dylib+0x47e5e1], sa_mask[0]=11111111011111110111111111111111, sa_flags=SA_RESTART|SA_SIGINFO
SIGQUIT: [libjvm.dylib+0x47e5e1], sa_mask[0]=11111111011111110111111111111111, sa_flags=SA_RESTART|SA_SIGINFO


---------------  S Y S T E M  ---------------

OS:Bsduname:Darwin 18.0.0 Darwin Kernel Version 18.0.0: Wed Aug 22 20:13:40 PDT 2018; root:xnu-4903.201.2~1/RELEASE_X86_64 x86_64
rlimit: STACK 8192k, CORE 0k, NPROC 709, NOFILE 10240, AS infinity
load average:5.03 4.61 5.06

CPU:total 4 (2 cores per cpu, 2 threads per core) family 6 model 61 stepping 4, cmov, cx8, fxsr, mmx, sse, sse2, sse3, ssse3, sse4.1, sse4.2, popcnt, avx, avx2, aes, clmul, erms, 3dnowpref, lzcnt, ht, tsc, tscinvbit, bmi1, bmi2, adx

Memory: 4k page, physical 8388608k(71144k free)

/proc/meminfo:


vm_info: Java HotSpot(TM) 64-Bit Server VM (25.72-b15) for bsd-amd64 JRE (1.8.0_72-b15), built on Dec 22 2015 15:43:34 by "java_re" with gcc 4.2.1 (Based on Apple Inc. build 5658) (LLVM build 2336.11.00)

time: Sat Mar  2 17:21:57 2019
elapsed time: 49 seconds (0d 0h 0m 49s)

