#
# A fatal error has been detected by the Java Runtime Environment:
#
#  SIGBUS (0xa) at pc=0x00007fa590a108d0, pid=23014, tid=96263
#
# JRE version: Java(TM) SE Runtime Environment (8.0_72-b15) (build 1.8.0_72-b15)
# Java VM: Java HotSpot(TM) 64-Bit Server VM (25.72-b15 mixed mode bsd-amd64 compressed oops)
# Problematic frame:
# C  0x00007fa590a108d0
#
# Failed to write core dump. Core dumps have been disabled. To enable core dumping, try "ulimit -c unlimited" before starting Java again
#
# If you would like to submit a bug report, please visit:
#   http://bugreport.java.com/bugreport/crash.jsp
# The crash happened outside the Java Virtual Machine in native code.
# See problematic frame for where to report the bug.
#

---------------  T H R E A D  ---------------

Current thread (0x00007fa590962000):  JavaThread "LWJGL Application" [_thread_in_native, id=96263, stack(0x0000700011210000,0x0000700011310000)]

siginfo: si_signo: 10 (SIGBUS), si_code: 2 (BUS_ADRERR), si_addr: 0x00007fa590a108d0

Registers:
RAX=0x00007fa590a11680, RBX=0x00007fa590a0f600, RCX=0x0000000000000000, RDX=0x00007fa590a0f640
RSP=0x000070001130f3f8, RBP=0x000070001130f410, RSI=0x00007fa5913c3000, RDI=0x00007fa590a0f600
R8 =0x0000000000000103, R9 =0x0000000000000000, R10=0x0000000110ee0928, R11=0x000000010a0dbfb7
R12=0x00007fa591424dc0, R13=0x0000000126aaebf0, R14=0x00007fa5913c3000, R15=0x00007fa590962000
RIP=0x00007fa590a108d0, EFLAGS=0x0000000000010283, ERR=0x0000000000000015
  TRAPNO=0x000000000000000e

Top of Stack: (sp=0x000070001130f3f8)
0x000070001130f3f8:   0000000126ca55d3 00007fa591424c40
0x000070001130f408:   00007fa5913c3000 000070001130f440
0x000070001130f418:   0000000126cb221d 00007fa5913c3000
0x000070001130f428:   0000000000000000 00007fa590a0f600
0x000070001130f438:   00007fa590962000 000070001130f490
0x000070001130f448:   0000000126cb8022 0000000126cc6db8
0x000070001130f458:   00007fa5909621f8 000070001130f548
0x000070001130f468:   0000000126cc6df8 00007fa5909621f8
0x000070001130f478:   000070001130f548 0000000126aaebf0
0x000070001130f488:   000070001130f548 000070001130f508
0x000070001130f498:   0000000110ee0954 0000000000000000
0x000070001130f4a8:   0000000000000201 0000000000000201
0x000070001130f4b8:   00000007963a1df0 00007fa590a0f600
0x000070001130f4c8:   000070001130f4c8 0000000000000000
0x000070001130f4d8:   000070001130f548 0000000126abef28
0x000070001130f4e8:   0000000000000000 0000000126aaebf0
0x000070001130f4f8:   0000000000000000 000070001130f528
0x000070001130f508:   000070001130f590 0000000110ed2c4d
0x000070001130f518:   0000000000000000 0000000110eda578
0x000070001130f528:   00007fa590a0f600 0000000796372dd8
0x000070001130f538:   00007fa5913c3000 000000079639f680
0x000070001130f548:   0000000796356af8 000070001130f550
0x000070001130f558:   0000000126aaeb40 000070001130f5a8
0x000070001130f568:   0000000126abef28 0000000000000000
0x000070001130f578:   0000000126aaeb68 000070001130f528
0x000070001130f588:   000070001130f5a0 000070001130f5f0
0x000070001130f598:   0000000110ed2c4d 0000000796398c48
0x000070001130f5a8:   0000000796356af8 000070001130f5b0
0x000070001130f5b8:   0000000126ad2947 000070001130f618
0x000070001130f5c8:   0000000126bde3d8 0000000000000000
0x000070001130f5d8:   0000000126ad29c0 000070001130f5a0
0x000070001130f5e8:   000070001130f610 000070001130f660 

Instructions: (pc=0x00007fa590a108d0)
0x00007fa590a108b0:   90 f8 a0 90 a5 7f 00 00 00 00 00 00 00 00 00 00
0x00007fa590a108c0:   70 69 cc 26 01 00 00 00 01 00 00 00 a5 7f 00 00
0x00007fa590a108d0:   00 0a a1 90 a5 7f 00 00 80 07 a1 90 a5 7f 00 00
0x00007fa590a108e0:   00 59 42 91 a5 7f 00 00 c0 08 a1 90 a5 7f 00 00 

Register to memory mapping:

RAX=0x00007fa590a11680 is an unknown value
RBX=0x00007fa590a0f600 is an unknown value
RCX=0x0000000000000000 is an unknown value
RDX=0x00007fa590a0f640 is an unknown value
RSP=0x000070001130f3f8 is pointing into the stack for thread: 0x00007fa590962000
RBP=0x000070001130f410 is pointing into the stack for thread: 0x00007fa590962000
RSI=0x00007fa5913c3000 is an unknown value
RDI=0x00007fa590a0f600 is an unknown value
R8 =0x0000000000000103 is an unknown value
R9 =0x0000000000000000 is an unknown value
R10=0x0000000110ee0928 is at code_begin+808 in an Interpreter codelet
method entry point (kind = native)  [0x0000000110ee0600, 0x0000000110ee0f00]  2304 bytes
R11=0x000000010a0dbfb7: throw_unsatisfied_link_error+0 in /Library/Java/JavaVirtualMachines/jdk1.8.0_72.jdk/Contents/Home/jre/lib/server/libjvm.dylib at 0x0000000109c00000
R12=0x00007fa591424dc0 is an unknown value
R13={method} {0x0000000126aaebf0} 'jniDestroyJoint' '(JJ)V' in 'com/badlogic/gdx/physics/box2d/World'
R14=0x00007fa5913c3000 is an unknown value
R15=0x00007fa590962000 is a thread


Stack: [0x0000700011210000,0x0000700011310000],  sp=0x000070001130f3f8,  free space=1020k
Native frames: (J=compiled Java code, j=interpreted, Vv=VM code, C=native code)
C  0x00007fa590a108d0
C  [libgdx-box2d64.dylib+0x1f21d]  _ZN7b2World12DestroyJointEP7b2Joint+0x10d
C  [libgdx-box2d64.dylib+0x25022]  Java_com_badlogic_gdx_physics_box2d_World_jniDestroyJoint+0x62
j  com.badlogic.gdx.physics.box2d.World.jniDestroyJoint(JJ)V+0
j  com.badlogic.gdx.physics.box2d.World.destroyJoint(Lcom/badlogic/gdx/physics/box2d/Joint;)V+64
j  edu.cornell.gdiac.physics.obstacle.ComplexObstacle.deactivatePhysics(Lcom/badlogic/gdx/physics/box2d/World;)V+39
j  edu.cornell.gdiac.physics.platform.RopeBridge.deactivatePhysics(Lcom/badlogic/gdx/physics/box2d/World;)V+2
j  edu.cornell.gdiac.physics.platform.PlatformController.reset()V+47
J 1188 C1 edu.cornell.gdiac.physics.WorldController.preUpdate(F)Z (182 bytes) @ 0x00000001113612bc [0x0000000111360d20+0x59c]
J 1221 C1 edu.cornell.gdiac.physics.platform.PlatformController.preUpdate(F)Z (66 bytes) @ 0x00000001113812e4 [0x0000000111381260+0x84]
J 1187 C1 edu.cornell.gdiac.physics.WorldController.render(F)V (31 bytes) @ 0x0000000111362394 [0x0000000111362240+0x154]
J 1257 C1 com.badlogic.gdx.Game.render()V (25 bytes) @ 0x00000001113bbf84 [0x00000001113bbda0+0x1e4]
j  com.badlogic.gdx.backends.lwjgl.LwjglApplication.mainLoop()V+698
j  com.badlogic.gdx.backends.lwjgl.LwjglApplication$1.run()V+27
v  ~StubRoutines::call_stub
V  [libjvm.dylib+0x2ea39e]
V  [libjvm.dylib+0x2eab2c]
V  [libjvm.dylib+0x2eacd8]
V  [libjvm.dylib+0x345255]
V  [libjvm.dylib+0x560e03]
V  [libjvm.dylib+0x5624fe]
V  [libjvm.dylib+0x482eda]
C  [libsystem_pthread.dylib+0x333d]  _pthread_body+0x7e
C  [libsystem_pthread.dylib+0x62a7]  _pthread_start+0x46
C  [libsystem_pthread.dylib+0x2425]  thread_start+0xd
C  0x0000000000000000

Java frames: (J=compiled Java code, j=interpreted, Vv=VM code)
j  com.badlogic.gdx.physics.box2d.World.jniDestroyJoint(JJ)V+0
j  com.badlogic.gdx.physics.box2d.World.destroyJoint(Lcom/badlogic/gdx/physics/box2d/Joint;)V+64
j  edu.cornell.gdiac.physics.obstacle.ComplexObstacle.deactivatePhysics(Lcom/badlogic/gdx/physics/box2d/World;)V+39
j  edu.cornell.gdiac.physics.platform.RopeBridge.deactivatePhysics(Lcom/badlogic/gdx/physics/box2d/World;)V+2
j  edu.cornell.gdiac.physics.platform.PlatformController.reset()V+47
J 1188 C1 edu.cornell.gdiac.physics.WorldController.preUpdate(F)Z (182 bytes) @ 0x00000001113612bc [0x0000000111360d20+0x59c]
J 1221 C1 edu.cornell.gdiac.physics.platform.PlatformController.preUpdate(F)Z (66 bytes) @ 0x00000001113812e4 [0x0000000111381260+0x84]
J 1187 C1 edu.cornell.gdiac.physics.WorldController.render(F)V (31 bytes) @ 0x0000000111362394 [0x0000000111362240+0x154]
J 1257 C1 com.badlogic.gdx.Game.render()V (25 bytes) @ 0x00000001113bbf84 [0x00000001113bbda0+0x1e4]
j  com.badlogic.gdx.backends.lwjgl.LwjglApplication.mainLoop()V+698
j  com.badlogic.gdx.backends.lwjgl.LwjglApplication$1.run()V+27
v  ~StubRoutines::call_stub

---------------  P R O C E S S  ---------------

Java Threads: ( => current thread )
  0x00007fa59131c800 JavaThread "AWT-Shutdown" [_thread_blocked, id=34839, stack(0x000070000fc42000,0x000070000fd42000)]
  0x00007fa5909e5000 JavaThread "AsynchExecutor-Thread" daemon [_thread_blocked, id=101643, stack(0x0000700011313000,0x0000700011413000)]
  0x00007fa5911c8000 JavaThread "DestroyJavaVM" [_thread_blocked, id=9987, stack(0x000070000fd48000,0x000070000fe48000)]
=>0x00007fa590962000 JavaThread "LWJGL Application" [_thread_in_native, id=96263, stack(0x0000700011210000,0x0000700011310000)]
  0x00007fa591a64800 JavaThread "Attach Listener" daemon [_thread_blocked, id=31251, stack(0x0000700010f01000,0x0000700011001000)]
  0x00007fa59001e000 JavaThread "AppKit Thread" daemon [_thread_in_native, id=775, stack(0x00007ffee6200000,0x00007ffee6a00000)]
  0x00007fa591043000 JavaThread "Service Thread" daemon [_thread_blocked, id=17411, stack(0x0000700010a6f000,0x0000700010b6f000)]
  0x00007fa591069800 JavaThread "C1 CompilerThread2" daemon [_thread_blocked, id=17667, stack(0x000070001096c000,0x0000700010a6c000)]
  0x00007fa591069000 JavaThread "C2 CompilerThread1" daemon [_thread_blocked, id=17923, stack(0x0000700010869000,0x0000700010969000)]
  0x00007fa591902800 JavaThread "C2 CompilerThread0" daemon [_thread_blocked, id=13571, stack(0x0000700010766000,0x0000700010866000)]
  0x00007fa591042000 JavaThread "Monitor Ctrl-Break" daemon [_thread_in_native, id=13059, stack(0x0000700010663000,0x0000700010763000)]
  0x00007fa590019000 JavaThread "Signal Dispatcher" daemon [_thread_blocked, id=18179, stack(0x0000700010560000,0x0000700010660000)]
  0x00007fa590018000 JavaThread "Finalizer" daemon [_thread_blocked, id=19971, stack(0x000070001045d000,0x000070001055d000)]
  0x00007fa590819800 JavaThread "Reference Handler" daemon [_thread_blocked, id=11523, stack(0x000070001035a000,0x000070001045a000)]

Other Threads:
  0x00007fa590819000 VMThread [stack: 0x0000700010257000,0x0000700010357000] [id=20739]
  0x00007fa59006f000 WatcherThread [stack: 0x0000700010b72000,0x0000700010c72000] [id=14595]

VM state:not at safepoint (normal execution)

VM Mutex/Monitor currently owned by a thread: None

Heap:
 PSYoungGen      total 38400K, used 19565K [0x0000000795580000, 0x0000000798000000, 0x00000007c0000000)
  eden space 33280K, 44% used [0x0000000795580000,0x00000007963e18f0,0x0000000797600000)
  from space 5120K, 94% used [0x0000000797600000,0x0000000797ab9d98,0x0000000797b00000)
  to   space 5120K, 0% used [0x0000000797b00000,0x0000000797b00000,0x0000000798000000)
 ParOldGen       total 87552K, used 16K [0x0000000740000000, 0x0000000745580000, 0x0000000795580000)
  object space 87552K, 0% used [0x0000000740000000,0x0000000740004000,0x0000000745580000)
 Metaspace       used 10567K, capacity 10783K, committed 10880K, reserved 1058816K
  class space    used 1021K, capacity 1112K, committed 1152K, reserved 1048576K

Card table byte_map: [0x000000010af4f000,0x000000010b350000] byte_map_base: 0x000000010754f000

Marking Bits: (ParMarkBitMap*) 0x000000010a4e3ea0
 Begin Bits: [0x000000010b5fb000, 0x000000010d5fb000)
 End Bits:   [0x000000010d5fb000, 0x000000010f5fb000)

Polling page: 0x000000010926e000

CodeCache: size=245760Kb used=5229Kb max_used=5245Kb free=240530Kb
 bounds [0x0000000110ecb000, 0x00000001113fb000, 0x000000011fecb000]
 total_blobs=1808 nmethods=1311 adapters=411
 compilation: enabled

Compilation events (10 events):
Event: 35.002 Thread 0x00007fa591069000 1306       4       com.badlogic.gdx.utils.BufferUtils::copy (45 bytes)
Event: 35.004 Thread 0x00007fa591069000 nmethod 1306 0x00000001113d0550 code [0x00000001113d06e0, 0x00000001113d09a8]
Event: 41.419 Thread 0x00007fa591902800 1307       4       edu.cornell.gdiac.physics.WorldController::draw (219 bytes)
Event: 41.469 Thread 0x00007fa591069000 1308       4       edu.cornell.gdiac.physics.WorldController::postUpdate (109 bytes)
Event: 41.473 Thread 0x00007fa591069000 nmethod 1308 0x00000001113d7b10 code [0x00000001113d7cc0, 0x00000001113d7f68]
Event: 41.492 Thread 0x00007fa591902800 nmethod 1307 0x00000001113e5310 code [0x00000001113e59e0, 0x00000001113e98a0]
Event: 42.884 Thread 0x00007fa591069000 1310       4       org.lwjgl.opengl.GL20::glDisableVertexAttribArray (19 bytes)
Event: 42.886 Thread 0x00007fa591069000 nmethod 1310 0x00000001113ca990 code [0x00000001113caae0, 0x00000001113cabe8]
Event: 43.469 Thread 0x00007fa591902800 1311       4       org.lwjgl.MemoryUtilSun$AccessorUnsafe::getAddress (13 bytes)
Event: 43.469 Thread 0x00007fa591902800 nmethod 1311 0x00000001113c8690 code [0x00000001113c87e0, 0x00000001113c8858]

GC Heap History (2 events):
Event: 2.514 GC heap before
{Heap before GC invocations=1 (full 0):
 PSYoungGen      total 38400K, used 33280K [0x0000000795580000, 0x0000000798000000, 0x00000007c0000000)
  eden space 33280K, 100% used [0x0000000795580000,0x0000000797600000,0x0000000797600000)
  from space 5120K, 0% used [0x0000000797b00000,0x0000000797b00000,0x0000000798000000)
  to   space 5120K, 0% used [0x0000000797600000,0x0000000797600000,0x0000000797b00000)
 ParOldGen       total 87552K, used 0K [0x0000000740000000, 0x0000000745580000, 0x0000000795580000)
  object space 87552K, 0% used [0x0000000740000000,0x0000000740000000,0x0000000745580000)
 Metaspace       used 9860K, capacity 9983K, committed 10240K, reserved 1058816K
  class space    used 972K, capacity 1016K, committed 1024K, reserved 1048576K
Event: 2.523 GC heap after
Heap after GC invocations=1 (full 0):
 PSYoungGen      total 38400K, used 4839K [0x0000000795580000, 0x0000000798000000, 0x00000007c0000000)
  eden space 33280K, 0% used [0x0000000795580000,0x0000000795580000,0x0000000797600000)
  from space 5120K, 94% used [0x0000000797600000,0x0000000797ab9d98,0x0000000797b00000)
  to   space 5120K, 0% used [0x0000000797b00000,0x0000000797b00000,0x0000000798000000)
 ParOldGen       total 87552K, used 16K [0x0000000740000000, 0x0000000745580000, 0x0000000795580000)
  object space 87552K, 0% used [0x0000000740000000,0x0000000740004000,0x0000000745580000)
 Metaspace       used 9860K, capacity 9983K, committed 10240K, reserved 1058816K
  class space    used 972K, capacity 1016K, committed 1024K, reserved 1048576K
}

Deoptimization events (10 events):
Event: 0.557 Thread 0x00007fa590808000 Uncommon trap: reason=unstable_if action=reinterpret pc=0x000000011105dad4 method=sun.misc.URLClassPath.getLoader(I)Lsun/misc/URLClassPath$Loader; @ 36
Event: 0.557 Thread 0x00007fa590808000 Uncommon trap: reason=unstable_if action=reinterpret pc=0x000000011105b03c method=sun.misc.URLClassPath.getLoader(I)Lsun/misc/URLClassPath$Loader; @ 36
Event: 2.087 Thread 0x00007fa5909e5000 Uncommon trap: reason=unstable_if action=reinterpret pc=0x00000001111a95b4 method=javazoom.jl.decoder.BitReserve.hgetbits(I)I @ 22
Event: 2.403 Thread 0x00007fa5909e5000 Uncommon trap: reason=unstable_if action=reinterpret pc=0x000000011121fbc0 method=javazoom.jl.decoder.LayerIIIDecoder.dequantize_sample([[FII)V @ 36
Event: 2.403 Thread 0x00007fa5909e5000 Uncommon trap: reason=unstable_if action=reinterpret pc=0x0000000111219508 method=javazoom.jl.decoder.LayerIIIDecoder.dequantize_sample([[FII)V @ 773
Event: 2.406 Thread 0x00007fa5909e5000 Uncommon trap: reason=unstable_if action=reinterpret pc=0x00000001111e6af0 method=javazoom.jl.decoder.LayerIIIDecoder.hybrid(II)V @ 32
Event: 2.973 Thread 0x00007fa590962000 Uncommon trap: reason=unstable_if action=reinterpret pc=0x000000011108e0a8 method=java.lang.String.replace(CC)Ljava/lang/String; @ 26
Event: 3.253 Thread 0x00007fa5909e5000 Uncommon trap: reason=unstable_if action=reinterpret pc=0x00000001112626cc method=javazoom.jl.decoder.Bitstream.parse_frame()V @ 44
Event: 3.253 Thread 0x00007fa5909e5000 Uncommon trap: reason=unstable_if action=reinterpret pc=0x000000011126181c method=javazoom.jl.decoder.LayerIIIDecoder.stereo(I)V @ 137
Event: 3.253 Thread 0x00007fa5909e5000 Uncommon trap: reason=unstable_if action=reinterpret pc=0x0000000111226eec method=javazoom.jl.decoder.LayerIIIDecoder.stereo(I)V @ 1914

Internal exceptions (10 events):
Event: 0.794 Thread 0x00007fa590808000 Exception <a 'java/lang/NoSuchFieldError': method resolution failed> (0x00000007960a0fd0) thrown at [/Users/java_re/workspace/8-2-build-macosx-x86_64/jdk8u72/5732/hotspot/src/share/vm/prims/methodHandles.cpp, line 1146]
Event: 0.799 Thread 0x00007fa590808000 Exception <a 'java/lang/NoSuchFieldError': method resolution failed> (0x00000007960aef60) thrown at [/Users/java_re/workspace/8-2-build-macosx-x86_64/jdk8u72/5732/hotspot/src/share/vm/prims/methodHandles.cpp, line 1146]
Event: 1.133 Thread 0x00007fa590808000 Exception <a 'java/io/FileNotFoundException'> (0x000000079614f0b0) thrown at [/Users/java_re/workspace/8-2-build-macosx-x86_64/jdk8u72/5732/hotspot/src/share/vm/prims/jni.cpp, line 709]
Event: 1.133 Thread 0x00007fa590808000 Exception <a 'java/io/FileNotFoundException'> (0x000000079614fbf8) thrown at [/Users/java_re/workspace/8-2-build-macosx-x86_64/jdk8u72/5732/hotspot/src/share/vm/prims/jni.cpp, line 709]
Event: 1.162 Thread 0x00007fa590808000 Exception <a 'java/security/PrivilegedActionException'> (0x00000007961995c0) thrown at [/Users/java_re/workspace/8-2-build-macosx-x86_64/jdk8u72/5732/hotspot/src/share/vm/prims/jvm.cpp, line 1386]
Event: 1.162 Thread 0x00007fa590808000 Exception <a 'java/security/PrivilegedActionException'> (0x000000079619b1a8) thrown at [/Users/java_re/workspace/8-2-build-macosx-x86_64/jdk8u72/5732/hotspot/src/share/vm/prims/jvm.cpp, line 1386]
Event: 1.162 Thread 0x00007fa590808000 Exception <a 'java/security/PrivilegedActionException'> (0x000000079619c2c8) thrown at [/Users/java_re/workspace/8-2-build-macosx-x86_64/jdk8u72/5732/hotspot/src/share/vm/prims/jvm.cpp, line 1386]
Event: 1.162 Thread 0x00007fa590808000 Exception <a 'java/security/PrivilegedActionException'> (0x00000007961a17c0) thrown at [/Users/java_re/workspace/8-2-build-macosx-x86_64/jdk8u72/5732/hotspot/src/share/vm/prims/jvm.cpp, line 1386]
Event: 1.162 Thread 0x00007fa590808000 Exception <a 'java/security/PrivilegedActionException'> (0x00000007961a2418) thrown at [/Users/java_re/workspace/8-2-build-macosx-x86_64/jdk8u72/5732/hotspot/src/share/vm/prims/jvm.cpp, line 1386]
Event: 1.162 Thread 0x00007fa590808000 Exception <a 'java/security/PrivilegedActionException'> (0x00000007961a3040) thrown at [/Users/java_re/workspace/8-2-build-macosx-x86_64/jdk8u72/5732/hotspot/src/share/vm/prims/jvm.cpp, line 1386]

Events (10 events):
Event: 33.366 Thread 0x00007fa591b34800 Thread exited: 0x00007fa591b34800
Event: 37.363 Thread 0x00007fa59095c800 Thread added: 0x00007fa59095c800
Event: 38.367 Executing VM operation: RevokeBias
Event: 38.367 Executing VM operation: RevokeBias done
Event: 38.367 Thread 0x00007fa59095c800 Thread exited: 0x00007fa59095c800
Event: 42.363 Thread 0x00007fa59095c800 Thread added: 0x00007fa59095c800
Event: 43.368 Executing VM operation: RevokeBias
Event: 43.368 Executing VM operation: RevokeBias done
Event: 43.368 Thread 0x00007fa59095c800 Thread exited: 0x00007fa59095c800
Event: 43.901 Thread 0x00007fa59131c800 Thread added: 0x00007fa59131c800


Dynamic libraries:
0x0000000007737000 	/System/Library/Frameworks/Cocoa.framework/Versions/A/Cocoa
0x0000000007737000 	/System/Library/Frameworks/Security.framework/Versions/A/Security
0x0000000007737000 	/System/Library/Frameworks/ApplicationServices.framework/Versions/A/ApplicationServices
0x0000000007737000 	/usr/lib/libz.1.dylib
0x0000000007737000 	/usr/lib/libSystem.B.dylib
0x0000000007737000 	/usr/lib/libobjc.A.dylib
0x0000000007737000 	/System/Library/Frameworks/CoreFoundation.framework/Versions/A/CoreFoundation
0x0000000007737000 	/System/Library/Frameworks/Foundation.framework/Versions/C/Foundation
0x0000000007737000 	/System/Library/Frameworks/AppKit.framework/Versions/C/AppKit
0x0000000007737000 	/System/Library/Frameworks/CoreData.framework/Versions/A/CoreData
0x0000000007737000 	/System/Library/PrivateFrameworks/RemoteViewServices.framework/Versions/A/RemoteViewServices
0x0000000007737000 	/System/Library/PrivateFrameworks/UIFoundation.framework/Versions/A/UIFoundation
0x0000000007737000 	/System/Library/PrivateFrameworks/XCTTargetBootstrap.framework/Versions/A/XCTTargetBootstrap
0x0000000007737000 	/System/Library/PrivateFrameworks/IconServices.framework/Versions/A/IconServices
0x0000000007737000 	/System/Library/Frameworks/Metal.framework/Versions/A/Metal
0x0000000007737000 	/System/Library/PrivateFrameworks/DesktopServicesPriv.framework/Versions/A/DesktopServicesPriv
0x0000000007737000 	/usr/lib/libenergytrace.dylib
0x0000000007737000 	/System/Library/PrivateFrameworks/SkyLight.framework/Versions/A/SkyLight
0x0000000007737000 	/System/Library/Frameworks/CoreGraphics.framework/Versions/A/CoreGraphics
0x0000000007737000 	/System/Library/Frameworks/Accelerate.framework/Versions/A/Accelerate
0x0000000007737000 	/System/Library/Frameworks/IOSurface.framework/Versions/A/IOSurface
0x0000000007737000 	/System/Library/PrivateFrameworks/DFRFoundation.framework/Versions/A/DFRFoundation
0x0000000007737000 	/System/Library/Frameworks/AudioToolbox.framework/Versions/A/AudioToolbox
0x0000000007737000 	/System/Library/Frameworks/AudioUnit.framework/Versions/A/AudioUnit
0x0000000007737000 	/System/Library/PrivateFrameworks/DataDetectorsCore.framework/Versions/A/DataDetectorsCore
0x0000000007737000 	/System/Library/Frameworks/Carbon.framework/Versions/A/Frameworks/HIToolbox.framework/Versions/A/HIToolbox
0x0000000007737000 	/usr/lib/libicucore.A.dylib
0x0000000007737000 	/System/Library/Frameworks/QuartzCore.framework/Versions/A/QuartzCore
0x0000000007737000 	/System/Library/Frameworks/Carbon.framework/Versions/A/Frameworks/SpeechRecognition.framework/Versions/A/SpeechRecognition
0x0000000007737000 	/usr/lib/libauto.dylib
0x0000000007737000 	/usr/lib/libxml2.2.dylib
0x0000000007737000 	/System/Library/PrivateFrameworks/CoreUI.framework/Versions/A/CoreUI
0x0000000007737000 	/System/Library/Frameworks/CoreAudio.framework/Versions/A/CoreAudio
0x0000000007737000 	/System/Library/Frameworks/DiskArbitration.framework/Versions/A/DiskArbitration
0x0000000007737000 	/usr/lib/liblangid.dylib
0x0000000007737000 	/System/Library/PrivateFrameworks/MultitouchSupport.framework/Versions/A/MultitouchSupport
0x0000000007737000 	/System/Library/Frameworks/IOKit.framework/Versions/A/IOKit
0x0000000007737000 	/usr/lib/libDiagnosticMessagesClient.dylib
0x0000000007737000 	/System/Library/Frameworks/CoreServices.framework/Versions/A/CoreServices
0x0000000007737000 	/System/Library/PrivateFrameworks/PerformanceAnalysis.framework/Versions/A/PerformanceAnalysis
0x0000000007737000 	/System/Library/Frameworks/OpenGL.framework/Versions/A/OpenGL
0x0000000007737000 	/System/Library/Frameworks/ColorSync.framework/Versions/A/ColorSync
0x0000000007737000 	/System/Library/Frameworks/CoreImage.framework/Versions/A/CoreImage
0x0000000007737000 	/System/Library/Frameworks/CoreText.framework/Versions/A/CoreText
0x0000000007737000 	/System/Library/Frameworks/ImageIO.framework/Versions/A/ImageIO
0x0000000007737000 	/System/Library/PrivateFrameworks/Backup.framework/Versions/A/Backup
0x0000000007737000 	/usr/lib/libarchive.2.dylib
0x0000000007737000 	/System/Library/Frameworks/CFNetwork.framework/Versions/A/CFNetwork
0x0000000007737000 	/System/Library/Frameworks/SystemConfiguration.framework/Versions/A/SystemConfiguration
0x0000000007737000 	/usr/lib/libCRFSuite.dylib
0x0000000007737000 	/usr/lib/libc++.1.dylib
0x0000000007737000 	/usr/lib/libc++abi.dylib
0x0000000007737000 	/usr/lib/system/libcache.dylib
0x0000000007737000 	/usr/lib/system/libcommonCrypto.dylib
0x0000000007737000 	/usr/lib/system/libcompiler_rt.dylib
0x0000000007737000 	/usr/lib/system/libcopyfile.dylib
0x0000000007737000 	/usr/lib/system/libcorecrypto.dylib
0x0000000007737000 	/usr/lib/system/libdispatch.dylib
0x0000000007737000 	/usr/lib/system/libdyld.dylib
0x0000000007737000 	/usr/lib/system/libkeymgr.dylib
0x0000000007737000 	/usr/lib/system/liblaunch.dylib
0x0000000007737000 	/usr/lib/system/libmacho.dylib
0x0000000007737000 	/usr/lib/system/libquarantine.dylib
0x0000000007737000 	/usr/lib/system/libremovefile.dylib
0x0000000007737000 	/usr/lib/system/libsystem_asl.dylib
0x0000000007737000 	/usr/lib/system/libsystem_blocks.dylib
0x0000000007737000 	/usr/lib/system/libsystem_c.dylib
0x0000000007737000 	/usr/lib/system/libsystem_configuration.dylib
0x0000000007737000 	/usr/lib/system/libsystem_coreservices.dylib
0x0000000007737000 	/usr/lib/system/libsystem_darwin.dylib
0x0000000007737000 	/usr/lib/system/libsystem_dnssd.dylib
0x0000000007737000 	/usr/lib/system/libsystem_info.dylib
0x0000000007737000 	/usr/lib/system/libsystem_m.dylib
0x0000000007737000 	/usr/lib/system/libsystem_malloc.dylib
0x0000000007737000 	/usr/lib/system/libsystem_networkextension.dylib
0x0000000007737000 	/usr/lib/system/libsystem_notify.dylib
0x0000000007737000 	/usr/lib/system/libsystem_sandbox.dylib
0x0000000007737000 	/usr/lib/system/libsystem_secinit.dylib
0x0000000007737000 	/usr/lib/system/libsystem_kernel.dylib
0x0000000007737000 	/usr/lib/system/libsystem_platform.dylib
0x0000000007737000 	/usr/lib/system/libsystem_pthread.dylib
0x0000000007737000 	/usr/lib/system/libsystem_symptoms.dylib
0x0000000007737000 	/usr/lib/system/libsystem_trace.dylib
0x0000000007737000 	/usr/lib/system/libunwind.dylib
0x0000000007737000 	/usr/lib/system/libxpc.dylib
0x0000000007737000 	/usr/lib/libbsm.0.dylib
0x0000000007737000 	/usr/lib/system/libkxld.dylib
0x0000000007737000 	/System/Library/PrivateFrameworks/AppleFSCompression.framework/Versions/A/AppleFSCompression
0x0000000007737000 	/usr/lib/libOpenScriptingUtil.dylib
0x0000000007737000 	/usr/lib/libcoretls.dylib
0x0000000007737000 	/usr/lib/libcoretls_cfhelpers.dylib
0x0000000007737000 	/usr/lib/libpam.2.dylib
0x0000000007737000 	/usr/lib/libsqlite3.dylib
0x0000000007737000 	/usr/lib/libxar.1.dylib
0x0000000007737000 	/usr/lib/libbz2.1.0.dylib
0x0000000007737000 	/usr/lib/liblzma.5.dylib
0x0000000007737000 	/usr/lib/libnetwork.dylib
0x0000000007737000 	/usr/lib/libapple_nghttp2.dylib
0x0000000007737000 	/usr/lib/libpcap.A.dylib
0x0000000007737000 	/System/Library/Frameworks/CoreServices.framework/Versions/A/Frameworks/FSEvents.framework/Versions/A/FSEvents
0x0000000007737000 	/System/Library/Frameworks/CoreServices.framework/Versions/A/Frameworks/CarbonCore.framework/Versions/A/CarbonCore
0x0000000007737000 	/System/Library/Frameworks/CoreServices.framework/Versions/A/Frameworks/Metadata.framework/Versions/A/Metadata
0x0000000007737000 	/System/Library/Frameworks/CoreServices.framework/Versions/A/Frameworks/OSServices.framework/Versions/A/OSServices
0x0000000007737000 	/System/Library/Frameworks/CoreServices.framework/Versions/A/Frameworks/SearchKit.framework/Versions/A/SearchKit
0x0000000007737000 	/System/Library/Frameworks/CoreServices.framework/Versions/A/Frameworks/AE.framework/Versions/A/AE
0x0000000007737000 	/System/Library/Frameworks/CoreServices.framework/Versions/A/Frameworks/LaunchServices.framework/Versions/A/LaunchServices
0x0000000007737000 	/System/Library/Frameworks/CoreServices.framework/Versions/A/Frameworks/DictionaryServices.framework/Versions/A/DictionaryServices
0x0000000007737000 	/System/Library/Frameworks/CoreServices.framework/Versions/A/Frameworks/SharedFileList.framework/Versions/A/SharedFileList
0x0000000007737000 	/System/Library/Frameworks/NetFS.framework/Versions/A/NetFS
0x0000000007737000 	/System/Library/PrivateFrameworks/NetAuth.framework/Versions/A/NetAuth
0x0000000007737000 	/System/Library/PrivateFrameworks/login.framework/Versions/A/Frameworks/loginsupport.framework/Versions/A/loginsupport
0x0000000007737000 	/System/Library/PrivateFrameworks/TCC.framework/Versions/A/TCC
0x0000000007737000 	/System/Library/PrivateFrameworks/CoreNLP.framework/Versions/A/CoreNLP
0x0000000007737000 	/System/Library/PrivateFrameworks/MetadataUtilities.framework/Versions/A/MetadataUtilities
0x0000000007737000 	/usr/lib/libmecabra.dylib
0x0000000007737000 	/System/Library/Frameworks/ApplicationServices.framework/Versions/A/Frameworks/ATS.framework/Versions/A/ATS
0x0000000007737000 	/System/Library/Frameworks/ApplicationServices.framework/Versions/A/Frameworks/ColorSyncLegacy.framework/Versions/A/ColorSyncLegacy
0x0000000007737000 	/System/Library/Frameworks/ApplicationServices.framework/Versions/A/Frameworks/HIServices.framework/Versions/A/HIServices
0x0000000007737000 	/System/Library/Frameworks/ApplicationServices.framework/Versions/A/Frameworks/LangAnalysis.framework/Versions/A/LangAnalysis
0x0000000007737000 	/System/Library/Frameworks/ApplicationServices.framework/Versions/A/Frameworks/PrintCore.framework/Versions/A/PrintCore
0x0000000007737000 	/System/Library/Frameworks/ApplicationServices.framework/Versions/A/Frameworks/QD.framework/Versions/A/QD
0x0000000007737000 	/System/Library/Frameworks/ApplicationServices.framework/Versions/A/Frameworks/SpeechSynthesis.framework/Versions/A/SpeechSynthesis
0x0000000007737000 	/usr/lib/libcompression.dylib
0x0000000007737000 	/System/Library/Frameworks/CoreDisplay.framework/Versions/A/CoreDisplay
0x0000000007737000 	/System/Library/Frameworks/MetalPerformanceShaders.framework/Versions/A/MetalPerformanceShaders
0x0000000007737000 	/System/Library/Frameworks/Accelerate.framework/Versions/A/Frameworks/vImage.framework/Versions/A/vImage
0x0000000007737000 	/System/Library/Frameworks/Accelerate.framework/Versions/A/Frameworks/vecLib.framework/Versions/A/vecLib
0x0000000007737000 	/System/Library/Frameworks/Accelerate.framework/Versions/A/Frameworks/vecLib.framework/Versions/A/libvMisc.dylib
0x0000000007737000 	/System/Library/Frameworks/Accelerate.framework/Versions/A/Frameworks/vecLib.framework/Versions/A/libvDSP.dylib
0x0000000007737000 	/System/Library/Frameworks/Accelerate.framework/Versions/A/Frameworks/vecLib.framework/Versions/A/libBLAS.dylib
0x0000000007737000 	/System/Library/Frameworks/Accelerate.framework/Versions/A/Frameworks/vecLib.framework/Versions/A/libLAPACK.dylib
0x0000000007737000 	/System/Library/Frameworks/Accelerate.framework/Versions/A/Frameworks/vecLib.framework/Versions/A/libLinearAlgebra.dylib
0x0000000007737000 	/System/Library/Frameworks/Accelerate.framework/Versions/A/Frameworks/vecLib.framework/Versions/A/libSparseBLAS.dylib
0x0000000007737000 	/System/Library/Frameworks/Accelerate.framework/Versions/A/Frameworks/vecLib.framework/Versions/A/libQuadrature.dylib
0x0000000007737000 	/System/Library/Frameworks/Accelerate.framework/Versions/A/Frameworks/vecLib.framework/Versions/A/libBNNS.dylib
0x0000000007737000 	/System/Library/Frameworks/Accelerate.framework/Versions/A/Frameworks/vecLib.framework/Versions/A/libSparse.dylib
0x0000000007737000 	/System/Library/PrivateFrameworks/GPUWrangler.framework/Versions/A/GPUWrangler
0x0000000007737000 	/System/Library/PrivateFrameworks/IOAccelerator.framework/Versions/A/IOAccelerator
0x0000000007737000 	/System/Library/PrivateFrameworks/IOPresentment.framework/Versions/A/IOPresentment
0x0000000007737000 	/System/Library/PrivateFrameworks/DSExternalDisplay.framework/Versions/A/DSExternalDisplay
0x0000000007737000 	/System/Library/Frameworks/OpenGL.framework/Versions/A/Libraries/libCoreFSCache.dylib
0x0000000007737000 	/System/Library/Frameworks/MetalPerformanceShaders.framework/Frameworks/MPSCore.framework/Versions/A/MPSCore
0x0000000007737000 	/System/Library/Frameworks/MetalPerformanceShaders.framework/Frameworks/MPSImage.framework/Versions/A/MPSImage
0x0000000007737000 	/System/Library/Frameworks/MetalPerformanceShaders.framework/Frameworks/MPSNeuralNetwork.framework/Versions/A/MPSNeuralNetwork
0x0000000007737000 	/System/Library/Frameworks/MetalPerformanceShaders.framework/Frameworks/MPSMatrix.framework/Versions/A/MPSMatrix
0x0000000007737000 	/System/Library/Frameworks/MetalPerformanceShaders.framework/Frameworks/MPSRayIntersector.framework/Versions/A/MPSRayIntersector
0x0000000007737000 	/System/Library/PrivateFrameworks/MetalTools.framework/Versions/A/MetalTools
0x0000000007737000 	/System/Library/PrivateFrameworks/AggregateDictionary.framework/Versions/A/AggregateDictionary
0x0000000007737000 	/usr/lib/libMobileGestalt.dylib
0x0000000007737000 	/System/Library/Frameworks/CoreVideo.framework/Versions/A/CoreVideo
0x0000000007737000 	/System/Library/PrivateFrameworks/GraphVisualizer.framework/Versions/A/GraphVisualizer
0x0000000007737000 	/System/Library/PrivateFrameworks/FaceCore.framework/Versions/A/FaceCore
0x0000000007737000 	/System/Library/Frameworks/OpenCL.framework/Versions/A/OpenCL
0x0000000007737000 	/usr/lib/libFosl_dynamic.dylib
0x0000000007737000 	/System/Library/PrivateFrameworks/OTSVG.framework/Versions/A/OTSVG
0x0000000007737000 	/System/Library/Frameworks/ApplicationServices.framework/Versions/A/Frameworks/ATS.framework/Versions/A/Resources/libFontParser.dylib
0x0000000007737000 	/System/Library/Frameworks/ApplicationServices.framework/Versions/A/Frameworks/ATS.framework/Versions/A/Resources/libFontRegistry.dylib
0x0000000007737000 	/System/Library/Frameworks/ImageIO.framework/Versions/A/Resources/libJPEG.dylib
0x0000000007737000 	/System/Library/Frameworks/ImageIO.framework/Versions/A/Resources/libTIFF.dylib
0x0000000007737000 	/System/Library/Frameworks/ImageIO.framework/Versions/A/Resources/libPng.dylib
0x0000000007737000 	/System/Library/Frameworks/ImageIO.framework/Versions/A/Resources/libGIF.dylib
0x0000000007737000 	/System/Library/Frameworks/ImageIO.framework/Versions/A/Resources/libJP2.dylib
0x0000000007737000 	/System/Library/Frameworks/ImageIO.framework/Versions/A/Resources/libRadiance.dylib
0x0000000007737000 	/System/Library/PrivateFrameworks/AppleJPEG.framework/Versions/A/AppleJPEG
0x0000000007737000 	/System/Library/Frameworks/OpenGL.framework/Versions/A/Libraries/libGFXShared.dylib
0x0000000007737000 	/System/Library/Frameworks/OpenGL.framework/Versions/A/Libraries/libGLU.dylib
0x0000000007737000 	/System/Library/Frameworks/OpenGL.framework/Versions/A/Libraries/libGL.dylib
0x0000000007737000 	/System/Library/Frameworks/OpenGL.framework/Versions/A/Libraries/libGLImage.dylib
0x0000000007737000 	/System/Library/Frameworks/OpenGL.framework/Versions/A/Libraries/libCVMSPluginSupport.dylib
0x0000000007737000 	/System/Library/Frameworks/OpenGL.framework/Versions/A/Libraries/libCoreVMClient.dylib
0x0000000007737000 	/usr/lib/libcups.2.dylib
0x0000000007737000 	/System/Library/Frameworks/Kerberos.framework/Versions/A/Kerberos
0x0000000007737000 	/System/Library/Frameworks/GSS.framework/Versions/A/GSS
0x0000000007737000 	/usr/lib/libresolv.9.dylib
0x0000000007737000 	/usr/lib/libiconv.2.dylib
0x0000000007737000 	/System/Library/PrivateFrameworks/Heimdal.framework/Versions/A/Heimdal
0x0000000007737000 	/usr/lib/libheimdal-asn1.dylib
0x0000000007737000 	/System/Library/Frameworks/OpenDirectory.framework/Versions/A/OpenDirectory
0x0000000007737000 	/System/Library/PrivateFrameworks/CommonAuth.framework/Versions/A/CommonAuth
0x0000000007737000 	/System/Library/Frameworks/OpenDirectory.framework/Versions/A/Frameworks/CFOpenDirectory.framework/Versions/A/CFOpenDirectory
0x0000000007737000 	/System/Library/Frameworks/SecurityFoundation.framework/Versions/A/SecurityFoundation
0x0000000007737000 	/System/Library/PrivateFrameworks/APFS.framework/Versions/A/APFS
0x0000000007737000 	/usr/lib/libutil.dylib
0x0000000007737000 	/usr/lib/libcharset.1.dylib
0x0000000007737000 	/System/Library/PrivateFrameworks/AppleSauce.framework/Versions/A/AppleSauce
0x0000000007737000 	/System/Library/PrivateFrameworks/AssertionServices.framework/Versions/A/AssertionServices
0x0000000007737000 	/System/Library/PrivateFrameworks/BaseBoard.framework/Versions/A/BaseBoard
0x0000000007737000 	/usr/lib/libmecab.1.0.0.dylib
0x0000000007737000 	/usr/lib/libgermantok.dylib
0x0000000007737000 	/usr/lib/libThaiTokenizer.dylib
0x0000000007737000 	/usr/lib/libChineseTokenizer.dylib
0x0000000007737000 	/System/Library/PrivateFrameworks/LanguageModeling.framework/Versions/A/LanguageModeling
0x0000000007737000 	/System/Library/PrivateFrameworks/CoreEmoji.framework/Versions/A/CoreEmoji
0x0000000007737000 	/System/Library/PrivateFrameworks/Lexicon.framework/Versions/A/Lexicon
0x0000000007737000 	/System/Library/PrivateFrameworks/LinguisticData.framework/Versions/A/LinguisticData
0x0000000007737000 	/usr/lib/libcmph.dylib
0x0000000007737000 	/System/Library/Frameworks/ServiceManagement.framework/Versions/A/ServiceManagement
0x0000000007737000 	/System/Library/PrivateFrameworks/BackgroundTaskManagement.framework/Versions/A/BackgroundTaskManagement
0x0000000007737000 	/usr/lib/libxslt.1.dylib
0x0000000007737000 	/System/Library/Frameworks/Carbon.framework/Versions/A/Frameworks/Ink.framework/Versions/A/Ink
0x0000000007737000 	/System/Library/PrivateFrameworks/TextureIO.framework/Versions/A/TextureIO
0x0000000007737000 	/usr/lib/libate.dylib
0x0000000007737000 	/System/Library/PrivateFrameworks/CrashReporterSupport.framework/Versions/A/CrashReporterSupport
0x0000000007737000 	/System/Library/PrivateFrameworks/Sharing.framework/Versions/A/Sharing
0x0000000007737000 	/System/Library/PrivateFrameworks/AuthKit.framework/Versions/A/AuthKit
0x0000000007737000 	/System/Library/PrivateFrameworks/Apple80211.framework/Versions/A/Apple80211
0x0000000007737000 	/System/Library/PrivateFrameworks/CoreUtils.framework/Versions/A/CoreUtils
0x0000000007737000 	/System/Library/Frameworks/CoreWLAN.framework/Versions/A/CoreWLAN
0x0000000007737000 	/System/Library/Frameworks/IOBluetooth.framework/Versions/A/IOBluetooth
0x0000000007737000 	/System/Library/PrivateFrameworks/ProtocolBuffer.framework/Versions/A/ProtocolBuffer
0x0000000007737000 	/System/Library/PrivateFrameworks/MobileKeyBag.framework/Versions/A/MobileKeyBag
0x0000000007737000 	/System/Library/PrivateFrameworks/CorePhoneNumbers.framework/Versions/A/CorePhoneNumbers
0x0000000007737000 	/System/Library/PrivateFrameworks/AppleIDAuthSupport.framework/Versions/A/AppleIDAuthSupport
0x0000000007737000 	/System/Library/PrivateFrameworks/KeychainCircle.framework/Versions/A/KeychainCircle
0x0000000007737000 	/System/Library/PrivateFrameworks/ROCKit.framework/Versions/A/ROCKit
0x0000000007737000 	/System/Library/PrivateFrameworks/CoreWiFi.framework/Versions/A/CoreWiFi
0x0000000007737000 	/System/Library/Frameworks/CoreBluetooth.framework/Versions/A/CoreBluetooth
0x0000000007737000 	/System/Library/PrivateFrameworks/DebugSymbols.framework/Versions/A/DebugSymbols
0x0000000007737000 	/System/Library/PrivateFrameworks/CoreSymbolication.framework/Versions/A/CoreSymbolication
0x0000000007737000 	/System/Library/PrivateFrameworks/Symbolication.framework/Versions/A/Symbolication
0x0000000007737000 	/System/Library/PrivateFrameworks/SpeechRecognitionCore.framework/Versions/A/SpeechRecognitionCore
0x0000000109c00000 	/Library/Java/JavaVirtualMachines/jdk1.8.0_72.jdk/Contents/Home/jre/lib/server/libjvm.dylib
0x0000000007737000 	/usr/lib/libstdc++.6.dylib
0x000000010922b000 	/Library/Java/JavaVirtualMachines/jdk1.8.0_72.jdk/Contents/Home/jre/lib/libverify.dylib
0x0000000109239000 	/Library/Java/JavaVirtualMachines/jdk1.8.0_72.jdk/Contents/Home/jre/lib/libjava.dylib
0x000000010926f000 	/Library/Java/JavaVirtualMachines/jdk1.8.0_72.jdk/Contents/Home/jre/lib/libinstrument.dylib
0x000000010930d000 	/Library/Java/JavaVirtualMachines/jdk1.8.0_72.jdk/Contents/Home/jre/lib/libzip.dylib
0x0000000007737000 	/System/Library/Frameworks/JavaVM.framework/Versions/A/Frameworks/JavaRuntimeSupport.framework/Versions/A/JavaRuntimeSupport
0x0000000007737000 	/System/Library/Frameworks/JavaVM.framework/Versions/A/Frameworks/JavaNativeFoundation.framework/Versions/A/JavaNativeFoundation
0x0000000007737000 	/System/Library/Frameworks/JavaVM.framework/Versions/A/JavaVM
0x0000000007737000 	/System/Library/Frameworks/Carbon.framework/Versions/A/Carbon
0x0000000007737000 	/System/Library/PrivateFrameworks/JavaLaunching.framework/Versions/A/JavaLaunching
0x0000000007737000 	/System/Library/Frameworks/Carbon.framework/Versions/A/Frameworks/CommonPanels.framework/Versions/A/CommonPanels
0x0000000007737000 	/System/Library/Frameworks/Carbon.framework/Versions/A/Frameworks/Help.framework/Versions/A/Help
0x0000000007737000 	/System/Library/Frameworks/Carbon.framework/Versions/A/Frameworks/ImageCapture.framework/Versions/A/ImageCapture
0x0000000007737000 	/System/Library/Frameworks/Carbon.framework/Versions/A/Frameworks/OpenScripting.framework/Versions/A/OpenScripting
0x0000000007737000 	/System/Library/Frameworks/Carbon.framework/Versions/A/Frameworks/Print.framework/Versions/A/Print
0x0000000007737000 	/System/Library/Frameworks/Carbon.framework/Versions/A/Frameworks/SecurityHI.framework/Versions/A/SecurityHI
0x000000012201b000 	/Library/Java/JavaVirtualMachines/jdk1.8.0_72.jdk/Contents/Home/jre/lib/libnet.dylib
0x000000012207a000 	/private/var/folders/vz/rh1pyv1s6mbcjdxwmkysgcrh0000gn/T/libgdxCindy/25a8e9fb/libgdx64.dylib
0x0000000122253000 	/Library/Java/JavaVirtualMachines/jdk1.8.0_72.jdk/Contents/Home/jre/lib/libawt.dylib
0x00000001222fb000 	/Library/Java/JavaVirtualMachines/jdk1.8.0_72.jdk/Contents/Home/jre/lib/./libmlib_image.dylib
0x00000001223c7000 	/Library/Java/JavaVirtualMachines/jdk1.8.0_72.jdk/Contents/Home/jre/lib/libawt_lwawt.dylib
0x000000012247c000 	/Library/Java/JavaVirtualMachines/jdk1.8.0_72.jdk/Contents/Home/jre/lib/./libosxapp.dylib
0x0000000007737000 	/System/Library/Frameworks/ExceptionHandling.framework/Versions/A/ExceptionHandling
0x0000000007737000 	/System/Library/PrivateFrameworks/CoreServicesInternal.framework/Versions/A/CoreServicesInternal
0x0000000007737000 	/System/Library/CoreServices/RawCamera.bundle/Contents/MacOS/RawCamera
0x0000000007737000 	/System/Library/PrivateFrameworks/MobileAsset.framework/Versions/A/MobileAsset
0x0000000007737000 	/System/Library/PrivateFrameworks/StreamingZip.framework/Versions/A/StreamingZip
0x0000000007737000 	/System/Library/Frameworks/MediaToolbox.framework/Versions/A/MediaToolbox
0x0000000007737000 	/System/Library/PrivateFrameworks/CoreAVCHD.framework/Versions/A/CoreAVCHD
0x0000000007737000 	/System/Library/Frameworks/MediaAccessibility.framework/Versions/A/MediaAccessibility
0x0000000007737000 	/System/Library/PrivateFrameworks/Mangrove.framework/Versions/A/Mangrove
0x0000000007737000 	/System/Library/Frameworks/CoreMedia.framework/Versions/A/CoreMedia
0x0000000007737000 	/System/Library/Frameworks/VideoToolbox.framework/Versions/A/VideoToolbox
0x0000000007737000 	/System/Library/PrivateFrameworks/CoreAUC.framework/Versions/A/CoreAUC
0x0000000007737000 	/usr/lib/libspindump.dylib
0x0000000007737000 	/System/Library/PrivateFrameworks/AppleVA.framework/Versions/A/AppleVA
0x0000000007737000 	/System/Library/Frameworks/Accelerate.framework/Versions/A/Frameworks/vImage.framework/Versions/A/Libraries/libCGInterfaces.dylib
0x0000000007737000 	/System/Library/Frameworks/ApplicationServices.framework/Versions/A/Frameworks/ATS.framework/Versions/A/Resources/libTrueTypeScaler.dylib
0x0000000007737000 	/System/Library/Extensions/AppleIntelBDWGraphicsMTLDriver.bundle/Contents/MacOS/AppleIntelBDWGraphicsMTLDriver
0x0000000007737000 	/System/Library/PrivateFrameworks/GPUCompiler.framework/Versions/3902/Libraries/libmetal_timestamp.dylib
0x0000000007737000 	/System/Library/PrivateFrameworks/FamilyControls.framework/Versions/A/FamilyControls
0x0000000007737000 	/System/Library/PrivateFrameworks/CommerceKit.framework/Versions/A/Frameworks/CommerceCore.framework/Versions/A/CommerceCore
0x0000000007737000 	/System/Library/PrivateFrameworks/SystemAdministration.framework/Versions/A/SystemAdministration
0x0000000007737000 	/System/Library/PrivateFrameworks/AppContainer.framework/Versions/A/AppContainer
0x0000000007737000 	/System/Library/PrivateFrameworks/AppSandbox.framework/Versions/A/AppSandbox
0x0000000007737000 	/System/Library/PrivateFrameworks/SecCodeWrapper.framework/Versions/A/SecCodeWrapper
0x0000000007737000 	/usr/lib/libsandbox.1.dylib
0x0000000007737000 	/usr/lib/libMatch.1.dylib
0x0000000007737000 	/System/Library/PrivateFrameworks/DiskManagement.framework/Versions/A/DiskManagement
0x0000000007737000 	/System/Library/Frameworks/DirectoryService.framework/Versions/A/DirectoryService
0x0000000007737000 	/System/Library/PrivateFrameworks/DiskImages.framework/Versions/A/DiskImages
0x0000000007737000 	/System/Library/PrivateFrameworks/LoginUIKit.framework/Versions/A/Frameworks/LoginUICore.framework/Versions/A/LoginUICore
0x0000000007737000 	/usr/lib/libCoreStorage.dylib
0x0000000007737000 	/usr/lib/libcsfde.dylib
0x0000000007737000 	/usr/lib/libodfde.dylib
0x0000000007737000 	/System/Library/PrivateFrameworks/MediaKit.framework/Versions/A/MediaKit
0x0000000007737000 	/System/Library/Frameworks/DiscRecording.framework/Versions/A/DiscRecording
0x0000000007737000 	/System/Library/PrivateFrameworks/EFILogin.framework/Versions/A/EFILogin
0x0000000007737000 	/System/Library/PrivateFrameworks/ProtectedCloudStorage.framework/Versions/A/ProtectedCloudStorage
0x0000000007737000 	/usr/lib/libcurl.4.dylib
0x0000000007737000 	/usr/lib/libcrypto.42.dylib
0x0000000007737000 	/usr/lib/libssl.44.dylib
0x0000000007737000 	/System/Library/Frameworks/LDAP.framework/Versions/A/LDAP
0x0000000007737000 	/System/Library/PrivateFrameworks/TrustEvaluationAgent.framework/Versions/A/TrustEvaluationAgent
0x0000000007737000 	/usr/lib/libsasl2.2.dylib
0x0000000007737000 	/System/Library/PrivateFrameworks/CoreDaemon.framework/Versions/B/CoreDaemon
0x0000000007737000 	/System/Library/PrivateFrameworks/AppleSRP.framework/Versions/A/AppleSRP
0x0000000007737000 	/System/Library/PrivateFrameworks/ViewBridge.framework/Versions/A/ViewBridge
0x0000000125464000 	/Library/Java/JavaVirtualMachines/jdk1.8.0_72.jdk/Contents/Home/jre/lib/libfontmanager.dylib
0x00000001254cb000 	/private/var/folders/vz/rh1pyv1s6mbcjdxwmkysgcrh0000gn/T/libgdxCindy/f7649394/liblwjgl.dylib
0x000000012286b000 	/Library/Java/JavaVirtualMachines/jdk1.8.0_72.jdk/Contents/Home/jre/lib/libjawt.dylib
0x000000012554d000 	/var/folders/vz/rh1pyv1s6mbcjdxwmkysgcrh0000gn/T/libgdxCindy/f7649394/openal.dylib
0x00000001255e0000 	/System/Library/Components/CoreAudio.component/Contents/MacOS/CoreAudio
0x0000000125824000 	/System/Library/Extensions/AppleHDA.kext/Contents/PlugIns/AppleHDAHALPlugIn.bundle/Contents/MacOS/AppleHDAHALPlugIn
0x0000000007737000 	/System/Library/Frameworks/OpenGL.framework/Versions/A/Resources/GLEngine.bundle/GLEngine
0x0000000007737000 	/System/Library/Frameworks/OpenGL.framework/Versions/A/Libraries/libGLProgrammability.dylib
0x0000000007737000 	/System/Library/Extensions/AppleIntelBDWGraphicsGLDriver.bundle/Contents/MacOS/AppleIntelBDWGraphicsGLDriver
0x0000000007737000 	/System/Library/PrivateFrameworks/GPUSupport.framework/Versions/A/Libraries/libGPUSupportMercury.dylib
0x0000000007737000 	/System/Library/Frameworks/OpenGL.framework/Versions/A/Resources/GLRendererFloat.bundle/GLRendererFloat
0x0000000007737000 	/System/Library/Frameworks/OpenCL.framework/Versions/A/Libraries/libcldcpuengine.dylib
0x0000000007737000 	/usr/lib/libcrypto.35.dylib
0x0000000126724000 	/private/var/folders/vz/rh1pyv1s6mbcjdxwmkysgcrh0000gn/T/libgdxCindy/c6e99639/libgdx-controllers-desktop64.dylib
0x0000000126c93000 	/private/var/folders/vz/rh1pyv1s6mbcjdxwmkysgcrh0000gn/T/libgdxCindy/816b5a05/libgdx-box2d64.dylib
0x00000001262c2000 	/private/var/folders/vz/rh1pyv1s6mbcjdxwmkysgcrh0000gn/T/libgdxCindy/d1927f43/libgdx-freetype64.dylib
0x0000000007737000 	/System/Library/PrivateFrameworks/login.framework/Versions/A/login

VM Arguments:
jvm_args: -javaagent:/Applications/IntelliJ IDEA CE.app/Contents/lib/idea_rt.jar=58608:/Applications/IntelliJ IDEA CE.app/Contents/bin -Dfile.encoding=UTF-8 
java_command: edu.cornell.gdiac.physics.desktop.DesktopLauncher
java_class_path (initial): /Library/Java/JavaVirtualMachines/jdk1.8.0_72.jdk/Contents/Home/jre/lib/charsets.jar:/Library/Java/JavaVirtualMachines/jdk1.8.0_72.jdk/Contents/Home/jre/lib/deploy.jar:/Library/Java/JavaVirtualMachines/jdk1.8.0_72.jdk/Contents/Home/jre/lib/ext/cldrdata.jar:/Library/Java/JavaVirtualMachines/jdk1.8.0_72.jdk/Contents/Home/jre/lib/ext/dnsns.jar:/Library/Java/JavaVirtualMachines/jdk1.8.0_72.jdk/Contents/Home/jre/lib/ext/jaccess.jar:/Library/Java/JavaVirtualMachines/jdk1.8.0_72.jdk/Contents/Home/jre/lib/ext/jfxrt.jar:/Library/Java/JavaVirtualMachines/jdk1.8.0_72.jdk/Contents/Home/jre/lib/ext/localedata.jar:/Library/Java/JavaVirtualMachines/jdk1.8.0_72.jdk/Contents/Home/jre/lib/ext/nashorn.jar:/Library/Java/JavaVirtualMachines/jdk1.8.0_72.jdk/Contents/Home/jre/lib/ext/sunec.jar:/Library/Java/JavaVirtualMachines/jdk1.8.0_72.jdk/Contents/Home/jre/lib/ext/sunjce_provider.jar:/Library/Java/JavaVirtualMachines/jdk1.8.0_72.jdk/Contents/Home/jre/lib/ext/sunpkcs11.jar:/Library/Java/JavaVirtualMachines/jdk1.8.0_72.jdk/Contents/Home/jre/lib/ext/zipfs.jar:/Library/Java/JavaVirtualMachines/jdk1.8.0_72.jdk/Contents/Home/jre/lib/javaws.jar:/Library/Java/JavaVirtualMachines/jdk1.8.0_72.jdk/Contents/Home/jre/lib/jce.jar:/Library/Java/JavaVirtualMachines/jdk1.8.0_72.jdk/Contents/Home/jre/lib/jfr.jar:/Library/Java/JavaVirtualMachines/jdk1.8.0_72.jdk/Contents/Home/jre/lib/jfxswt.jar:/Library/Java/JavaVirtualMachines/jdk1.8.0_72.jdk/Contents/Home/jre/lib/jsse.jar:/Library/Java/JavaVirtualMachines/jdk1.8.0_72.jdk/Contents/Home/jre/lib/management-agent.jar:/Library/Java/JavaVirtualMachines/jdk1.8.0_72.jdk/Contents/Home/jre/lib/plugin.jar:/Library/Java/JavaVirtualMachines/jdk1.8.0_72.jdk/Contents/Home/jre/lib/resources.jar:/Library/Java/JavaVirtualMachines/jdk1.8.0_72.jdk/Contents/Home/jre/lib/rt.jar:/Library/Java/JavaVirtualMachines/jdk1.8.0_72.jdk/Contents/Home/lib/ant-javafx.jar:/Library/Java/JavaVirtualMachines/jdk1.8.0_72.jdk/Contents/Home/lib/dt.jar:/Library/Ja
Launcher Type: SUN_STANDARD

Environment Variables:
PATH=/anaconda2/bin:/Library/Frameworks/Python.framework/Versions/3.5/bin:/Library/Frameworks/Python.framework/Versions/3.5/bin:/Users/Cindy/.opam/4.05.0/bin:/opt/local/bin:/opt/local/sbin:/usr/local/bin:/Library/Frameworks/Python.framework/Versions/2.7/bin:/usr/local/bin:/usr/bin:/bin:/usr/sbin:/sbin:/Library/TeX/texbin:/opt/X11/bin:/Library/Frameworks/Mono.framework/Versions/Current/Commands:/usr/texbin
SHELL=/bin/bash
DISPLAY=/private/tmp/com.apple.launchd.P9X3X0TJz9/org.macosforge.xquartz:0

Signal Handlers:
SIGSEGV: [libjvm.dylib+0x5a6855], sa_mask[0]=11111111011111110111111111111111, sa_flags=SA_ONSTACK|SA_RESTART|SA_SIGINFO
SIGBUS: [libjvm.dylib+0x5a6855], sa_mask[0]=11111111011111110111111111111111, sa_flags=SA_RESTART|SA_SIGINFO
SIGFPE: [libjvm.dylib+0x4804ec], sa_mask[0]=11111111011111110111111111111111, sa_flags=SA_RESTART|SA_SIGINFO
SIGPIPE: [libjvm.dylib+0x4804ec], sa_mask[0]=11111111011111110111111111111111, sa_flags=SA_RESTART|SA_SIGINFO
SIGXFSZ: [libjvm.dylib+0x4804ec], sa_mask[0]=11111111011111110111111111111111, sa_flags=SA_RESTART|SA_SIGINFO
SIGILL: [libjvm.dylib+0x4804ec], sa_mask[0]=11111111011111110111111111111111, sa_flags=SA_RESTART|SA_SIGINFO
SIGUSR1: SIG_DFL, sa_mask[0]=00000000000000000000000000000000, sa_flags=none
SIGUSR2: [libjvm.dylib+0x48000a], sa_mask[0]=00100000000000000000000000000000, sa_flags=SA_RESTART|SA_SIGINFO
SIGHUP: [libjvm.dylib+0x47e5e1], sa_mask[0]=11111111011111110111111111111111, sa_flags=SA_RESTART|SA_SIGINFO
SIGINT: [libjvm.dylib+0x47e5e1], sa_mask[0]=11111111011111110111111111111111, sa_flags=SA_RESTART|SA_SIGINFO
SIGTERM: [libjvm.dylib+0x47e5e1], sa_mask[0]=11111111011111110111111111111111, sa_flags=SA_RESTART|SA_SIGINFO
SIGQUIT: [libjvm.dylib+0x47e5e1], sa_mask[0]=11111111011111110111111111111111, sa_flags=SA_RESTART|SA_SIGINFO


---------------  S Y S T E M  ---------------

OS:Bsduname:Darwin 18.0.0 Darwin Kernel Version 18.0.0: Wed Aug 22 20:13:40 PDT 2018; root:xnu-4903.201.2~1/RELEASE_X86_64 x86_64
rlimit: STACK 8192k, CORE 0k, NPROC 709, NOFILE 10240, AS infinity
load average:6.88 4.77 5.15

CPU:total 4 (2 cores per cpu, 2 threads per core) family 6 model 61 stepping 4, cmov, cx8, fxsr, mmx, sse, sse2, sse3, ssse3, sse4.1, sse4.2, popcnt, avx, avx2, aes, clmul, erms, 3dnowpref, lzcnt, ht, tsc, tscinvbit, bmi1, bmi2, adx

Memory: 4k page, physical 8388608k(53244k free)

/proc/meminfo:


vm_info: Java HotSpot(TM) 64-Bit Server VM (25.72-b15) for bsd-amd64 JRE (1.8.0_72-b15), built on Dec 22 2015 15:43:34 by "java_re" with gcc 4.2.1 (Based on Apple Inc. build 5658) (LLVM build 2336.11.00)

time: Sat Mar  2 17:21:02 2019
elapsed time: 44 seconds (0d 0h 0m 44s)

